)))- Resetting all configurations to standard regression test set (output to Tests/HistoricalRegressionTestResults/REGRESSION-TESTS-Windows_VS2k19-2.1d20-OUT.txt) - started at Fri, Mar  8, 2019  9:23:09 PM
)))- REGRESSION TEST CONFIGURATION VARIABLES:
)))-     USE_TEST_BASENAME=Windows_VS2k19
)))-     BUILD_CONFIGURATIONS_MAKEFILE_TARGET=default-configurations
)))-     PARALELLMAKEFLAG=-j10
)))-     CONTINUE=0
)))-     BUILD_EXTRA_COMPILERS_IF_MISSING=0
)))-     RASPBERRYPI_REMOTE_WITH_LOGIN=lewis@raspberrypi
)))-     ARM_TEST_MACHINE_AVAIL=0
)))-     uname=CYGWIN_NT-10.0  2.9.0(0.318/5/3) 2017-09-12 10:18 x86_64 Cygwin
)))-     GIT COMMIT: v2.1d19-5-gfb8d09662

Making default configurations:
   Writing "ConfigurationFiles/Debug-U-32.xml" ... done
   Writing "ConfigurationFiles/Debug-U-64.xml" ... done
   Writing "ConfigurationFiles/Release-DbgMemLeaks-U-32.xml" ... done
   Writing "ConfigurationFiles/Release-Logging-U-32.xml" ... done
   Writing "ConfigurationFiles/Release-Logging-U-64.xml" ... done
   Writing "ConfigurationFiles/Release-U-32.xml" ... done
   Writing "ConfigurationFiles/Release-U-64.xml" ... done


)))- REGRESSION TEST CONFIGURATION VARIABLES(UPDATES):
)))-     NUM_REGTESTS=50
)))-     NUM_CONFIGURATIONS=7
)))-     NUM_PASSES_OF_REGTESTS_RUN=7
)))-     INCLUDE_VALGRIND_MEMCHECK_TESTS=0
)))-     INCLUDE_VALGRIND_HELGRIND_TESTS=0
)))-     INCLUDE_LOCAL_TESTS=1
)))-     INCLUDE_RASPBERRYPI_TESTS=0
)))-     RASPBERRYPICONFIGS=
)))-     RASPBERRYPIVALGRINDCONFIGS=
)))-     LOCAL_CONFIGS=
)))-     LOCAL_VALGRIND_CONFIGS=
)))-     INCLUDE_PERFORMANCE_TESTS=1



)))- Building configurations (7):
   Debug-U-32
   Debug-U-64
   Release-DbgMemLeaks-U-32
   Release-Logging-U-32
   Release-Logging-U-64
   Release-U-32
   Release-U-64


Make clobber
Stroika Clobber:
   Stroika/ThirdPartyComponents Clobber:
   Stroika Clobber {Debug-U-32}:
      Stroika/ThirdPartyComponents Clobber {Debug-U-32}:
      Stroika/Library Clobber {Debug-U-32} ... done
      Stroika/Samples Clobber {Debug-U-32}:
   Stroika Clobber {Debug-U-64}:
      Stroika/ThirdPartyComponents Clobber {Debug-U-64}:
      Stroika/Library Clobber {Debug-U-64} ... done
      Stroika/Samples Clobber {Debug-U-64}:
   Stroika Clobber {Release-DbgMemLeaks-U-32}:
      Stroika/ThirdPartyComponents Clobber {Release-DbgMemLeaks-U-32}:
      Stroika/Library Clobber {Release-DbgMemLeaks-U-32} ... done
      Stroika/Samples Clobber {Release-DbgMemLeaks-U-32}:
   Stroika Clobber {Release-Logging-U-32}:
      Stroika/ThirdPartyComponents Clobber {Release-Logging-U-32}:
      Stroika/Library Clobber {Release-Logging-U-32} ... done
      Stroika/Samples Clobber {Release-Logging-U-32}:
   Stroika Clobber {Release-Logging-U-64}:
      Stroika/ThirdPartyComponents Clobber {Release-Logging-U-64}:
      Stroika/Library Clobber {Release-Logging-U-64} ... done
      Stroika/Samples Clobber {Release-Logging-U-64}:
   Stroika Clobber {Release-U-32}:
      Stroika/ThirdPartyComponents Clobber {Release-U-32}:
      Stroika/Library Clobber {Release-U-32} ... done
      Stroika/Samples Clobber {Release-U-32}:
   Stroika Clobber {Release-U-64}:
      Stroika/ThirdPartyComponents Clobber {Release-U-64}:
      Stroika/Library Clobber {Release-U-64} ... done
      Stroika/Samples Clobber {Release-U-64}:


)))- Make all (-j10)...
Checking for installed tools:
   sed is /usr/bin/sed
   wget is /usr/bin/wget
   perl is /usr/bin/perl
   tar is /usr/bin/tar
   patch is /usr/bin/patch
   tr is /usr/bin/tr
   pkg-config is /usr/bin/pkg-config
   realpath is /usr/bin/realpath
   dos2unix is /usr/bin/dos2unix
   unix2dos is /usr/bin/unix2dos
Checking Prerequisites for Stroika:
   Applying configuration {Debug-U-32}:
      Writing "IntermediateFiles/Debug-U-32/Stroika-Current-Configuration.h" ... done
      Writing "IntermediateFiles/Debug-U-32/Configuration.mk" ... done
      Writing "IntermediateFiles/Debug-U-32/Stroika-Current-Version.h" ... done
   Applying configuration {Debug-U-64}:
      Writing "IntermediateFiles/Debug-U-64/Stroika-Current-Configuration.h" ... done
      Writing "IntermediateFiles/Debug-U-64/Configuration.mk" ... done
      Writing "IntermediateFiles/Debug-U-64/Stroika-Current-Version.h" ... done
   Applying configuration {Release-DbgMemLeaks-U-32}:
      Writing "IntermediateFiles/Release-DbgMemLeaks-U-32/Stroika-Current-Configuration.h" ... done
      Writing "IntermediateFiles/Release-DbgMemLeaks-U-32/Configuration.mk" ... done
      Writing "IntermediateFiles/Release-DbgMemLeaks-U-32/Stroika-Current-Version.h" ... done
   Applying configuration {Release-Logging-U-32}:
      Writing "IntermediateFiles/Release-Logging-U-32/Stroika-Current-Configuration.h" ... done
      Writing "IntermediateFiles/Release-Logging-U-32/Configuration.mk" ... done
      Writing "IntermediateFiles/Release-Logging-U-32/Stroika-Current-Version.h" ... done
   Applying configuration {Release-Logging-U-64}:
      Writing "IntermediateFiles/Release-Logging-U-64/Stroika-Current-Configuration.h" ... done
      Writing "IntermediateFiles/Release-Logging-U-64/Configuration.mk" ... done
      Writing "IntermediateFiles/Release-Logging-U-64/Stroika-Current-Version.h" ... done
   Applying configuration {Release-U-32}:
      Writing "IntermediateFiles/Release-U-32/Stroika-Current-Configuration.h" ... done
      Writing "IntermediateFiles/Release-U-32/Configuration.mk" ... done
      Writing "IntermediateFiles/Release-U-32/Stroika-Current-Version.h" ... done
   Applying configuration {Release-U-64}:
      Writing "IntermediateFiles/Release-U-64/Stroika-Current-Configuration.h" ... done
      Writing "IntermediateFiles/Release-U-64/Configuration.mk" ... done
      Writing "IntermediateFiles/Release-U-64/Stroika-Current-Version.h" ... done
   Checking-Prerequisite Tools Stroika ThirdPartyComponents {Debug-U-32}:
      Checking Prerequisite tools for lzma ... done
      Checking Prerequisite tools for sqlite ... done
      Checking Prerequisite tools for Xerces ... done
      Checking Prerequisite tools for sqlite ... done
   Checking-Prerequisite Tools Stroika ThirdPartyComponents {Debug-U-64}:
      Checking Prerequisite tools for lzma ... done
      Checking Prerequisite tools for sqlite ... done
      Checking Prerequisite tools for Xerces ... done
      Checking Prerequisite tools for sqlite ... done
   Checking-Prerequisite Tools Stroika ThirdPartyComponents {Release-DbgMemLeaks-U-32}:
      Checking Prerequisite tools for lzma ... done
      Checking Prerequisite tools for sqlite ... done
      Checking Prerequisite tools for Xerces ... done
      Checking Prerequisite tools for sqlite ... done
   Checking-Prerequisite Tools Stroika ThirdPartyComponents {Release-Logging-U-32}:
      Checking Prerequisite tools for lzma ... done
      Checking Prerequisite tools for sqlite ... done
      Checking Prerequisite tools for Xerces ... done
      Checking Prerequisite tools for sqlite ... done
   Checking-Prerequisite Tools Stroika ThirdPartyComponents {Release-Logging-U-64}:
      Checking Prerequisite tools for lzma ... done
      Checking Prerequisite tools for sqlite ... done
      Checking Prerequisite tools for Xerces ... done
      Checking Prerequisite tools for sqlite ... done
   Checking-Prerequisite Tools Stroika ThirdPartyComponents {Release-U-32}:
      Checking Prerequisite tools for lzma ... done
      Checking Prerequisite tools for sqlite ... done
      Checking Prerequisite tools for Xerces ... done
      Checking Prerequisite tools for sqlite ... done
   Checking-Prerequisite Tools Stroika ThirdPartyComponents {Release-U-64}:
      Checking Prerequisite tools for lzma ... done
      Checking Prerequisite tools for sqlite ... done
      Checking Prerequisite tools for Xerces ... done
      Checking Prerequisite tools for sqlite ... done
Building Stroika all {Debug-U-32}:
   Stroika ThirdPartyComponents Build {Debug-U-32}:
      Stroika/ThirdPartyComponents/ActivePerl Build 5.26.0 {Debug-U-32}:
      Stroika/ThirdPartyComponents/WIX Build 311 {Debug-U-32}:
      Stroika/ThirdPartyComponents/lzma Build 1604 {Debug-U-32}:
      Stroika/ThirdPartyComponents/sqlite Build 3270200 {Debug-U-32}:
      Stroika/ThirdPartyComponents/zlib Build 1.2.8 {Debug-U-32}:
      Stroika/ThirdPartyComponents/xerces 3.2.2 Build {Debug-U-32}:
         lzma 1604 - Extracting ../Origs-Cache/lzma1604.7z to CURRENT ... 
         sqlite 3270200 - Extracting ../Origs-Cache/sqlite-amalgamation-3270200.zip to CURRENT ... 
         lzma 1604 - Extracting ../Origs-Cache/lzma1604.7z to IntermediateFiles/Debug-U-32/ThirdPartyComponents/lzma ... 
         zlib 1.2.8 - Extracting ../Origs-Cache/zlib-1.2.8.tar.gz to CURRENT ... 
         zlib 1.2.8 - Extracting ../Origs-Cache/zlib-1.2.8.tar.gz to IntermediateFiles/Debug-U-32/ThirdPartyComponents/zlib ... 
         Xerces 3.2.2 - Extracting ../Origs-Cache/xerces-c-3.2.2.tar.gz to CURRENT ... 
         Xerces 3.2.2 - Extracting ../Origs-Cache/xerces-c-3.2.2.tar.gz to IntermediateFiles/Debug-U-32/ThirdPartyComponents/Xerces ... 
         sqlite 3270200 - Extracting ../Origs-Cache/sqlite-amalgamation-3270200.zip to IntermediateFiles/Debug-U-32/ThirdPartyComponents/sqlite ... 
         sqlite 3270200 - Build ...
         zlib 1.2.8 - Patching IntermediateFiles/Debug-U-32/ThirdPartyComponents/zlib ... 
         zlib 1.2.8 - Build (see IntermediateFiles/Debug-U-32/ThirdPartyComponents/zlib//BUILD.OUT) ...
         Checking ...          Checking ...  Stroika/ThirdPartyComponents/sqlite -  [Succeeded]
 Stroika/ThirdPartyComponents/WIX -  [Succeeded]
         lzma 1604 - Build: see IntermediateFiles/Debug-U-32/ThirdPartyComponents/lzma/BUILD.OUT ...
         Checking ...  Stroika/ThirdPartyComponents/zlib -    [Succeeded]
      Stroika/ThirdPartyComponents/boost Build 1_69_0 {Debug-U-32}:
         boost 1_69_0 - Extracting ../Origs-Cache/boost_1_69_0.tar.gz to CURRENT ... 
         boost 1_69_0 - Extracting ../Origs-Cache/boost_1_69_0.tar.gz to IntermediateFiles/Debug-U-32/ThirdPartyComponents/boost ... 
         Checking ...  Stroika/ThirdPartyComponents/lzma -    [Succeeded]
         Xerces 3.2.2 - Patching ... 
         Xerces 3.2.2 - Patching ... 
         Xerces 3.2.2 - Configuring (See IntermediateFiles/Debug-U-32/ThirdPartyComponents/Xerces/CONFIGURE.OUT) ... 
      Stroika/ThirdPartyComponents/OpenSSL Build 1.1.1a {Debug-U-32}:
         openssl 1.1.1a - Extracting ../Origs-Cache/openssl-1.1.1a.tar.gz to CURRENT ... 
         openssl 1.1.1a - Extracting ../Origs-Cache/openssl-1.1.1a.tar.gz to IntermediateFiles/Debug-U-32/ThirdPartyComponents/openssl ... 
         openssl 1.1.1a - Configure (see IntermediateFiles/Debug-U-32/ThirdPartyComponents/openssl/CONFIG.OUT) ...  
         openssl 1.1.1a - Build (see IntermediateFiles/Debug-U-32/ThirdPartyComponents/openssl/BUILD.OUT)  ... 
         Xerces 3.2.2 - Compiling (See IntermediateFiles/Debug-U-32/ThirdPartyComponents/Xerces/BUILD.OUT) ... 
         Xerces 3.2.2 - Copying builds (See IntermediateFiles/Debug-U-32/ThirdPartyComponents/Xerces/INSTALL.OUT) ... 
         Checking ...  Stroika/ThirdPartyComponents/Xerces -  [Succeeded]
         boost 1_69_0 - Bootstrapping - see IntermediateFiles/Debug-U-32/ThirdPartyComponents/boost/BOOTSTRAP.OUT ... 
         boost 1_69_0 - Config+Build; see IntermediateFiles/Debug-U-32/ThirdPartyComponents/boost/ConfigureAndBuild.OUT ...
         openssl 1.1.1a - Installing (see IntermediateFiles/Debug-U-32/ThirdPartyComponents/openssl/INSTALL.OUT) ... 
         openssl 1.1.1a - Running tests (see IntermediateFiles/Debug-U-32/ThirdPartyComponents/openssl/TEST-OUT.txt) ...
         Patching Builds/Debug-U-32/ThirdPartyComponents/include/boost/config/user.hpp
         Checking ...  Stroika/ThirdPartyComponents/boost -   [Succeeded]
         Checking ...  Stroika/ThirdPartyComponents/OpenSSL - [Succeeded]
   Building Stroika Library {Debug-U-32}:
      Building Stroika-Foundation:
C:\Sandbox\Stroika\DevRoot\Library\Sources\Stroika\Foundation\DataExchange\InternetMediaTypeRegistry.cpp(242): warning C4100: 'includeMoreGeneralTypes': unreferenced formal parameter [C:\Sandbox\Stroika\DevRoot\Library\Projects\VisualStudio.Net-2019\Stroika-Foundation.vcxproj]
C:\Sandbox\Stroika\DevRoot\Library\Sources\Stroika\Foundation\DataExchange\Variant\CharacterDelimitedLines\Writer.cpp(40): warning C4100: 'v': unreferenced formal parameter [C:\Sandbox\Stroika\DevRoot\Library\Projects\VisualStudio.Net-2019\Stroika-Foundation.vcxproj]
C:\Sandbox\Stroika\DevRoot\Library\Sources\Stroika\Foundation\DataExchange\Variant\CharacterDelimitedLines\Writer.cpp(46): warning C4100: 'out': unreferenced formal parameter [C:\Sandbox\Stroika\DevRoot\Library\Projects\VisualStudio.Net-2019\Stroika-Foundation.vcxproj]
C:\Sandbox\Stroika\DevRoot\Library\Sources\Stroika\Foundation\DataExchange\Variant\CharacterDelimitedLines\Writer.cpp(46): warning C4100: 'v': unreferenced formal parameter [C:\Sandbox\Stroika\DevRoot\Library\Projects\VisualStudio.Net-2019\Stroika-Foundation.vcxproj]
C:\Sandbox\Stroika\DevRoot\Library\Sources\Stroika\Foundation\DataExchange\Variant\INI\Writer.cpp(34): warning C4100: 'out': unreferenced formal parameter [C:\Sandbox\Stroika\DevRoot\Library\Projects\VisualStudio.Net-2019\Stroika-Foundation.vcxproj]
C:\Sandbox\Stroika\DevRoot\Library\Sources\Stroika\Foundation\DataExchange\Variant\INI\Writer.cpp(34): warning C4100: 'v': unreferenced formal parameter [C:\Sandbox\Stroika\DevRoot\Library\Projects\VisualStudio.Net-2019\Stroika-Foundation.vcxproj]
C:\Sandbox\Stroika\DevRoot\Library\Sources\Stroika\Foundation\DataExchange\Variant\INI\Writer.cpp(38): warning C4100: 'out': unreferenced formal parameter [C:\Sandbox\Stroika\DevRoot\Library\Projects\VisualStudio.Net-2019\Stroika-Foundation.vcxproj]
C:\Sandbox\Stroika\DevRoot\Library\Sources\Stroika\Foundation\DataExchange\Variant\INI\Writer.cpp(38): warning C4100: 'v': unreferenced formal parameter [C:\Sandbox\Stroika\DevRoot\Library\Projects\VisualStudio.Net-2019\Stroika-Foundation.vcxproj]
      Building Stroika-Frameworks:
   Building Stroika Tools {Debug-U-32}:
               Building Stroika Tools-Frameworks-WebServer-HTMLViewCompiler...done
   Building Stroika Tests {Debug-U-32}:
      Test 01: Foundation::Caching:
      Test 02: Foundation::Characters::Strings:
      Test 03: Foundation::Configuration:
      Test 04: Foundation::Containers::DataStructures::Array:
      Test 05: Foundation::Containers::DataStructures::LinkedList:
      Test 06: Foundation::Containers::DataStructures::DoublyLinkedList:
      Test 07: Foundation::Containers::DataStructures::STLContainerWrapper:
      Test 08: Foundation::Containers::DataStructures::SkipList:
      Test 09: Foundation::Containers::Association:
      Test 10: Foundation::Containers::Bag:
      Test 11: Foundation::Containers::Bijection:
      Test 12: Foundation::Containers::Collection:
      Test 13: Foundation::Containers::DataHyperRectangle:
      Test 14: Foundation::Containers::Deque:
      Test 15: Foundation::Containers::KeyedCollection:
      Test 16: Foundation::Containers::Mapping:
      Test 17: Foundation::Containers::MultiSet:
      Test 18: Foundation::Containers::PriorityQueue:
      Test 19: Foundation::Containers::Queue:
      Test 20: Foundation::Containers::Sequence:
      Test 21: Foundation::Containers::Set:
      Test 22: Foundation::Containers::SortedAssociation:
      Test 23: Foundation::Containers::SortedCollection:
      Test 24: Foundation::Containers::SortedMapping:
      Test 25: Foundation::Containers::SortedMultiSet:
      Test 26: Foundation::Containers::SortedSet:
      Test 27: Foundation::Containers::Stack:
      Test 28: Foundation::Containers::STL:
      Test 29: Foundation::Cryptography:
      Test 30: Foundation::DataExchange::Reader/Writers(7z/CharacterDelimitedLines/INI/JSON/XML/Zip):
      Test 31: Foundation::DataExchange::ObjectVariantMapper:
      Test 32: Foundation::DataExchange::XML::SaxParser:
      Test 33: Foundation::DataExchange::Other:
      Test 34: Foundation::Database:
      Test 35: Foundation::Execution::Exceptions:
      Test 36: Foundation::Execution::ProcessRunner:
      Test 37: Foundation::Execution::Signals:
      Test 38: Foundation::Execution::Threads:
      Test 39: Foundation::Execution::ThreadSafetyBuiltinObject:
      Test 40: Foundation::Execution::Other:
      Test 41: Foundation::IO::Network:
      Test 42: Foundation::IO::Network::HTTP:
      Test 43: Foundation::IO::Network::Transfer:
      Test 44: Foundation::IO::Other:
      Test 45: Foundation::Math:
      Test 46: Foundation::Memory:
      Test 47: Foundation::Streams:
      Test 48: Foundation::Time:
      Test 49: Foundation::Traversal:
      Test 50: Foundation::PERFORMANCE:
   Building Stroika Samples {Debug-U-32}:
      Building Samples/ActiveLedIt:
      Building Samples/ArchiveUtility:
      Building Samples/Containers:
      Building Samples/LedIt:
      Building Samples/LedLineIt:
      Building Samples/Serialization:
      Building Samples/SimpleLedTest:
      Building Samples/Service:
         Building Installers:
            Building WIX installer: 
               temp files: IntermediateFiles/Debug-U-32/Samples-Service/WIX_TMP/; log: IntermediateFiles/Debug-U-32/Samples-Service/WIX-Installer-Build.Out...
               Built: Builds/Debug-U-32/Samples-Service/Stroika-SampleService-Windows-x86-Debug-U-32.msi
      Building Samples/SSDPClient:
      Building Samples/SSDPServer:
      Building Samples/SystemPerformanceClient:
      Building Samples/Traceroute:
      Building Samples/WebServer:
      Building Samples/WebService:
which: no doxygen in (/usr/local/bin:/usr/bin:/cygdrive/c/WINDOWS/system32:/cygdrive/c/WINDOWS:/cygdrive/c/WINDOWS/System32/Wbem:/cygdrive/c/WINDOWS/System32/WindowsPowerShell/v1.0:/cygdrive/c/Program Files/dotnet:/cygdrive/c/Program Files/Microsoft SQL Server/130/Tools/Binn:/cygdrive/c/Program Files/nodejs:/cygdrive/c/WINDOWS/System32/OpenSSH:/cygdrive/c/bin:/cygdrive/c/Users/lewis/AppData/Local/Microsoft/WindowsApps:/usr/bin:/cygdrive/c/Program Files (x86)/Sophist Solutions, Inc/LedLineIt 3.1 (PRE-RELEASE):/cygdrive/c/Users/lewis/AppData/Roaming/npm:/cygdrive/c/Program Files (x86)/WinMerge)
   Skipping build of documentation since Doxygen not installed
   Checking Stroika {Debug-U-32}:
      Stroika ThirdPartyComponents Check {Debug-U-32}:
         Checking ...  Stroika/ThirdPartyComponents/boost -   [Succeeded]
         Checking ...  Stroika/ThirdPartyComponents/lzma -    [Succeeded]
         Checking ...  Stroika/ThirdPartyComponents/OpenSSL - [Succeeded]
         Checking ...  Stroika/ThirdPartyComponents/sqlite -  [Succeeded]
         Checking ...  Stroika/ThirdPartyComponents/Xerces -  [Succeeded]
         Checking ...  Stroika/ThirdPartyComponents/WIX -  [Succeeded]
         Checking ...  Stroika/ThirdPartyComponents/zlib -    [Succeeded]
      Checking Stroika Library {Debug-U-32}:      [SUCCEEDED]
      Checking Stroika Tools {Debug-U-32}:
                  Checking Tools/WebServer/HTMLViewCompiler...               [SUCCEEDED]
      Checking Stroika Tests {Debug-U-32}:
         Test 01: Foundation::Caching :  [SUCCEEDED]
         Test 02: Foundation::Characters::Strings :  [SUCCEEDED]
         Test 03: Foundation::Configuration :  [SUCCEEDED]
         Test 04: Foundation::Containers::DataStructures::Array :  [SUCCEEDED]
         Test 05: Foundation::Containers::DataStructures::LinkedList :  [SUCCEEDED]
         Test 06: Foundation::Containers::DataStructures::DoublyLinkedList :  [SUCCEEDED]
         Test 07: Foundation::Containers::DataStructures::STLContainerWrapper :  [SUCCEEDED]
         Test 08: Foundation::Containers::DataStructures::SkipList :  [SUCCEEDED]
         Test 09: Foundation::Containers::Association :  [SUCCEEDED]
         Test 10: Foundation::Containers::Bag :  [SUCCEEDED]
         Test 11: Foundation::Containers::Bijection :  [SUCCEEDED]
         Test 12: Foundation::Containers::Collection :  [SUCCEEDED]
         Test 13: Foundation::Containers::DataHyperRectangle :  [SUCCEEDED]
         Test 14: Foundation::Containers::Deque :  [SUCCEEDED]
         Test 15: Foundation::Containers::KeyedCollection :  [SUCCEEDED]
         Test 16: Foundation::Containers::Mapping :  [SUCCEEDED]
         Test 17: Foundation::Containers::MultiSet :  [SUCCEEDED]
         Test 18: Foundation::Containers::PriorityQueue :  [SUCCEEDED]
         Test 19: Foundation::Containers::Queue :  [SUCCEEDED]
         Test 20: Foundation::Containers::Sequence :  [SUCCEEDED]
         Test 21: Foundation::Containers::Set :  [SUCCEEDED]
         Test 22: Foundation::Containers::SortedAssociation :  [SUCCEEDED]
         Test 23: Foundation::Containers::SortedCollection :  [SUCCEEDED]
         Test 24: Foundation::Containers::SortedMapping :  [SUCCEEDED]
         Test 25: Foundation::Containers::SortedMultiSet :  [SUCCEEDED]
         Test 26: Foundation::Containers::SortedSet :  [SUCCEEDED]
         Test 27: Foundation::Containers::Stack :  [SUCCEEDED]
         Test 28: Foundation::Containers::STL :  [SUCCEEDED]
         Test 29: Foundation::Cryptography :  [SUCCEEDED]
         Test 30: Foundation::DataExchange::Reader/Writers(7z/CharacterDelimitedLines/INI/JSON/XML/Zip) :  [SUCCEEDED]
         Test 31: Foundation::DataExchange::ObjectVariantMapper :  [SUCCEEDED]
         Test 32: Foundation::DataExchange::XML::SaxParser :  [SUCCEEDED]
         Test 33: Foundation::DataExchange::Other :  [SUCCEEDED]
         Test 34: Foundation::Database :  [SUCCEEDED]
         Test 35: Foundation::Execution::Exceptions :  [SUCCEEDED]
         Test 36: Foundation::Execution::ProcessRunner :  [SUCCEEDED]
         Test 37: Foundation::Execution::Signals :  [SUCCEEDED]
         Test 38: Foundation::Execution::Threads :  [SUCCEEDED]
         Test 39: Foundation::Execution::ThreadSafetyBuiltinObject :  [SUCCEEDED]
         Test 40: Foundation::Execution::Other :  [SUCCEEDED]
         Test 41: Foundation::IO::Network :  [SUCCEEDED]
         Test 42: Foundation::IO::Network::HTTP :  [SUCCEEDED]
         Test 43: Foundation::IO::Network::Transfer :  [SUCCEEDED]
         Test 44: Foundation::IO::Other :  [SUCCEEDED]
         Test 45: Foundation::Math :  [SUCCEEDED]
         Test 46: Foundation::Memory :  [SUCCEEDED]
         Test 47: Foundation::Streams :  [SUCCEEDED]
         Test 48: Foundation::Time :  [SUCCEEDED]
         Test 49: Foundation::Traversal :  [SUCCEEDED]
         Test 50: Foundation::PERFORMANCE :  [SUCCEEDED]
      Stroika/Samples Check {Debug-U-32}:
         Checking Samples/ActiveLedIt...              [SUCCEEDED]
         Checking Samples/ArchiveUtility...           [SUCCEEDED]
         Checking Samples/Containers...               [SUCCEEDED]
         Checking Samples/LedIt...                    [SUCCEEDED]
         Checking Samples/LedLineIt...                [SUCCEEDED]
         Checking Samples/Serialization...               [SUCCEEDED]
         Checking Samples/SimpleLedTest...            [SUCCEEDED]
         Checking Samples/Service...            [SUCCEEDED]
         Checking Samples/SSDPClient...               [SUCCEEDED]
         Checking Samples/SSDPServer...               [SUCCEEDED]
         Checking Samples/SystemPerformanceClient...  [SUCCEEDED]
         Checking Samples/Traceroute...               [SUCCEEDED]
         Checking Samples/WebServer...                [SUCCEEDED]
         Checking Samples/WebService...                [SUCCEEDED]
Building Stroika all {Debug-U-64}:
   Stroika ThirdPartyComponents Build {Debug-U-64}:
      Stroika/ThirdPartyComponents/ActivePerl Build 5.26.0 {Debug-U-64}:
      Stroika/ThirdPartyComponents/WIX Build 311 {Debug-U-64}:
      Stroika/ThirdPartyComponents/lzma Build 1604 {Debug-U-64}:
      Stroika/ThirdPartyComponents/sqlite Build 3270200 {Debug-U-64}:
      Stroika/ThirdPartyComponents/zlib Build 1.2.8 {Debug-U-64}:
      Stroika/ThirdPartyComponents/xerces 3.2.2 Build {Debug-U-64}:
         Checking ...  Stroika/ThirdPartyComponents/WIX -  [Succeeded]
         sqlite 3270200 - Extracting ../Origs-Cache/sqlite-amalgamation-3270200.zip to IntermediateFiles/Debug-U-64/ThirdPartyComponents/sqlite ... 
         lzma 1604 - Extracting ../Origs-Cache/lzma1604.7z to IntermediateFiles/Debug-U-64/ThirdPartyComponents/lzma ... 
         zlib 1.2.8 - Extracting ../Origs-Cache/zlib-1.2.8.tar.gz to IntermediateFiles/Debug-U-64/ThirdPartyComponents/zlib ... 
         sqlite 3270200 - Build ...
         Xerces 3.2.2 - Extracting ../Origs-Cache/xerces-c-3.2.2.tar.gz to IntermediateFiles/Debug-U-64/ThirdPartyComponents/Xerces ... 
         zlib 1.2.8 - Patching IntermediateFiles/Debug-U-64/ThirdPartyComponents/zlib ... 
         Checking ...  Stroika/ThirdPartyComponents/sqlite -  [Succeeded]
         zlib 1.2.8 - Build (see IntermediateFiles/Debug-U-64/ThirdPartyComponents/zlib//BUILD.OUT) ...
         lzma 1604 - Build: see IntermediateFiles/Debug-U-64/ThirdPartyComponents/lzma/BUILD.OUT ...
         Checking ...  Stroika/ThirdPartyComponents/zlib -    [Succeeded]
      Stroika/ThirdPartyComponents/boost Build 1_69_0 {Debug-U-64}:
      Stroika/ThirdPartyComponents/OpenSSL Build 1.1.1a {Debug-U-64}:
         boost 1_69_0 - Extracting ../Origs-Cache/boost_1_69_0.tar.gz to IntermediateFiles/Debug-U-64/ThirdPartyComponents/boost ... 
         openssl 1.1.1a - Extracting ../Origs-Cache/openssl-1.1.1a.tar.gz to IntermediateFiles/Debug-U-64/ThirdPartyComponents/openssl ... 
         Checking ...  Stroika/ThirdPartyComponents/lzma -    [Succeeded]
         Xerces 3.2.2 - Patching ... 
         Xerces 3.2.2 - Configuring (See IntermediateFiles/Debug-U-64/ThirdPartyComponents/Xerces/CONFIGURE.OUT) ... 
         openssl 1.1.1a - Configure (see IntermediateFiles/Debug-U-64/ThirdPartyComponents/openssl/CONFIG.OUT) ...  
         openssl 1.1.1a - Build (see IntermediateFiles/Debug-U-64/ThirdPartyComponents/openssl/BUILD.OUT)  ... 
         Xerces 3.2.2 - Compiling (See IntermediateFiles/Debug-U-64/ThirdPartyComponents/Xerces/BUILD.OUT) ... 
         Xerces 3.2.2 - Copying builds (See IntermediateFiles/Debug-U-64/ThirdPartyComponents/Xerces/INSTALL.OUT) ... 
         Checking ...  Stroika/ThirdPartyComponents/Xerces -  [Succeeded]
         openssl 1.1.1a - Installing (see IntermediateFiles/Debug-U-64/ThirdPartyComponents/openssl/INSTALL.OUT) ... 
         openssl 1.1.1a - Running tests (see IntermediateFiles/Debug-U-64/ThirdPartyComponents/openssl/TEST-OUT.txt) ...
         boost 1_69_0 - Bootstrapping - see IntermediateFiles/Debug-U-64/ThirdPartyComponents/boost/BOOTSTRAP.OUT ... 
         boost 1_69_0 - Config+Build; see IntermediateFiles/Debug-U-64/ThirdPartyComponents/boost/ConfigureAndBuild.OUT ...
         Checking ...  Stroika/ThirdPartyComponents/OpenSSL - [Succeeded]
         Patching Builds/Debug-U-64/ThirdPartyComponents/include/boost/config/user.hpp
         Checking ...  Stroika/ThirdPartyComponents/boost -   [Succeeded]
   Building Stroika Library {Debug-U-64}:
      Building Stroika-Foundation:
C:\Sandbox\Stroika\DevRoot\Library\Sources\Stroika\Foundation\DataExchange\InternetMediaTypeRegistry.cpp(242): warning C4100: 'includeMoreGeneralTypes': unreferenced formal parameter [C:\Sandbox\Stroika\DevRoot\Library\Projects\VisualStudio.Net-2019\Stroika-Foundation.vcxproj]
C:\Sandbox\Stroika\DevRoot\Library\Sources\Stroika\Foundation\DataExchange\Variant\CharacterDelimitedLines\Writer.cpp(40): warning C4100: 'v': unreferenced formal parameter [C:\Sandbox\Stroika\DevRoot\Library\Projects\VisualStudio.Net-2019\Stroika-Foundation.vcxproj]
C:\Sandbox\Stroika\DevRoot\Library\Sources\Stroika\Foundation\DataExchange\Variant\CharacterDelimitedLines\Writer.cpp(46): warning C4100: 'out': unreferenced formal parameter [C:\Sandbox\Stroika\DevRoot\Library\Projects\VisualStudio.Net-2019\Stroika-Foundation.vcxproj]
C:\Sandbox\Stroika\DevRoot\Library\Sources\Stroika\Foundation\DataExchange\Variant\CharacterDelimitedLines\Writer.cpp(46): warning C4100: 'v': unreferenced formal parameter [C:\Sandbox\Stroika\DevRoot\Library\Projects\VisualStudio.Net-2019\Stroika-Foundation.vcxproj]
C:\Sandbox\Stroika\DevRoot\Library\Sources\Stroika\Foundation\DataExchange\Variant\INI\Writer.cpp(34): warning C4100: 'out': unreferenced formal parameter [C:\Sandbox\Stroika\DevRoot\Library\Projects\VisualStudio.Net-2019\Stroika-Foundation.vcxproj]
C:\Sandbox\Stroika\DevRoot\Library\Sources\Stroika\Foundation\DataExchange\Variant\INI\Writer.cpp(34): warning C4100: 'v': unreferenced formal parameter [C:\Sandbox\Stroika\DevRoot\Library\Projects\VisualStudio.Net-2019\Stroika-Foundation.vcxproj]
C:\Sandbox\Stroika\DevRoot\Library\Sources\Stroika\Foundation\DataExchange\Variant\INI\Writer.cpp(38): warning C4100: 'out': unreferenced formal parameter [C:\Sandbox\Stroika\DevRoot\Library\Projects\VisualStudio.Net-2019\Stroika-Foundation.vcxproj]
C:\Sandbox\Stroika\DevRoot\Library\Sources\Stroika\Foundation\DataExchange\Variant\INI\Writer.cpp(38): warning C4100: 'v': unreferenced formal parameter [C:\Sandbox\Stroika\DevRoot\Library\Projects\VisualStudio.Net-2019\Stroika-Foundation.vcxproj]
      Building Stroika-Frameworks:
   Building Stroika Tools {Debug-U-64}:
               Building Stroika Tools-Frameworks-WebServer-HTMLViewCompiler...done
   Building Stroika Tests {Debug-U-64}:
      Test 01: Foundation::Caching:
      Test 02: Foundation::Characters::Strings:
      Test 03: Foundation::Configuration:
      Test 04: Foundation::Containers::DataStructures::Array:
      Test 05: Foundation::Containers::DataStructures::LinkedList:
      Test 06: Foundation::Containers::DataStructures::DoublyLinkedList:
      Test 07: Foundation::Containers::DataStructures::STLContainerWrapper:
      Test 08: Foundation::Containers::DataStructures::SkipList:
      Test 09: Foundation::Containers::Association:
      Test 10: Foundation::Containers::Bag:
      Test 11: Foundation::Containers::Bijection:
      Test 12: Foundation::Containers::Collection:
      Test 13: Foundation::Containers::DataHyperRectangle:
      Test 14: Foundation::Containers::Deque:
      Test 15: Foundation::Containers::KeyedCollection:
      Test 16: Foundation::Containers::Mapping:
      Test 17: Foundation::Containers::MultiSet:
      Test 18: Foundation::Containers::PriorityQueue:
      Test 19: Foundation::Containers::Queue:
      Test 20: Foundation::Containers::Sequence:
      Test 21: Foundation::Containers::Set:
      Test 22: Foundation::Containers::SortedAssociation:
      Test 23: Foundation::Containers::SortedCollection:
      Test 24: Foundation::Containers::SortedMapping:
      Test 25: Foundation::Containers::SortedMultiSet:
      Test 26: Foundation::Containers::SortedSet:
      Test 27: Foundation::Containers::Stack:
      Test 28: Foundation::Containers::STL:
      Test 29: Foundation::Cryptography:
      Test 30: Foundation::DataExchange::Reader/Writers(7z/CharacterDelimitedLines/INI/JSON/XML/Zip):
      Test 31: Foundation::DataExchange::ObjectVariantMapper:
      Test 32: Foundation::DataExchange::XML::SaxParser:
      Test 33: Foundation::DataExchange::Other:
      Test 34: Foundation::Database:
      Test 35: Foundation::Execution::Exceptions:
      Test 36: Foundation::Execution::ProcessRunner:
      Test 37: Foundation::Execution::Signals:
      Test 38: Foundation::Execution::Threads:
      Test 39: Foundation::Execution::ThreadSafetyBuiltinObject:
      Test 40: Foundation::Execution::Other:
      Test 41: Foundation::IO::Network:
      Test 42: Foundation::IO::Network::HTTP:
      Test 43: Foundation::IO::Network::Transfer:
      Test 44: Foundation::IO::Other:
      Test 45: Foundation::Math:
      Test 46: Foundation::Memory:
      Test 47: Foundation::Streams:
      Test 48: Foundation::Time:
      Test 49: Foundation::Traversal:
      Test 50: Foundation::PERFORMANCE:
   Building Stroika Samples {Debug-U-64}:
      Building Samples/ActiveLedIt:
         SKIPPED for unsupported configuration
      Building Samples/ArchiveUtility:
      Building Samples/Containers:
      Building Samples/LedIt:
         SKIPPED for unsupported configuration
      Building Samples/LedLineIt:
         SKIPPED for unsupported configuration
      Building Samples/Serialization:
      Building Samples/SimpleLedTest:
         SKIPPED for unsupported configuration
      Building Samples/Service:
         Building Installers:
            Building WIX installer: 
               temp files: IntermediateFiles/Debug-U-64/Samples-Service/WIX_TMP/; log: IntermediateFiles/Debug-U-64/Samples-Service/WIX-Installer-Build.Out...
               Built: Builds/Debug-U-64/Samples-Service/Stroika-SampleService-Windows-x86_64-Debug-U-64.msi
      Building Samples/SSDPClient:
      Building Samples/SSDPServer:
      Building Samples/SystemPerformanceClient:
      Building Samples/Traceroute:
      Building Samples/WebServer:
      Building Samples/WebService:
which: no doxygen in (/usr/local/bin:/usr/bin:/cygdrive/c/WINDOWS/system32:/cygdrive/c/WINDOWS:/cygdrive/c/WINDOWS/System32/Wbem:/cygdrive/c/WINDOWS/System32/WindowsPowerShell/v1.0:/cygdrive/c/Program Files/dotnet:/cygdrive/c/Program Files/Microsoft SQL Server/130/Tools/Binn:/cygdrive/c/Program Files/nodejs:/cygdrive/c/WINDOWS/System32/OpenSSH:/cygdrive/c/bin:/cygdrive/c/Users/lewis/AppData/Local/Microsoft/WindowsApps:/usr/bin:/cygdrive/c/Program Files (x86)/Sophist Solutions, Inc/LedLineIt 3.1 (PRE-RELEASE):/cygdrive/c/Users/lewis/AppData/Roaming/npm:/cygdrive/c/Program Files (x86)/WinMerge)
   Skipping build of documentation since Doxygen not installed
   Checking Stroika {Debug-U-64}:
      Stroika ThirdPartyComponents Check {Debug-U-64}:
         Checking ...  Stroika/ThirdPartyComponents/boost -   [Succeeded]
         Checking ...  Stroika/ThirdPartyComponents/lzma -    [Succeeded]
         Checking ...  Stroika/ThirdPartyComponents/OpenSSL - [Succeeded]
         Checking ...  Stroika/ThirdPartyComponents/sqlite -  [Succeeded]
         Checking ...  Stroika/ThirdPartyComponents/Xerces -  [Succeeded]
         Checking ...  Stroika/ThirdPartyComponents/WIX -  [Succeeded]
         Checking ...  Stroika/ThirdPartyComponents/zlib -    [Succeeded]
      Checking Stroika Library {Debug-U-64}:      [SUCCEEDED]
      Checking Stroika Tools {Debug-U-64}:
                  Checking Tools/WebServer/HTMLViewCompiler...               [SUCCEEDED]
      Checking Stroika Tests {Debug-U-64}:
         Test 01: Foundation::Caching :  [SUCCEEDED]
         Test 02: Foundation::Characters::Strings :  [SUCCEEDED]
         Test 03: Foundation::Configuration :  [SUCCEEDED]
         Test 04: Foundation::Containers::DataStructures::Array :  [SUCCEEDED]
         Test 05: Foundation::Containers::DataStructures::LinkedList :  [SUCCEEDED]
         Test 06: Foundation::Containers::DataStructures::DoublyLinkedList :  [SUCCEEDED]
         Test 07: Foundation::Containers::DataStructures::STLContainerWrapper :  [SUCCEEDED]
         Test 08: Foundation::Containers::DataStructures::SkipList :  [SUCCEEDED]
         Test 09: Foundation::Containers::Association :  [SUCCEEDED]
         Test 10: Foundation::Containers::Bag :  [SUCCEEDED]
         Test 11: Foundation::Containers::Bijection :  [SUCCEEDED]
         Test 12: Foundation::Containers::Collection :  [SUCCEEDED]
         Test 13: Foundation::Containers::DataHyperRectangle :  [SUCCEEDED]
         Test 14: Foundation::Containers::Deque :  [SUCCEEDED]
         Test 15: Foundation::Containers::KeyedCollection :  [SUCCEEDED]
         Test 16: Foundation::Containers::Mapping :  [SUCCEEDED]
         Test 17: Foundation::Containers::MultiSet :  [SUCCEEDED]
         Test 18: Foundation::Containers::PriorityQueue :  [SUCCEEDED]
         Test 19: Foundation::Containers::Queue :  [SUCCEEDED]
         Test 20: Foundation::Containers::Sequence :  [SUCCEEDED]
         Test 21: Foundation::Containers::Set :  [SUCCEEDED]
         Test 22: Foundation::Containers::SortedAssociation :  [SUCCEEDED]
         Test 23: Foundation::Containers::SortedCollection :  [SUCCEEDED]
         Test 24: Foundation::Containers::SortedMapping :  [SUCCEEDED]
         Test 25: Foundation::Containers::SortedMultiSet :  [SUCCEEDED]
         Test 26: Foundation::Containers::SortedSet :  [SUCCEEDED]
         Test 27: Foundation::Containers::Stack :  [SUCCEEDED]
         Test 28: Foundation::Containers::STL :  [SUCCEEDED]
         Test 29: Foundation::Cryptography :  [SUCCEEDED]
         Test 30: Foundation::DataExchange::Reader/Writers(7z/CharacterDelimitedLines/INI/JSON/XML/Zip) :  [SUCCEEDED]
         Test 31: Foundation::DataExchange::ObjectVariantMapper :  [SUCCEEDED]
         Test 32: Foundation::DataExchange::XML::SaxParser :  [SUCCEEDED]
         Test 33: Foundation::DataExchange::Other :  [SUCCEEDED]
         Test 34: Foundation::Database :  [SUCCEEDED]
         Test 35: Foundation::Execution::Exceptions :  [SUCCEEDED]
         Test 36: Foundation::Execution::ProcessRunner :  [SUCCEEDED]
         Test 37: Foundation::Execution::Signals :  [SUCCEEDED]
         Test 38: Foundation::Execution::Threads :  [SUCCEEDED]
         Test 39: Foundation::Execution::ThreadSafetyBuiltinObject :  [SUCCEEDED]
         Test 40: Foundation::Execution::Other :  [SUCCEEDED]
         Test 41: Foundation::IO::Network :  [SUCCEEDED]
         Test 42: Foundation::IO::Network::HTTP :  [SUCCEEDED]
         Test 43: Foundation::IO::Network::Transfer :  [SUCCEEDED]
         Test 44: Foundation::IO::Other :  [SUCCEEDED]
         Test 45: Foundation::Math :  [SUCCEEDED]
         Test 46: Foundation::Memory :  [SUCCEEDED]
         Test 47: Foundation::Streams :  [SUCCEEDED]
         Test 48: Foundation::Time :  [SUCCEEDED]
         Test 49: Foundation::Traversal :  [SUCCEEDED]
         Test 50: Foundation::PERFORMANCE :  [SUCCEEDED]
      Stroika/Samples Check {Debug-U-64}:
         Checking Samples/ActiveLedIt...              [SKIPPED]
         Checking Samples/ArchiveUtility...           [SUCCEEDED]
         Checking Samples/Containers...               [SUCCEEDED]
         Checking Samples/LedIt...                    [SKIPPED]
         Checking Samples/LedLineIt...                [SKIPPED]
         Checking Samples/Serialization...               [SUCCEEDED]
         Checking Samples/SimpleLedTest...            [SKIPPED]
         Checking Samples/Service...            [SUCCEEDED]
         Checking Samples/SSDPClient...               [SUCCEEDED]
         Checking Samples/SSDPServer...               [SUCCEEDED]
         Checking Samples/SystemPerformanceClient...  [SUCCEEDED]
         Checking Samples/Traceroute...               [SUCCEEDED]
         Checking Samples/WebServer...                [SUCCEEDED]
         Checking Samples/WebService...                [SUCCEEDED]
Building Stroika all {Release-DbgMemLeaks-U-32}:
   Stroika ThirdPartyComponents Build {Release-DbgMemLeaks-U-32}:
      Stroika/ThirdPartyComponents/ActivePerl Build 5.26.0 {Release-DbgMemLeaks-U-32}:
      Stroika/ThirdPartyComponents/WIX Build 311 {Release-DbgMemLeaks-U-32}:
      Stroika/ThirdPartyComponents/sqlite Build 3270200 {Release-DbgMemLeaks-U-32}:
      Stroika/ThirdPartyComponents/lzma Build 1604 {Release-DbgMemLeaks-U-32}:
      Stroika/ThirdPartyComponents/zlib Build 1.2.8 {Release-DbgMemLeaks-U-32}:
      Stroika/ThirdPartyComponents/xerces 3.2.2 Build {Release-DbgMemLeaks-U-32}:
         Checking ...  Stroika/ThirdPartyComponents/WIX -  [Succeeded]
         lzma 1604 - Extracting ../Origs-Cache/lzma1604.7z to IntermediateFiles/Release-DbgMemLeaks-U-32/ThirdPartyComponents/lzma ... 
         sqlite 3270200 - Extracting ../Origs-Cache/sqlite-amalgamation-3270200.zip to IntermediateFiles/Release-DbgMemLeaks-U-32/ThirdPartyComponents/sqlite ... 
         zlib 1.2.8 - Extracting ../Origs-Cache/zlib-1.2.8.tar.gz to IntermediateFiles/Release-DbgMemLeaks-U-32/ThirdPartyComponents/zlib ... 
         sqlite 3270200 - Build ...
         Xerces 3.2.2 - Extracting ../Origs-Cache/xerces-c-3.2.2.tar.gz to IntermediateFiles/Release-DbgMemLeaks-U-32/ThirdPartyComponents/Xerces ... 
         zlib 1.2.8 - Patching IntermediateFiles/Release-DbgMemLeaks-U-32/ThirdPartyComponents/zlib ... 
         zlib 1.2.8 - Build (see IntermediateFiles/Release-DbgMemLeaks-U-32/ThirdPartyComponents/zlib//BUILD.OUT) ...
         lzma 1604 - Build: see IntermediateFiles/Release-DbgMemLeaks-U-32/ThirdPartyComponents/lzma/BUILD.OUT ...
         Checking ...  Stroika/ThirdPartyComponents/zlib -    [Succeeded]
         Checking ...  Stroika/ThirdPartyComponents/sqlite -  [Succeeded]
      Stroika/ThirdPartyComponents/boost Build 1_69_0 {Release-DbgMemLeaks-U-32}:
      Stroika/ThirdPartyComponents/OpenSSL Build 1.1.1a {Release-DbgMemLeaks-U-32}:
         openssl 1.1.1a - Extracting ../Origs-Cache/openssl-1.1.1a.tar.gz to IntermediateFiles/Release-DbgMemLeaks-U-32/ThirdPartyComponents/openssl ... 
         boost 1_69_0 - Extracting ../Origs-Cache/boost_1_69_0.tar.gz to IntermediateFiles/Release-DbgMemLeaks-U-32/ThirdPartyComponents/boost ... 
         Checking ...  Stroika/ThirdPartyComponents/lzma -    [Succeeded]
         Xerces 3.2.2 - Patching ... 
         Xerces 3.2.2 - Configuring (See IntermediateFiles/Release-DbgMemLeaks-U-32/ThirdPartyComponents/Xerces/CONFIGURE.OUT) ... 
         openssl 1.1.1a - Configure (see IntermediateFiles/Release-DbgMemLeaks-U-32/ThirdPartyComponents/openssl/CONFIG.OUT) ...  
         openssl 1.1.1a - Build (see IntermediateFiles/Release-DbgMemLeaks-U-32/ThirdPartyComponents/openssl/BUILD.OUT)  ... 
         Xerces 3.2.2 - Compiling (See IntermediateFiles/Release-DbgMemLeaks-U-32/ThirdPartyComponents/Xerces/BUILD.OUT) ... 
         Xerces 3.2.2 - Copying builds (See IntermediateFiles/Release-DbgMemLeaks-U-32/ThirdPartyComponents/Xerces/INSTALL.OUT) ... 
         Checking ...  Stroika/ThirdPartyComponents/Xerces -  [Succeeded]
         openssl 1.1.1a - Installing (see IntermediateFiles/Release-DbgMemLeaks-U-32/ThirdPartyComponents/openssl/INSTALL.OUT) ... 
         boost 1_69_0 - Bootstrapping - see IntermediateFiles/Release-DbgMemLeaks-U-32/ThirdPartyComponents/boost/BOOTSTRAP.OUT ... 
         openssl 1.1.1a - Running tests (see IntermediateFiles/Release-DbgMemLeaks-U-32/ThirdPartyComponents/openssl/TEST-OUT.txt) ...
         boost 1_69_0 - Config+Build; see IntermediateFiles/Release-DbgMemLeaks-U-32/ThirdPartyComponents/boost/ConfigureAndBuild.OUT ...
         Checking ...  Stroika/ThirdPartyComponents/OpenSSL - [Succeeded]
         Patching Builds/Release-DbgMemLeaks-U-32/ThirdPartyComponents/include/boost/config/user.hpp
         Checking ...  Stroika/ThirdPartyComponents/boost -   [Succeeded]
   Building Stroika Library {Release-DbgMemLeaks-U-32}:
      Building Stroika-Foundation:
C:\Sandbox\Stroika\DevRoot\Library\Sources\Stroika\Foundation\DataExchange\InternetMediaTypeRegistry.cpp(242): warning C4100: 'includeMoreGeneralTypes': unreferenced formal parameter [C:\Sandbox\Stroika\DevRoot\Library\Projects\VisualStudio.Net-2019\Stroika-Foundation.vcxproj]
C:\Sandbox\Stroika\DevRoot\Library\Sources\Stroika\Foundation\DataExchange\Variant\CharacterDelimitedLines\Writer.cpp(40): warning C4100: 'v': unreferenced formal parameter [C:\Sandbox\Stroika\DevRoot\Library\Projects\VisualStudio.Net-2019\Stroika-Foundation.vcxproj]
C:\Sandbox\Stroika\DevRoot\Library\Sources\Stroika\Foundation\DataExchange\Variant\CharacterDelimitedLines\Writer.cpp(46): warning C4100: 'out': unreferenced formal parameter [C:\Sandbox\Stroika\DevRoot\Library\Projects\VisualStudio.Net-2019\Stroika-Foundation.vcxproj]
C:\Sandbox\Stroika\DevRoot\Library\Sources\Stroika\Foundation\DataExchange\Variant\CharacterDelimitedLines\Writer.cpp(46): warning C4100: 'v': unreferenced formal parameter [C:\Sandbox\Stroika\DevRoot\Library\Projects\VisualStudio.Net-2019\Stroika-Foundation.vcxproj]
C:\Sandbox\Stroika\DevRoot\Library\Sources\Stroika\Foundation\DataExchange\Variant\INI\Writer.cpp(34): warning C4100: 'out': unreferenced formal parameter [C:\Sandbox\Stroika\DevRoot\Library\Projects\VisualStudio.Net-2019\Stroika-Foundation.vcxproj]
C:\Sandbox\Stroika\DevRoot\Library\Sources\Stroika\Foundation\DataExchange\Variant\INI\Writer.cpp(34): warning C4100: 'v': unreferenced formal parameter [C:\Sandbox\Stroika\DevRoot\Library\Projects\VisualStudio.Net-2019\Stroika-Foundation.vcxproj]
C:\Sandbox\Stroika\DevRoot\Library\Sources\Stroika\Foundation\DataExchange\Variant\INI\Writer.cpp(38): warning C4100: 'out': unreferenced formal parameter [C:\Sandbox\Stroika\DevRoot\Library\Projects\VisualStudio.Net-2019\Stroika-Foundation.vcxproj]
C:\Sandbox\Stroika\DevRoot\Library\Sources\Stroika\Foundation\DataExchange\Variant\INI\Writer.cpp(38): warning C4100: 'v': unreferenced formal parameter [C:\Sandbox\Stroika\DevRoot\Library\Projects\VisualStudio.Net-2019\Stroika-Foundation.vcxproj]
      Building Stroika-Frameworks:
   Building Stroika Tools {Release-DbgMemLeaks-U-32}:
               Building Stroika Tools-Frameworks-WebServer-HTMLViewCompiler...done
   Building Stroika Tests {Release-DbgMemLeaks-U-32}:
      Test 01: Foundation::Caching:
      Test 02: Foundation::Characters::Strings:
      Test 03: Foundation::Configuration:
      Test 04: Foundation::Containers::DataStructures::Array:
      Test 05: Foundation::Containers::DataStructures::LinkedList:
      Test 06: Foundation::Containers::DataStructures::DoublyLinkedList:
      Test 07: Foundation::Containers::DataStructures::STLContainerWrapper:
      Test 08: Foundation::Containers::DataStructures::SkipList:
      Test 09: Foundation::Containers::Association:
      Test 10: Foundation::Containers::Bag:
      Test 11: Foundation::Containers::Bijection:
      Test 12: Foundation::Containers::Collection:
      Test 13: Foundation::Containers::DataHyperRectangle:
      Test 14: Foundation::Containers::Deque:
      Test 15: Foundation::Containers::KeyedCollection:
      Test 16: Foundation::Containers::Mapping:
      Test 17: Foundation::Containers::MultiSet:
      Test 18: Foundation::Containers::PriorityQueue:
      Test 19: Foundation::Containers::Queue:
      Test 20: Foundation::Containers::Sequence:
      Test 21: Foundation::Containers::Set:
      Test 22: Foundation::Containers::SortedAssociation:
      Test 23: Foundation::Containers::SortedCollection:
      Test 24: Foundation::Containers::SortedMapping:
      Test 25: Foundation::Containers::SortedMultiSet:
      Test 26: Foundation::Containers::SortedSet:
      Test 27: Foundation::Containers::Stack:
      Test 28: Foundation::Containers::STL:
      Test 29: Foundation::Cryptography:
      Test 30: Foundation::DataExchange::Reader/Writers(7z/CharacterDelimitedLines/INI/JSON/XML/Zip):
      Test 31: Foundation::DataExchange::ObjectVariantMapper:
      Test 32: Foundation::DataExchange::XML::SaxParser:
      Test 33: Foundation::DataExchange::Other:
      Test 34: Foundation::Database:
      Test 35: Foundation::Execution::Exceptions:
      Test 36: Foundation::Execution::ProcessRunner:
      Test 37: Foundation::Execution::Signals:
      Test 38: Foundation::Execution::Threads:
      Test 39: Foundation::Execution::ThreadSafetyBuiltinObject:
      Test 40: Foundation::Execution::Other:
      Test 41: Foundation::IO::Network:
      Test 42: Foundation::IO::Network::HTTP:
      Test 43: Foundation::IO::Network::Transfer:
      Test 44: Foundation::IO::Other:
      Test 45: Foundation::Math:
      Test 46: Foundation::Memory:
      Test 47: Foundation::Streams:
      Test 48: Foundation::Time:
      Test 49: Foundation::Traversal:
      Test 50: Foundation::PERFORMANCE:
   Building Stroika Samples {Release-DbgMemLeaks-U-32}:
      Building Samples/ActiveLedIt:
         SKIPPED for unsupported configuration
      Building Samples/ArchiveUtility:
      Building Samples/Containers:
         SKIPPED for unsupported configuration
      Building Samples/LedIt:
         SKIPPED for unsupported configuration
      Building Samples/LedLineIt:
         SKIPPED for unsupported configuration
      Building Samples/Serialization:
         SKIPPED for unsupported configuration
      Building Samples/SimpleLedTest:
         SKIPPED for unsupported configuration
      Building Samples/Service:
         SKIPPED for unsupported configuration
      Building Samples/SSDPClient:
         SKIPPED for unsupported configuration
      Building Samples/SSDPServer:
         SKIPPED for unsupported configuration
      Building Samples/SystemPerformanceClient:
         SKIPPED for unsupported configuration
      Building Samples/Traceroute:
         SKIPPED for unsupported configuration
      Building Samples/WebServer:
         SKIPPED for unsupported configuration
      Building Samples/WebService:
         SKIPPED for unsupported configuration
which: no doxygen in (/usr/local/bin:/usr/bin:/cygdrive/c/WINDOWS/system32:/cygdrive/c/WINDOWS:/cygdrive/c/WINDOWS/System32/Wbem:/cygdrive/c/WINDOWS/System32/WindowsPowerShell/v1.0:/cygdrive/c/Program Files/dotnet:/cygdrive/c/Program Files/Microsoft SQL Server/130/Tools/Binn:/cygdrive/c/Program Files/nodejs:/cygdrive/c/WINDOWS/System32/OpenSSH:/cygdrive/c/bin:/cygdrive/c/Users/lewis/AppData/Local/Microsoft/WindowsApps:/usr/bin:/cygdrive/c/Program Files (x86)/Sophist Solutions, Inc/LedLineIt 3.1 (PRE-RELEASE):/cygdrive/c/Users/lewis/AppData/Roaming/npm:/cygdrive/c/Program Files (x86)/WinMerge)
   Skipping build of documentation since Doxygen not installed
   Checking Stroika {Release-DbgMemLeaks-U-32}:
      Stroika ThirdPartyComponents Check {Release-DbgMemLeaks-U-32}:
         Checking ...  Stroika/ThirdPartyComponents/boost -   [Succeeded]
         Checking ...  Stroika/ThirdPartyComponents/lzma -    [Succeeded]
         Checking ...  Stroika/ThirdPartyComponents/OpenSSL - [Succeeded]
         Checking ...  Stroika/ThirdPartyComponents/sqlite -  [Succeeded]
         Checking ...  Stroika/ThirdPartyComponents/Xerces -  [Succeeded]
         Checking ...  Stroika/ThirdPartyComponents/WIX -  [Succeeded]
         Checking ...  Stroika/ThirdPartyComponents/zlib -    [Succeeded]
      Checking Stroika Library {Release-DbgMemLeaks-U-32}:      [SUCCEEDED]
      Checking Stroika Tools {Release-DbgMemLeaks-U-32}:
                  Checking Tools/WebServer/HTMLViewCompiler...               [SUCCEEDED]
      Checking Stroika Tests {Release-DbgMemLeaks-U-32}:
         Test 01: Foundation::Caching :  [SUCCEEDED]
         Test 02: Foundation::Characters::Strings :  [SUCCEEDED]
         Test 03: Foundation::Configuration :  [SUCCEEDED]
         Test 04: Foundation::Containers::DataStructures::Array :  [SUCCEEDED]
         Test 05: Foundation::Containers::DataStructures::LinkedList :  [SUCCEEDED]
         Test 06: Foundation::Containers::DataStructures::DoublyLinkedList :  [SUCCEEDED]
         Test 07: Foundation::Containers::DataStructures::STLContainerWrapper :  [SUCCEEDED]
         Test 08: Foundation::Containers::DataStructures::SkipList :  [SUCCEEDED]
         Test 09: Foundation::Containers::Association :  [SUCCEEDED]
         Test 10: Foundation::Containers::Bag :  [SUCCEEDED]
         Test 11: Foundation::Containers::Bijection :  [SUCCEEDED]
         Test 12: Foundation::Containers::Collection :  [SUCCEEDED]
         Test 13: Foundation::Containers::DataHyperRectangle :  [SUCCEEDED]
         Test 14: Foundation::Containers::Deque :  [SUCCEEDED]
         Test 15: Foundation::Containers::KeyedCollection :  [SUCCEEDED]
         Test 16: Foundation::Containers::Mapping :  [SUCCEEDED]
         Test 17: Foundation::Containers::MultiSet :  [SUCCEEDED]
         Test 18: Foundation::Containers::PriorityQueue :  [SUCCEEDED]
         Test 19: Foundation::Containers::Queue :  [SUCCEEDED]
         Test 20: Foundation::Containers::Sequence :  [SUCCEEDED]
         Test 21: Foundation::Containers::Set :  [SUCCEEDED]
         Test 22: Foundation::Containers::SortedAssociation :  [SUCCEEDED]
         Test 23: Foundation::Containers::SortedCollection :  [SUCCEEDED]
         Test 24: Foundation::Containers::SortedMapping :  [SUCCEEDED]
         Test 25: Foundation::Containers::SortedMultiSet :  [SUCCEEDED]
         Test 26: Foundation::Containers::SortedSet :  [SUCCEEDED]
         Test 27: Foundation::Containers::Stack :  [SUCCEEDED]
         Test 28: Foundation::Containers::STL :  [SUCCEEDED]
         Test 29: Foundation::Cryptography :  [SUCCEEDED]
         Test 30: Foundation::DataExchange::Reader/Writers(7z/CharacterDelimitedLines/INI/JSON/XML/Zip) :  [SUCCEEDED]
         Test 31: Foundation::DataExchange::ObjectVariantMapper :  [SUCCEEDED]
         Test 32: Foundation::DataExchange::XML::SaxParser :  [SUCCEEDED]
         Test 33: Foundation::DataExchange::Other :  [SUCCEEDED]
         Test 34: Foundation::Database :  [SUCCEEDED]
         Test 35: Foundation::Execution::Exceptions :  [SUCCEEDED]
         Test 36: Foundation::Execution::ProcessRunner :  [SUCCEEDED]
         Test 37: Foundation::Execution::Signals :  [SUCCEEDED]
         Test 38: Foundation::Execution::Threads :  [SUCCEEDED]
         Test 39: Foundation::Execution::ThreadSafetyBuiltinObject :  [SUCCEEDED]
         Test 40: Foundation::Execution::Other :  [SUCCEEDED]
         Test 41: Foundation::IO::Network :  [SUCCEEDED]
         Test 42: Foundation::IO::Network::HTTP :  [SUCCEEDED]
         Test 43: Foundation::IO::Network::Transfer :  [SUCCEEDED]
         Test 44: Foundation::IO::Other :  [SUCCEEDED]
         Test 45: Foundation::Math :  [SUCCEEDED]
         Test 46: Foundation::Memory :  [SUCCEEDED]
         Test 47: Foundation::Streams :  [SUCCEEDED]
         Test 48: Foundation::Time :  [SUCCEEDED]
         Test 49: Foundation::Traversal :  [SUCCEEDED]
         Test 50: Foundation::PERFORMANCE :  [SUCCEEDED]
      Stroika/Samples Check {Release-DbgMemLeaks-U-32}:
         Checking Samples/ActiveLedIt...              [SKIPPED]
         Checking Samples/ArchiveUtility...           [SUCCEEDED]
         Checking Samples/Containers...               [SKIPPED]
         Checking Samples/LedIt...                    [SKIPPED]
         Checking Samples/LedLineIt...                [SKIPPED]
         Checking Samples/Serialization...               [SKIPPED]
         Checking Samples/SimpleLedTest...            [SKIPPED]
         Checking Samples/Service...            [SKIPPED]
         Checking Samples/SSDPClient...               [SKIPPED]
         Checking Samples/SSDPServer...               [SKIPPED]
         Checking Samples/SystemPerformanceClient...  [SKIPPED]
         Checking Samples/Traceroute...               [SKIPPED]
         Checking Samples/WebServer...                [SKIPPED]
         Checking Samples/WebService...                [SKIPPED]
Building Stroika all {Release-Logging-U-32}:
   Stroika ThirdPartyComponents Build {Release-Logging-U-32}:
      Stroika/ThirdPartyComponents/ActivePerl Build 5.26.0 {Release-Logging-U-32}:
      Stroika/ThirdPartyComponents/WIX Build 311 {Release-Logging-U-32}:
      Stroika/ThirdPartyComponents/lzma Build 1604 {Release-Logging-U-32}:
      Stroika/ThirdPartyComponents/sqlite Build 3270200 {Release-Logging-U-32}:
      Stroika/ThirdPartyComponents/zlib Build 1.2.8 {Release-Logging-U-32}:
      Stroika/ThirdPartyComponents/xerces 3.2.2 Build {Release-Logging-U-32}:
         Checking ...  Stroika/ThirdPartyComponents/WIX -  [Succeeded]
         sqlite 3270200 - Extracting ../Origs-Cache/sqlite-amalgamation-3270200.zip to IntermediateFiles/Release-Logging-U-32/ThirdPartyComponents/sqlite ... 
         lzma 1604 - Extracting ../Origs-Cache/lzma1604.7z to IntermediateFiles/Release-Logging-U-32/ThirdPartyComponents/lzma ... 
         zlib 1.2.8 - Extracting ../Origs-Cache/zlib-1.2.8.tar.gz to IntermediateFiles/Release-Logging-U-32/ThirdPartyComponents/zlib ... 
         sqlite 3270200 - Build ...
         Xerces 3.2.2 - Extracting ../Origs-Cache/xerces-c-3.2.2.tar.gz to IntermediateFiles/Release-Logging-U-32/ThirdPartyComponents/Xerces ... 
         zlib 1.2.8 - Patching IntermediateFiles/Release-Logging-U-32/ThirdPartyComponents/zlib ... 
         zlib 1.2.8 - Build (see IntermediateFiles/Release-Logging-U-32/ThirdPartyComponents/zlib//BUILD.OUT) ...
         lzma 1604 - Build: see IntermediateFiles/Release-Logging-U-32/ThirdPartyComponents/lzma/BUILD.OUT ...
         Checking ...  Stroika/ThirdPartyComponents/sqlite -  [Succeeded]
         Checking ...  Stroika/ThirdPartyComponents/zlib -    [Succeeded]
      Stroika/ThirdPartyComponents/boost Build 1_69_0 {Release-Logging-U-32}:
      Stroika/ThirdPartyComponents/OpenSSL Build 1.1.1a {Release-Logging-U-32}:
         boost 1_69_0 - Extracting ../Origs-Cache/boost_1_69_0.tar.gz to IntermediateFiles/Release-Logging-U-32/ThirdPartyComponents/boost ... 
         openssl 1.1.1a - Extracting ../Origs-Cache/openssl-1.1.1a.tar.gz to IntermediateFiles/Release-Logging-U-32/ThirdPartyComponents/openssl ... 
         Checking ...  Stroika/ThirdPartyComponents/lzma -    [Succeeded]
         Xerces 3.2.2 - Patching ... 
         Xerces 3.2.2 - Configuring (See IntermediateFiles/Release-Logging-U-32/ThirdPartyComponents/Xerces/CONFIGURE.OUT) ... 
         openssl 1.1.1a - Configure (see IntermediateFiles/Release-Logging-U-32/ThirdPartyComponents/openssl/CONFIG.OUT) ...  
         openssl 1.1.1a - Build (see IntermediateFiles/Release-Logging-U-32/ThirdPartyComponents/openssl/BUILD.OUT)  ... 
         Xerces 3.2.2 - Compiling (See IntermediateFiles/Release-Logging-U-32/ThirdPartyComponents/Xerces/BUILD.OUT) ... 
         Xerces 3.2.2 - Copying builds (See IntermediateFiles/Release-Logging-U-32/ThirdPartyComponents/Xerces/INSTALL.OUT) ... 
         Checking ...  Stroika/ThirdPartyComponents/Xerces -  [Succeeded]
         openssl 1.1.1a - Installing (see IntermediateFiles/Release-Logging-U-32/ThirdPartyComponents/openssl/INSTALL.OUT) ... 
         boost 1_69_0 - Bootstrapping - see IntermediateFiles/Release-Logging-U-32/ThirdPartyComponents/boost/BOOTSTRAP.OUT ... 
         openssl 1.1.1a - Running tests (see IntermediateFiles/Release-Logging-U-32/ThirdPartyComponents/openssl/TEST-OUT.txt) ...
         boost 1_69_0 - Config+Build; see IntermediateFiles/Release-Logging-U-32/ThirdPartyComponents/boost/ConfigureAndBuild.OUT ...
         Checking ...  Stroika/ThirdPartyComponents/OpenSSL - [Succeeded]
         Patching Builds/Release-Logging-U-32/ThirdPartyComponents/include/boost/config/user.hpp
         Checking ...  Stroika/ThirdPartyComponents/boost -   [Succeeded]
   Building Stroika Library {Release-Logging-U-32}:
      Building Stroika-Foundation:
C:\Sandbox\Stroika\DevRoot\Library\Sources\Stroika\Foundation\DataExchange\InternetMediaTypeRegistry.cpp(242): warning C4100: 'includeMoreGeneralTypes': unreferenced formal parameter [C:\Sandbox\Stroika\DevRoot\Library\Projects\VisualStudio.Net-2019\Stroika-Foundation.vcxproj]
C:\Sandbox\Stroika\DevRoot\Library\Sources\Stroika\Foundation\DataExchange\Variant\CharacterDelimitedLines\Writer.cpp(40): warning C4100: 'v': unreferenced formal parameter [C:\Sandbox\Stroika\DevRoot\Library\Projects\VisualStudio.Net-2019\Stroika-Foundation.vcxproj]
C:\Sandbox\Stroika\DevRoot\Library\Sources\Stroika\Foundation\DataExchange\Variant\CharacterDelimitedLines\Writer.cpp(46): warning C4100: 'out': unreferenced formal parameter [C:\Sandbox\Stroika\DevRoot\Library\Projects\VisualStudio.Net-2019\Stroika-Foundation.vcxproj]
C:\Sandbox\Stroika\DevRoot\Library\Sources\Stroika\Foundation\DataExchange\Variant\CharacterDelimitedLines\Writer.cpp(46): warning C4100: 'v': unreferenced formal parameter [C:\Sandbox\Stroika\DevRoot\Library\Projects\VisualStudio.Net-2019\Stroika-Foundation.vcxproj]
C:\Sandbox\Stroika\DevRoot\Library\Sources\Stroika\Foundation\DataExchange\Variant\INI\Writer.cpp(34): warning C4100: 'out': unreferenced formal parameter [C:\Sandbox\Stroika\DevRoot\Library\Projects\VisualStudio.Net-2019\Stroika-Foundation.vcxproj]
C:\Sandbox\Stroika\DevRoot\Library\Sources\Stroika\Foundation\DataExchange\Variant\INI\Writer.cpp(34): warning C4100: 'v': unreferenced formal parameter [C:\Sandbox\Stroika\DevRoot\Library\Projects\VisualStudio.Net-2019\Stroika-Foundation.vcxproj]
C:\Sandbox\Stroika\DevRoot\Library\Sources\Stroika\Foundation\DataExchange\Variant\INI\Writer.cpp(38): warning C4100: 'out': unreferenced formal parameter [C:\Sandbox\Stroika\DevRoot\Library\Projects\VisualStudio.Net-2019\Stroika-Foundation.vcxproj]
C:\Sandbox\Stroika\DevRoot\Library\Sources\Stroika\Foundation\DataExchange\Variant\INI\Writer.cpp(38): warning C4100: 'v': unreferenced formal parameter [C:\Sandbox\Stroika\DevRoot\Library\Projects\VisualStudio.Net-2019\Stroika-Foundation.vcxproj]
      Building Stroika-Frameworks:
   Building Stroika Tools {Release-Logging-U-32}:
               Building Stroika Tools-Frameworks-WebServer-HTMLViewCompiler...done
   Building Stroika Tests {Release-Logging-U-32}:
      Test 01: Foundation::Caching:
      Test 02: Foundation::Characters::Strings:
      Test 03: Foundation::Configuration:
      Test 04: Foundation::Containers::DataStructures::Array:
      Test 05: Foundation::Containers::DataStructures::LinkedList:
      Test 06: Foundation::Containers::DataStructures::DoublyLinkedList:
      Test 07: Foundation::Containers::DataStructures::STLContainerWrapper:
      Test 08: Foundation::Containers::DataStructures::SkipList:
      Test 09: Foundation::Containers::Association:
      Test 10: Foundation::Containers::Bag:
      Test 11: Foundation::Containers::Bijection:
      Test 12: Foundation::Containers::Collection:
      Test 13: Foundation::Containers::DataHyperRectangle:
      Test 14: Foundation::Containers::Deque:
      Test 15: Foundation::Containers::KeyedCollection:
      Test 16: Foundation::Containers::Mapping:
      Test 17: Foundation::Containers::MultiSet:
      Test 18: Foundation::Containers::PriorityQueue:
      Test 19: Foundation::Containers::Queue:
      Test 20: Foundation::Containers::Sequence:
      Test 21: Foundation::Containers::Set:
      Test 22: Foundation::Containers::SortedAssociation:
      Test 23: Foundation::Containers::SortedCollection:
      Test 24: Foundation::Containers::SortedMapping:
      Test 25: Foundation::Containers::SortedMultiSet:
      Test 26: Foundation::Containers::SortedSet:
      Test 27: Foundation::Containers::Stack:
      Test 28: Foundation::Containers::STL:
      Test 29: Foundation::Cryptography:
      Test 30: Foundation::DataExchange::Reader/Writers(7z/CharacterDelimitedLines/INI/JSON/XML/Zip):
      Test 31: Foundation::DataExchange::ObjectVariantMapper:
      Test 32: Foundation::DataExchange::XML::SaxParser:
      Test 33: Foundation::DataExchange::Other:
      Test 34: Foundation::Database:
      Test 35: Foundation::Execution::Exceptions:
      Test 36: Foundation::Execution::ProcessRunner:
      Test 37: Foundation::Execution::Signals:
      Test 38: Foundation::Execution::Threads:
      Test 39: Foundation::Execution::ThreadSafetyBuiltinObject:
      Test 40: Foundation::Execution::Other:
      Test 41: Foundation::IO::Network:
      Test 42: Foundation::IO::Network::HTTP:
      Test 43: Foundation::IO::Network::Transfer:
      Test 44: Foundation::IO::Other:
      Test 45: Foundation::Math:
      Test 46: Foundation::Memory:
      Test 47: Foundation::Streams:
      Test 48: Foundation::Time:
      Test 49: Foundation::Traversal:
      Test 50: Foundation::PERFORMANCE:
   Building Stroika Samples {Release-Logging-U-32}:
      Building Samples/ActiveLedIt:
         SKIPPED for unsupported configuration
      Building Samples/ArchiveUtility:
      Building Samples/Containers:
         SKIPPED for unsupported configuration
      Building Samples/LedIt:
         SKIPPED for unsupported configuration
      Building Samples/LedLineIt:
         SKIPPED for unsupported configuration
      Building Samples/Serialization:
         SKIPPED for unsupported configuration
      Building Samples/SimpleLedTest:
         SKIPPED for unsupported configuration
      Building Samples/Service:
         SKIPPED for unsupported configuration
      Building Samples/SSDPClient:
         SKIPPED for unsupported configuration
      Building Samples/SSDPServer:
         SKIPPED for unsupported configuration
      Building Samples/SystemPerformanceClient:
         SKIPPED for unsupported configuration
      Building Samples/Traceroute:
         SKIPPED for unsupported configuration
      Building Samples/WebServer:
         SKIPPED for unsupported configuration
      Building Samples/WebService:
         SKIPPED for unsupported configuration
which: no doxygen in (/usr/local/bin:/usr/bin:/cygdrive/c/WINDOWS/system32:/cygdrive/c/WINDOWS:/cygdrive/c/WINDOWS/System32/Wbem:/cygdrive/c/WINDOWS/System32/WindowsPowerShell/v1.0:/cygdrive/c/Program Files/dotnet:/cygdrive/c/Program Files/Microsoft SQL Server/130/Tools/Binn:/cygdrive/c/Program Files/nodejs:/cygdrive/c/WINDOWS/System32/OpenSSH:/cygdrive/c/bin:/cygdrive/c/Users/lewis/AppData/Local/Microsoft/WindowsApps:/usr/bin:/cygdrive/c/Program Files (x86)/Sophist Solutions, Inc/LedLineIt 3.1 (PRE-RELEASE):/cygdrive/c/Users/lewis/AppData/Roaming/npm:/cygdrive/c/Program Files (x86)/WinMerge)
   Skipping build of documentation since Doxygen not installed
   Checking Stroika {Release-Logging-U-32}:
      Stroika ThirdPartyComponents Check {Release-Logging-U-32}:
         Checking ...  Stroika/ThirdPartyComponents/boost -   [Succeeded]
         Checking ...  Stroika/ThirdPartyComponents/lzma -    [Succeeded]
         Checking ...  Stroika/ThirdPartyComponents/OpenSSL - [Succeeded]
         Checking ...  Stroika/ThirdPartyComponents/sqlite -  [Succeeded]
         Checking ...  Stroika/ThirdPartyComponents/Xerces -  [Succeeded]
         Checking ...  Stroika/ThirdPartyComponents/WIX -  [Succeeded]
         Checking ...  Stroika/ThirdPartyComponents/zlib -    [Succeeded]
      Checking Stroika Library {Release-Logging-U-32}:      [SUCCEEDED]
      Checking Stroika Tools {Release-Logging-U-32}:
                  Checking Tools/WebServer/HTMLViewCompiler...               [SUCCEEDED]
      Checking Stroika Tests {Release-Logging-U-32}:
         Test 01: Foundation::Caching :  [SUCCEEDED]
         Test 02: Foundation::Characters::Strings :  [SUCCEEDED]
         Test 03: Foundation::Configuration :  [SUCCEEDED]
         Test 04: Foundation::Containers::DataStructures::Array :  [SUCCEEDED]
         Test 05: Foundation::Containers::DataStructures::LinkedList :  [SUCCEEDED]
         Test 06: Foundation::Containers::DataStructures::DoublyLinkedList :  [SUCCEEDED]
         Test 07: Foundation::Containers::DataStructures::STLContainerWrapper :  [SUCCEEDED]
         Test 08: Foundation::Containers::DataStructures::SkipList :  [SUCCEEDED]
         Test 09: Foundation::Containers::Association :  [SUCCEEDED]
         Test 10: Foundation::Containers::Bag :  [SUCCEEDED]
         Test 11: Foundation::Containers::Bijection :  [SUCCEEDED]
         Test 12: Foundation::Containers::Collection :  [SUCCEEDED]
         Test 13: Foundation::Containers::DataHyperRectangle :  [SUCCEEDED]
         Test 14: Foundation::Containers::Deque :  [SUCCEEDED]
         Test 15: Foundation::Containers::KeyedCollection :  [SUCCEEDED]
         Test 16: Foundation::Containers::Mapping :  [SUCCEEDED]
         Test 17: Foundation::Containers::MultiSet :  [SUCCEEDED]
         Test 18: Foundation::Containers::PriorityQueue :  [SUCCEEDED]
         Test 19: Foundation::Containers::Queue :  [SUCCEEDED]
         Test 20: Foundation::Containers::Sequence :  [SUCCEEDED]
         Test 21: Foundation::Containers::Set :  [SUCCEEDED]
         Test 22: Foundation::Containers::SortedAssociation :  [SUCCEEDED]
         Test 23: Foundation::Containers::SortedCollection :  [SUCCEEDED]
         Test 24: Foundation::Containers::SortedMapping :  [SUCCEEDED]
         Test 25: Foundation::Containers::SortedMultiSet :  [SUCCEEDED]
         Test 26: Foundation::Containers::SortedSet :  [SUCCEEDED]
         Test 27: Foundation::Containers::Stack :  [SUCCEEDED]
         Test 28: Foundation::Containers::STL :  [SUCCEEDED]
         Test 29: Foundation::Cryptography :  [SUCCEEDED]
         Test 30: Foundation::DataExchange::Reader/Writers(7z/CharacterDelimitedLines/INI/JSON/XML/Zip) :  [SUCCEEDED]
         Test 31: Foundation::DataExchange::ObjectVariantMapper :  [SUCCEEDED]
         Test 32: Foundation::DataExchange::XML::SaxParser :  [SUCCEEDED]
         Test 33: Foundation::DataExchange::Other :  [SUCCEEDED]
         Test 34: Foundation::Database :  [SUCCEEDED]
         Test 35: Foundation::Execution::Exceptions :  [SUCCEEDED]
         Test 36: Foundation::Execution::ProcessRunner :  [SUCCEEDED]
         Test 37: Foundation::Execution::Signals :  [SUCCEEDED]
         Test 38: Foundation::Execution::Threads :  [SUCCEEDED]
         Test 39: Foundation::Execution::ThreadSafetyBuiltinObject :  [SUCCEEDED]
         Test 40: Foundation::Execution::Other :  [SUCCEEDED]
         Test 41: Foundation::IO::Network :  [SUCCEEDED]
         Test 42: Foundation::IO::Network::HTTP :  [SUCCEEDED]
         Test 43: Foundation::IO::Network::Transfer :  [SUCCEEDED]
         Test 44: Foundation::IO::Other :  [SUCCEEDED]
         Test 45: Foundation::Math :  [SUCCEEDED]
         Test 46: Foundation::Memory :  [SUCCEEDED]
         Test 47: Foundation::Streams :  [SUCCEEDED]
         Test 48: Foundation::Time :  [SUCCEEDED]
         Test 49: Foundation::Traversal :  [SUCCEEDED]
         Test 50: Foundation::PERFORMANCE :  [SUCCEEDED]
      Stroika/Samples Check {Release-Logging-U-32}:
         Checking Samples/ActiveLedIt...              [SKIPPED]
         Checking Samples/ArchiveUtility...           [SUCCEEDED]
         Checking Samples/Containers...               [SKIPPED]
         Checking Samples/LedIt...                    [SKIPPED]
         Checking Samples/LedLineIt...                [SKIPPED]
         Checking Samples/Serialization...               [SKIPPED]
         Checking Samples/SimpleLedTest...            [SKIPPED]
         Checking Samples/Service...            [SKIPPED]
         Checking Samples/SSDPClient...               [SKIPPED]
         Checking Samples/SSDPServer...               [SKIPPED]
         Checking Samples/SystemPerformanceClient...  [SKIPPED]
         Checking Samples/Traceroute...               [SKIPPED]
         Checking Samples/WebServer...                [SKIPPED]
         Checking Samples/WebService...                [SKIPPED]
Building Stroika all {Release-Logging-U-64}:
   Stroika ThirdPartyComponents Build {Release-Logging-U-64}:
      Stroika/ThirdPartyComponents/ActivePerl Build 5.26.0 {Release-Logging-U-64}:
      Stroika/ThirdPartyComponents/WIX Build 311 {Release-Logging-U-64}:
      Stroika/ThirdPartyComponents/sqlite Build 3270200 {Release-Logging-U-64}:
      Stroika/ThirdPartyComponents/lzma Build 1604 {Release-Logging-U-64}:
      Stroika/ThirdPartyComponents/zlib Build 1.2.8 {Release-Logging-U-64}:
      Stroika/ThirdPartyComponents/xerces 3.2.2 Build {Release-Logging-U-64}:
         Checking ...  Stroika/ThirdPartyComponents/WIX -  [Succeeded]
         lzma 1604 - Extracting ../Origs-Cache/lzma1604.7z to IntermediateFiles/Release-Logging-U-64/ThirdPartyComponents/lzma ... 
         sqlite 3270200 - Extracting ../Origs-Cache/sqlite-amalgamation-3270200.zip to IntermediateFiles/Release-Logging-U-64/ThirdPartyComponents/sqlite ... 
         zlib 1.2.8 - Extracting ../Origs-Cache/zlib-1.2.8.tar.gz to IntermediateFiles/Release-Logging-U-64/ThirdPartyComponents/zlib ... 
         sqlite 3270200 - Build ...
         Xerces 3.2.2 - Extracting ../Origs-Cache/xerces-c-3.2.2.tar.gz to IntermediateFiles/Release-Logging-U-64/ThirdPartyComponents/Xerces ... 
         zlib 1.2.8 - Patching IntermediateFiles/Release-Logging-U-64/ThirdPartyComponents/zlib ... 
         zlib 1.2.8 - Build (see IntermediateFiles/Release-Logging-U-64/ThirdPartyComponents/zlib//BUILD.OUT) ...
         lzma 1604 - Build: see IntermediateFiles/Release-Logging-U-64/ThirdPartyComponents/lzma/BUILD.OUT ...
         Checking ...  Stroika/ThirdPartyComponents/zlib -    [Succeeded]
      Stroika/ThirdPartyComponents/OpenSSL Build 1.1.1a {Release-Logging-U-64}:
      Stroika/ThirdPartyComponents/boost Build 1_69_0 {Release-Logging-U-64}:
         openssl 1.1.1a - Extracting ../Origs-Cache/openssl-1.1.1a.tar.gz to IntermediateFiles/Release-Logging-U-64/ThirdPartyComponents/openssl ... 
         boost 1_69_0 - Extracting ../Origs-Cache/boost_1_69_0.tar.gz to IntermediateFiles/Release-Logging-U-64/ThirdPartyComponents/boost ... 
         Checking ...  Stroika/ThirdPartyComponents/sqlite -  [Succeeded]
         Checking ...  Stroika/ThirdPartyComponents/lzma -    [Succeeded]
         Xerces 3.2.2 - Patching ... 
         Xerces 3.2.2 - Configuring (See IntermediateFiles/Release-Logging-U-64/ThirdPartyComponents/Xerces/CONFIGURE.OUT) ... 
         openssl 1.1.1a - Configure (see IntermediateFiles/Release-Logging-U-64/ThirdPartyComponents/openssl/CONFIG.OUT) ...  
         openssl 1.1.1a - Build (see IntermediateFiles/Release-Logging-U-64/ThirdPartyComponents/openssl/BUILD.OUT)  ... 
         Xerces 3.2.2 - Compiling (See IntermediateFiles/Release-Logging-U-64/ThirdPartyComponents/Xerces/BUILD.OUT) ... 
         Xerces 3.2.2 - Copying builds (See IntermediateFiles/Release-Logging-U-64/ThirdPartyComponents/Xerces/INSTALL.OUT) ... 
         Checking ...  Stroika/ThirdPartyComponents/Xerces -  [Succeeded]
         openssl 1.1.1a - Installing (see IntermediateFiles/Release-Logging-U-64/ThirdPartyComponents/openssl/INSTALL.OUT) ... 
         openssl 1.1.1a - Running tests (see IntermediateFiles/Release-Logging-U-64/ThirdPartyComponents/openssl/TEST-OUT.txt) ...
         boost 1_69_0 - Bootstrapping - see IntermediateFiles/Release-Logging-U-64/ThirdPartyComponents/boost/BOOTSTRAP.OUT ... 
         boost 1_69_0 - Config+Build; see IntermediateFiles/Release-Logging-U-64/ThirdPartyComponents/boost/ConfigureAndBuild.OUT ...
         Checking ...  Stroika/ThirdPartyComponents/OpenSSL - [Succeeded]
         Patching Builds/Release-Logging-U-64/ThirdPartyComponents/include/boost/config/user.hpp
         Checking ...  Stroika/ThirdPartyComponents/boost -   [Succeeded]
   Building Stroika Library {Release-Logging-U-64}:
      Building Stroika-Foundation:
C:\Sandbox\Stroika\DevRoot\Library\Sources\Stroika\Foundation\DataExchange\InternetMediaTypeRegistry.cpp(242): warning C4100: 'includeMoreGeneralTypes': unreferenced formal parameter [C:\Sandbox\Stroika\DevRoot\Library\Projects\VisualStudio.Net-2019\Stroika-Foundation.vcxproj]
C:\Sandbox\Stroika\DevRoot\Library\Sources\Stroika\Foundation\DataExchange\Variant\CharacterDelimitedLines\Writer.cpp(40): warning C4100: 'v': unreferenced formal parameter [C:\Sandbox\Stroika\DevRoot\Library\Projects\VisualStudio.Net-2019\Stroika-Foundation.vcxproj]
C:\Sandbox\Stroika\DevRoot\Library\Sources\Stroika\Foundation\DataExchange\Variant\CharacterDelimitedLines\Writer.cpp(46): warning C4100: 'out': unreferenced formal parameter [C:\Sandbox\Stroika\DevRoot\Library\Projects\VisualStudio.Net-2019\Stroika-Foundation.vcxproj]
C:\Sandbox\Stroika\DevRoot\Library\Sources\Stroika\Foundation\DataExchange\Variant\CharacterDelimitedLines\Writer.cpp(46): warning C4100: 'v': unreferenced formal parameter [C:\Sandbox\Stroika\DevRoot\Library\Projects\VisualStudio.Net-2019\Stroika-Foundation.vcxproj]
C:\Sandbox\Stroika\DevRoot\Library\Sources\Stroika\Foundation\DataExchange\Variant\INI\Writer.cpp(34): warning C4100: 'out': unreferenced formal parameter [C:\Sandbox\Stroika\DevRoot\Library\Projects\VisualStudio.Net-2019\Stroika-Foundation.vcxproj]
C:\Sandbox\Stroika\DevRoot\Library\Sources\Stroika\Foundation\DataExchange\Variant\INI\Writer.cpp(34): warning C4100: 'v': unreferenced formal parameter [C:\Sandbox\Stroika\DevRoot\Library\Projects\VisualStudio.Net-2019\Stroika-Foundation.vcxproj]
C:\Sandbox\Stroika\DevRoot\Library\Sources\Stroika\Foundation\DataExchange\Variant\INI\Writer.cpp(38): warning C4100: 'out': unreferenced formal parameter [C:\Sandbox\Stroika\DevRoot\Library\Projects\VisualStudio.Net-2019\Stroika-Foundation.vcxproj]
C:\Sandbox\Stroika\DevRoot\Library\Sources\Stroika\Foundation\DataExchange\Variant\INI\Writer.cpp(38): warning C4100: 'v': unreferenced formal parameter [C:\Sandbox\Stroika\DevRoot\Library\Projects\VisualStudio.Net-2019\Stroika-Foundation.vcxproj]
      Building Stroika-Frameworks:
   Building Stroika Tools {Release-Logging-U-64}:
               Building Stroika Tools-Frameworks-WebServer-HTMLViewCompiler...done
   Building Stroika Tests {Release-Logging-U-64}:
      Test 01: Foundation::Caching:
      Test 02: Foundation::Characters::Strings:
      Test 03: Foundation::Configuration:
      Test 04: Foundation::Containers::DataStructures::Array:
      Test 05: Foundation::Containers::DataStructures::LinkedList:
      Test 06: Foundation::Containers::DataStructures::DoublyLinkedList:
      Test 07: Foundation::Containers::DataStructures::STLContainerWrapper:
      Test 08: Foundation::Containers::DataStructures::SkipList:
      Test 09: Foundation::Containers::Association:
      Test 10: Foundation::Containers::Bag:
      Test 11: Foundation::Containers::Bijection:
      Test 12: Foundation::Containers::Collection:
      Test 13: Foundation::Containers::DataHyperRectangle:
      Test 14: Foundation::Containers::Deque:
      Test 15: Foundation::Containers::KeyedCollection:
      Test 16: Foundation::Containers::Mapping:
      Test 17: Foundation::Containers::MultiSet:
      Test 18: Foundation::Containers::PriorityQueue:
      Test 19: Foundation::Containers::Queue:
      Test 20: Foundation::Containers::Sequence:
      Test 21: Foundation::Containers::Set:
      Test 22: Foundation::Containers::SortedAssociation:
      Test 23: Foundation::Containers::SortedCollection:
      Test 24: Foundation::Containers::SortedMapping:
      Test 25: Foundation::Containers::SortedMultiSet:
      Test 26: Foundation::Containers::SortedSet:
      Test 27: Foundation::Containers::Stack:
      Test 28: Foundation::Containers::STL:
      Test 29: Foundation::Cryptography:
      Test 30: Foundation::DataExchange::Reader/Writers(7z/CharacterDelimitedLines/INI/JSON/XML/Zip):
      Test 31: Foundation::DataExchange::ObjectVariantMapper:
      Test 32: Foundation::DataExchange::XML::SaxParser:
      Test 33: Foundation::DataExchange::Other:
      Test 34: Foundation::Database:
      Test 35: Foundation::Execution::Exceptions:
      Test 36: Foundation::Execution::ProcessRunner:
      Test 37: Foundation::Execution::Signals:
      Test 38: Foundation::Execution::Threads:
      Test 39: Foundation::Execution::ThreadSafetyBuiltinObject:
      Test 40: Foundation::Execution::Other:
      Test 41: Foundation::IO::Network:
      Test 42: Foundation::IO::Network::HTTP:
      Test 43: Foundation::IO::Network::Transfer:
      Test 44: Foundation::IO::Other:
      Test 45: Foundation::Math:
      Test 46: Foundation::Memory:
      Test 47: Foundation::Streams:
      Test 48: Foundation::Time:
      Test 49: Foundation::Traversal:
      Test 50: Foundation::PERFORMANCE:
   Building Stroika Samples {Release-Logging-U-64}:
      Building Samples/ActiveLedIt:
         SKIPPED for unsupported configuration
      Building Samples/ArchiveUtility:
      Building Samples/Containers:
         SKIPPED for unsupported configuration
      Building Samples/LedIt:
         SKIPPED for unsupported configuration
      Building Samples/LedLineIt:
         SKIPPED for unsupported configuration
      Building Samples/Serialization:
         SKIPPED for unsupported configuration
      Building Samples/SimpleLedTest:
         SKIPPED for unsupported configuration
      Building Samples/Service:
         SKIPPED for unsupported configuration
      Building Samples/SSDPClient:
         SKIPPED for unsupported configuration
      Building Samples/SSDPServer:
         SKIPPED for unsupported configuration
      Building Samples/SystemPerformanceClient:
         SKIPPED for unsupported configuration
      Building Samples/Traceroute:
         SKIPPED for unsupported configuration
      Building Samples/WebServer:
         SKIPPED for unsupported configuration
      Building Samples/WebService:
         SKIPPED for unsupported configuration
which: no doxygen in (/usr/local/bin:/usr/bin:/cygdrive/c/WINDOWS/system32:/cygdrive/c/WINDOWS:/cygdrive/c/WINDOWS/System32/Wbem:/cygdrive/c/WINDOWS/System32/WindowsPowerShell/v1.0:/cygdrive/c/Program Files/dotnet:/cygdrive/c/Program Files/Microsoft SQL Server/130/Tools/Binn:/cygdrive/c/Program Files/nodejs:/cygdrive/c/WINDOWS/System32/OpenSSH:/cygdrive/c/bin:/cygdrive/c/Users/lewis/AppData/Local/Microsoft/WindowsApps:/usr/bin:/cygdrive/c/Program Files (x86)/Sophist Solutions, Inc/LedLineIt 3.1 (PRE-RELEASE):/cygdrive/c/Users/lewis/AppData/Roaming/npm:/cygdrive/c/Program Files (x86)/WinMerge)
   Skipping build of documentation since Doxygen not installed
   Checking Stroika {Release-Logging-U-64}:
      Stroika ThirdPartyComponents Check {Release-Logging-U-64}:
         Checking ...  Stroika/ThirdPartyComponents/boost -   [Succeeded]
         Checking ...  Stroika/ThirdPartyComponents/lzma -    [Succeeded]
         Checking ...  Stroika/ThirdPartyComponents/OpenSSL - [Succeeded]
         Checking ...  Stroika/ThirdPartyComponents/sqlite -  [Succeeded]
         Checking ...  Stroika/ThirdPartyComponents/Xerces -  [Succeeded]
         Checking ...  Stroika/ThirdPartyComponents/WIX -  [Succeeded]
         Checking ...  Stroika/ThirdPartyComponents/zlib -    [Succeeded]
      Checking Stroika Library {Release-Logging-U-64}:      [SUCCEEDED]
      Checking Stroika Tools {Release-Logging-U-64}:
                  Checking Tools/WebServer/HTMLViewCompiler...               [SUCCEEDED]
      Checking Stroika Tests {Release-Logging-U-64}:
         Test 01: Foundation::Caching :  [SUCCEEDED]
         Test 02: Foundation::Characters::Strings :  [SUCCEEDED]
         Test 03: Foundation::Configuration :  [SUCCEEDED]
         Test 04: Foundation::Containers::DataStructures::Array :  [SUCCEEDED]
         Test 05: Foundation::Containers::DataStructures::LinkedList :  [SUCCEEDED]
         Test 06: Foundation::Containers::DataStructures::DoublyLinkedList :  [SUCCEEDED]
         Test 07: Foundation::Containers::DataStructures::STLContainerWrapper :  [SUCCEEDED]
         Test 08: Foundation::Containers::DataStructures::SkipList :  [SUCCEEDED]
         Test 09: Foundation::Containers::Association :  [SUCCEEDED]
         Test 10: Foundation::Containers::Bag :  [SUCCEEDED]
         Test 11: Foundation::Containers::Bijection :  [SUCCEEDED]
         Test 12: Foundation::Containers::Collection :  [SUCCEEDED]
         Test 13: Foundation::Containers::DataHyperRectangle :  [SUCCEEDED]
         Test 14: Foundation::Containers::Deque :  [SUCCEEDED]
         Test 15: Foundation::Containers::KeyedCollection :  [SUCCEEDED]
         Test 16: Foundation::Containers::Mapping :  [SUCCEEDED]
         Test 17: Foundation::Containers::MultiSet :  [SUCCEEDED]
         Test 18: Foundation::Containers::PriorityQueue :  [SUCCEEDED]
         Test 19: Foundation::Containers::Queue :  [SUCCEEDED]
         Test 20: Foundation::Containers::Sequence :  [SUCCEEDED]
         Test 21: Foundation::Containers::Set :  [SUCCEEDED]
         Test 22: Foundation::Containers::SortedAssociation :  [SUCCEEDED]
         Test 23: Foundation::Containers::SortedCollection :  [SUCCEEDED]
         Test 24: Foundation::Containers::SortedMapping :  [SUCCEEDED]
         Test 25: Foundation::Containers::SortedMultiSet :  [SUCCEEDED]
         Test 26: Foundation::Containers::SortedSet :  [SUCCEEDED]
         Test 27: Foundation::Containers::Stack :  [SUCCEEDED]
         Test 28: Foundation::Containers::STL :  [SUCCEEDED]
         Test 29: Foundation::Cryptography :  [SUCCEEDED]
         Test 30: Foundation::DataExchange::Reader/Writers(7z/CharacterDelimitedLines/INI/JSON/XML/Zip) :  [SUCCEEDED]
         Test 31: Foundation::DataExchange::ObjectVariantMapper :  [SUCCEEDED]
         Test 32: Foundation::DataExchange::XML::SaxParser :  [SUCCEEDED]
         Test 33: Foundation::DataExchange::Other :  [SUCCEEDED]
         Test 34: Foundation::Database :  [SUCCEEDED]
         Test 35: Foundation::Execution::Exceptions :  [SUCCEEDED]
         Test 36: Foundation::Execution::ProcessRunner :  [SUCCEEDED]
         Test 37: Foundation::Execution::Signals :  [SUCCEEDED]
         Test 38: Foundation::Execution::Threads :  [SUCCEEDED]
         Test 39: Foundation::Execution::ThreadSafetyBuiltinObject :  [SUCCEEDED]
         Test 40: Foundation::Execution::Other :  [SUCCEEDED]
         Test 41: Foundation::IO::Network :  [SUCCEEDED]
         Test 42: Foundation::IO::Network::HTTP :  [SUCCEEDED]
         Test 43: Foundation::IO::Network::Transfer :  [SUCCEEDED]
         Test 44: Foundation::IO::Other :  [SUCCEEDED]
         Test 45: Foundation::Math :  [SUCCEEDED]
         Test 46: Foundation::Memory :  [SUCCEEDED]
         Test 47: Foundation::Streams :  [SUCCEEDED]
         Test 48: Foundation::Time :  [SUCCEEDED]
         Test 49: Foundation::Traversal :  [SUCCEEDED]
         Test 50: Foundation::PERFORMANCE :  [SUCCEEDED]
      Stroika/Samples Check {Release-Logging-U-64}:
         Checking Samples/ActiveLedIt...              [SKIPPED]
         Checking Samples/ArchiveUtility...           [SUCCEEDED]
         Checking Samples/Containers...               [SKIPPED]
         Checking Samples/LedIt...                    [SKIPPED]
         Checking Samples/LedLineIt...                [SKIPPED]
         Checking Samples/Serialization...               [SKIPPED]
         Checking Samples/SimpleLedTest...            [SKIPPED]
         Checking Samples/Service...            [SKIPPED]
         Checking Samples/SSDPClient...               [SKIPPED]
         Checking Samples/SSDPServer...               [SKIPPED]
         Checking Samples/SystemPerformanceClient...  [SKIPPED]
         Checking Samples/Traceroute...               [SKIPPED]
         Checking Samples/WebServer...                [SKIPPED]
         Checking Samples/WebService...                [SKIPPED]
Building Stroika all {Release-U-32}:
   Stroika ThirdPartyComponents Build {Release-U-32}:
      Stroika/ThirdPartyComponents/ActivePerl Build 5.26.0 {Release-U-32}:
      Stroika/ThirdPartyComponents/WIX Build 311 {Release-U-32}:
      Stroika/ThirdPartyComponents/lzma Build 1604 {Release-U-32}:
      Stroika/ThirdPartyComponents/sqlite Build 3270200 {Release-U-32}:
      Stroika/ThirdPartyComponents/zlib Build 1.2.8 {Release-U-32}:
      Stroika/ThirdPartyComponents/xerces 3.2.2 Build {Release-U-32}:
         Checking ...  Stroika/ThirdPartyComponents/WIX -  [Succeeded]
         sqlite 3270200 - Extracting ../Origs-Cache/sqlite-amalgamation-3270200.zip to IntermediateFiles/Release-U-32/ThirdPartyComponents/sqlite ... 
         lzma 1604 - Extracting ../Origs-Cache/lzma1604.7z to IntermediateFiles/Release-U-32/ThirdPartyComponents/lzma ... 
         zlib 1.2.8 - Extracting ../Origs-Cache/zlib-1.2.8.tar.gz to IntermediateFiles/Release-U-32/ThirdPartyComponents/zlib ... 
         sqlite 3270200 - Build ...
         Xerces 3.2.2 - Extracting ../Origs-Cache/xerces-c-3.2.2.tar.gz to IntermediateFiles/Release-U-32/ThirdPartyComponents/Xerces ... 
         zlib 1.2.8 - Patching IntermediateFiles/Release-U-32/ThirdPartyComponents/zlib ... 
         zlib 1.2.8 - Build (see IntermediateFiles/Release-U-32/ThirdPartyComponents/zlib//BUILD.OUT) ...
         lzma 1604 - Build: see IntermediateFiles/Release-U-32/ThirdPartyComponents/lzma/BUILD.OUT ...
         Checking ...  Stroika/ThirdPartyComponents/zlib -    [Succeeded]
         Checking ...  Stroika/ThirdPartyComponents/sqlite -  [Succeeded]
      Stroika/ThirdPartyComponents/OpenSSL Build 1.1.1a {Release-U-32}:
      Stroika/ThirdPartyComponents/boost Build 1_69_0 {Release-U-32}:
         openssl 1.1.1a - Extracting ../Origs-Cache/openssl-1.1.1a.tar.gz to IntermediateFiles/Release-U-32/ThirdPartyComponents/openssl ... 
         boost 1_69_0 - Extracting ../Origs-Cache/boost_1_69_0.tar.gz to IntermediateFiles/Release-U-32/ThirdPartyComponents/boost ... 
         Checking ...  Stroika/ThirdPartyComponents/lzma -    [Succeeded]
         Xerces 3.2.2 - Patching ... 
         Xerces 3.2.2 - Configuring (See IntermediateFiles/Release-U-32/ThirdPartyComponents/Xerces/CONFIGURE.OUT) ... 
         openssl 1.1.1a - Configure (see IntermediateFiles/Release-U-32/ThirdPartyComponents/openssl/CONFIG.OUT) ...  
         openssl 1.1.1a - Build (see IntermediateFiles/Release-U-32/ThirdPartyComponents/openssl/BUILD.OUT)  ... 
         Xerces 3.2.2 - Compiling (See IntermediateFiles/Release-U-32/ThirdPartyComponents/Xerces/BUILD.OUT) ... 
         Xerces 3.2.2 - Copying builds (See IntermediateFiles/Release-U-32/ThirdPartyComponents/Xerces/INSTALL.OUT) ... 
         Checking ...  Stroika/ThirdPartyComponents/Xerces -  [Succeeded]
         openssl 1.1.1a - Installing (see IntermediateFiles/Release-U-32/ThirdPartyComponents/openssl/INSTALL.OUT) ... 
         openssl 1.1.1a - Running tests (see IntermediateFiles/Release-U-32/ThirdPartyComponents/openssl/TEST-OUT.txt) ...
         boost 1_69_0 - Bootstrapping - see IntermediateFiles/Release-U-32/ThirdPartyComponents/boost/BOOTSTRAP.OUT ... 
         boost 1_69_0 - Config+Build; see IntermediateFiles/Release-U-32/ThirdPartyComponents/boost/ConfigureAndBuild.OUT ...
         Checking ...  Stroika/ThirdPartyComponents/OpenSSL - [Succeeded]
         Patching Builds/Release-U-32/ThirdPartyComponents/include/boost/config/user.hpp
         Checking ...  Stroika/ThirdPartyComponents/boost -   [Succeeded]
   Building Stroika Library {Release-U-32}:
      Building Stroika-Foundation:
C:\Sandbox\Stroika\DevRoot\Library\Sources\Stroika\Foundation\DataExchange\InternetMediaTypeRegistry.cpp(242): warning C4100: 'includeMoreGeneralTypes': unreferenced formal parameter [C:\Sandbox\Stroika\DevRoot\Library\Projects\VisualStudio.Net-2019\Stroika-Foundation.vcxproj]
C:\Sandbox\Stroika\DevRoot\Library\Sources\Stroika\Foundation\DataExchange\Variant\CharacterDelimitedLines\Writer.cpp(40): warning C4100: 'v': unreferenced formal parameter [C:\Sandbox\Stroika\DevRoot\Library\Projects\VisualStudio.Net-2019\Stroika-Foundation.vcxproj]
C:\Sandbox\Stroika\DevRoot\Library\Sources\Stroika\Foundation\DataExchange\Variant\CharacterDelimitedLines\Writer.cpp(46): warning C4100: 'out': unreferenced formal parameter [C:\Sandbox\Stroika\DevRoot\Library\Projects\VisualStudio.Net-2019\Stroika-Foundation.vcxproj]
C:\Sandbox\Stroika\DevRoot\Library\Sources\Stroika\Foundation\DataExchange\Variant\CharacterDelimitedLines\Writer.cpp(46): warning C4100: 'v': unreferenced formal parameter [C:\Sandbox\Stroika\DevRoot\Library\Projects\VisualStudio.Net-2019\Stroika-Foundation.vcxproj]
C:\Sandbox\Stroika\DevRoot\Library\Sources\Stroika\Foundation\DataExchange\Variant\INI\Writer.cpp(34): warning C4100: 'out': unreferenced formal parameter [C:\Sandbox\Stroika\DevRoot\Library\Projects\VisualStudio.Net-2019\Stroika-Foundation.vcxproj]
C:\Sandbox\Stroika\DevRoot\Library\Sources\Stroika\Foundation\DataExchange\Variant\INI\Writer.cpp(34): warning C4100: 'v': unreferenced formal parameter [C:\Sandbox\Stroika\DevRoot\Library\Projects\VisualStudio.Net-2019\Stroika-Foundation.vcxproj]
C:\Sandbox\Stroika\DevRoot\Library\Sources\Stroika\Foundation\DataExchange\Variant\INI\Writer.cpp(38): warning C4100: 'out': unreferenced formal parameter [C:\Sandbox\Stroika\DevRoot\Library\Projects\VisualStudio.Net-2019\Stroika-Foundation.vcxproj]
C:\Sandbox\Stroika\DevRoot\Library\Sources\Stroika\Foundation\DataExchange\Variant\INI\Writer.cpp(38): warning C4100: 'v': unreferenced formal parameter [C:\Sandbox\Stroika\DevRoot\Library\Projects\VisualStudio.Net-2019\Stroika-Foundation.vcxproj]
      Building Stroika-Frameworks:
   Building Stroika Tools {Release-U-32}:
               Building Stroika Tools-Frameworks-WebServer-HTMLViewCompiler...done
   Building Stroika Tests {Release-U-32}:
      Test 01: Foundation::Caching:
      Test 02: Foundation::Characters::Strings:
      Test 03: Foundation::Configuration:
      Test 04: Foundation::Containers::DataStructures::Array:
      Test 05: Foundation::Containers::DataStructures::LinkedList:
      Test 06: Foundation::Containers::DataStructures::DoublyLinkedList:
      Test 07: Foundation::Containers::DataStructures::STLContainerWrapper:
      Test 08: Foundation::Containers::DataStructures::SkipList:
      Test 09: Foundation::Containers::Association:
      Test 10: Foundation::Containers::Bag:
      Test 11: Foundation::Containers::Bijection:
      Test 12: Foundation::Containers::Collection:
      Test 13: Foundation::Containers::DataHyperRectangle:
      Test 14: Foundation::Containers::Deque:
      Test 15: Foundation::Containers::KeyedCollection:
      Test 16: Foundation::Containers::Mapping:
      Test 17: Foundation::Containers::MultiSet:
      Test 18: Foundation::Containers::PriorityQueue:
      Test 19: Foundation::Containers::Queue:
      Test 20: Foundation::Containers::Sequence:
      Test 21: Foundation::Containers::Set:
      Test 22: Foundation::Containers::SortedAssociation:
      Test 23: Foundation::Containers::SortedCollection:
      Test 24: Foundation::Containers::SortedMapping:
      Test 25: Foundation::Containers::SortedMultiSet:
      Test 26: Foundation::Containers::SortedSet:
      Test 27: Foundation::Containers::Stack:
      Test 28: Foundation::Containers::STL:
      Test 29: Foundation::Cryptography:
      Test 30: Foundation::DataExchange::Reader/Writers(7z/CharacterDelimitedLines/INI/JSON/XML/Zip):
      Test 31: Foundation::DataExchange::ObjectVariantMapper:
      Test 32: Foundation::DataExchange::XML::SaxParser:
      Test 33: Foundation::DataExchange::Other:
      Test 34: Foundation::Database:
      Test 35: Foundation::Execution::Exceptions:
      Test 36: Foundation::Execution::ProcessRunner:
      Test 37: Foundation::Execution::Signals:
      Test 38: Foundation::Execution::Threads:
      Test 39: Foundation::Execution::ThreadSafetyBuiltinObject:
      Test 40: Foundation::Execution::Other:
      Test 41: Foundation::IO::Network:
      Test 42: Foundation::IO::Network::HTTP:
      Test 43: Foundation::IO::Network::Transfer:
      Test 44: Foundation::IO::Other:
      Test 45: Foundation::Math:
      Test 46: Foundation::Memory:
      Test 47: Foundation::Streams:
      Test 48: Foundation::Time:
      Test 49: Foundation::Traversal:
      Test 50: Foundation::PERFORMANCE:
   Building Stroika Samples {Release-U-32}:
      Building Samples/ActiveLedIt:
      Building Samples/ArchiveUtility:
      Building Samples/Containers:
      Building Samples/LedIt:
      Building Samples/LedLineIt:
      Building Samples/Serialization:
      Building Samples/SimpleLedTest:
      Building Samples/Service:
         Building Installers:
            Building WIX installer: 
               temp files: IntermediateFiles/Release-U-32/Samples-Service/WIX_TMP/; log: IntermediateFiles/Release-U-32/Samples-Service/WIX-Installer-Build.Out...
               Built: Builds/Release-U-32/Samples-Service/Stroika-SampleService-Windows-x86-Release-U-32.msi
      Building Samples/SSDPClient:
      Building Samples/SSDPServer:
      Building Samples/SystemPerformanceClient:
      Building Samples/Traceroute:
      Building Samples/WebServer:
      Building Samples/WebService:
which: no doxygen in (/usr/local/bin:/usr/bin:/cygdrive/c/WINDOWS/system32:/cygdrive/c/WINDOWS:/cygdrive/c/WINDOWS/System32/Wbem:/cygdrive/c/WINDOWS/System32/WindowsPowerShell/v1.0:/cygdrive/c/Program Files/dotnet:/cygdrive/c/Program Files/Microsoft SQL Server/130/Tools/Binn:/cygdrive/c/Program Files/nodejs:/cygdrive/c/WINDOWS/System32/OpenSSH:/cygdrive/c/bin:/cygdrive/c/Users/lewis/AppData/Local/Microsoft/WindowsApps:/usr/bin:/cygdrive/c/Program Files (x86)/Sophist Solutions, Inc/LedLineIt 3.1 (PRE-RELEASE):/cygdrive/c/Users/lewis/AppData/Roaming/npm:/cygdrive/c/Program Files (x86)/WinMerge)
   Skipping build of documentation since Doxygen not installed
   Checking Stroika {Release-U-32}:
      Stroika ThirdPartyComponents Check {Release-U-32}:
         Checking ...  Stroika/ThirdPartyComponents/boost -   [Succeeded]
         Checking ...  Stroika/ThirdPartyComponents/lzma -    [Succeeded]
         Checking ...  Stroika/ThirdPartyComponents/OpenSSL - [Succeeded]
         Checking ...  Stroika/ThirdPartyComponents/sqlite -  [Succeeded]
         Checking ...  Stroika/ThirdPartyComponents/Xerces -  [Succeeded]
         Checking ...  Stroika/ThirdPartyComponents/WIX -  [Succeeded]
         Checking ...  Stroika/ThirdPartyComponents/zlib -    [Succeeded]
      Checking Stroika Library {Release-U-32}:      [SUCCEEDED]
      Checking Stroika Tools {Release-U-32}:
                  Checking Tools/WebServer/HTMLViewCompiler...               [SUCCEEDED]
      Checking Stroika Tests {Release-U-32}:
         Test 01: Foundation::Caching :  [SUCCEEDED]
         Test 02: Foundation::Characters::Strings :  [SUCCEEDED]
         Test 03: Foundation::Configuration :  [SUCCEEDED]
         Test 04: Foundation::Containers::DataStructures::Array :  [SUCCEEDED]
         Test 05: Foundation::Containers::DataStructures::LinkedList :  [SUCCEEDED]
         Test 06: Foundation::Containers::DataStructures::DoublyLinkedList :  [SUCCEEDED]
         Test 07: Foundation::Containers::DataStructures::STLContainerWrapper :  [SUCCEEDED]
         Test 08: Foundation::Containers::DataStructures::SkipList :  [SUCCEEDED]
         Test 09: Foundation::Containers::Association :  [SUCCEEDED]
         Test 10: Foundation::Containers::Bag :  [SUCCEEDED]
         Test 11: Foundation::Containers::Bijection :  [SUCCEEDED]
         Test 12: Foundation::Containers::Collection :  [SUCCEEDED]
         Test 13: Foundation::Containers::DataHyperRectangle :  [SUCCEEDED]
         Test 14: Foundation::Containers::Deque :  [SUCCEEDED]
         Test 15: Foundation::Containers::KeyedCollection :  [SUCCEEDED]
         Test 16: Foundation::Containers::Mapping :  [SUCCEEDED]
         Test 17: Foundation::Containers::MultiSet :  [SUCCEEDED]
         Test 18: Foundation::Containers::PriorityQueue :  [SUCCEEDED]
         Test 19: Foundation::Containers::Queue :  [SUCCEEDED]
         Test 20: Foundation::Containers::Sequence :  [SUCCEEDED]
         Test 21: Foundation::Containers::Set :  [SUCCEEDED]
         Test 22: Foundation::Containers::SortedAssociation :  [SUCCEEDED]
         Test 23: Foundation::Containers::SortedCollection :  [SUCCEEDED]
         Test 24: Foundation::Containers::SortedMapping :  [SUCCEEDED]
         Test 25: Foundation::Containers::SortedMultiSet :  [SUCCEEDED]
         Test 26: Foundation::Containers::SortedSet :  [SUCCEEDED]
         Test 27: Foundation::Containers::Stack :  [SUCCEEDED]
         Test 28: Foundation::Containers::STL :  [SUCCEEDED]
         Test 29: Foundation::Cryptography :  [SUCCEEDED]
         Test 30: Foundation::DataExchange::Reader/Writers(7z/CharacterDelimitedLines/INI/JSON/XML/Zip) :  [SUCCEEDED]
         Test 31: Foundation::DataExchange::ObjectVariantMapper :  [SUCCEEDED]
         Test 32: Foundation::DataExchange::XML::SaxParser :  [SUCCEEDED]
         Test 33: Foundation::DataExchange::Other :  [SUCCEEDED]
         Test 34: Foundation::Database :  [SUCCEEDED]
         Test 35: Foundation::Execution::Exceptions :  [SUCCEEDED]
         Test 36: Foundation::Execution::ProcessRunner :  [SUCCEEDED]
         Test 37: Foundation::Execution::Signals :  [SUCCEEDED]
         Test 38: Foundation::Execution::Threads :  [SUCCEEDED]
         Test 39: Foundation::Execution::ThreadSafetyBuiltinObject :  [SUCCEEDED]
         Test 40: Foundation::Execution::Other :  [SUCCEEDED]
         Test 41: Foundation::IO::Network :  [SUCCEEDED]
         Test 42: Foundation::IO::Network::HTTP :  [SUCCEEDED]
         Test 43: Foundation::IO::Network::Transfer :  [SUCCEEDED]
         Test 44: Foundation::IO::Other :  [SUCCEEDED]
         Test 45: Foundation::Math :  [SUCCEEDED]
         Test 46: Foundation::Memory :  [SUCCEEDED]
         Test 47: Foundation::Streams :  [SUCCEEDED]
         Test 48: Foundation::Time :  [SUCCEEDED]
         Test 49: Foundation::Traversal :  [SUCCEEDED]
         Test 50: Foundation::PERFORMANCE :  [SUCCEEDED]
      Stroika/Samples Check {Release-U-32}:
         Checking Samples/ActiveLedIt...              [SUCCEEDED]
         Checking Samples/ArchiveUtility...           [SUCCEEDED]
         Checking Samples/Containers...               [SUCCEEDED]
         Checking Samples/LedIt...                    [SUCCEEDED]
         Checking Samples/LedLineIt...                [SUCCEEDED]
         Checking Samples/Serialization...               [SUCCEEDED]
         Checking Samples/SimpleLedTest...            [SUCCEEDED]
         Checking Samples/Service...            [SUCCEEDED]
         Checking Samples/SSDPClient...               [SUCCEEDED]
         Checking Samples/SSDPServer...               [SUCCEEDED]
         Checking Samples/SystemPerformanceClient...  [SUCCEEDED]
         Checking Samples/Traceroute...               [SUCCEEDED]
         Checking Samples/WebServer...                [SUCCEEDED]
         Checking Samples/WebService...                [SUCCEEDED]
Building Stroika all {Release-U-64}:
   Stroika ThirdPartyComponents Build {Release-U-64}:
      Stroika/ThirdPartyComponents/ActivePerl Build 5.26.0 {Release-U-64}:
      Stroika/ThirdPartyComponents/lzma Build 1604 {Release-U-64}:
      Stroika/ThirdPartyComponents/WIX Build 311 {Release-U-64}:
      Stroika/ThirdPartyComponents/sqlite Build 3270200 {Release-U-64}:
      Stroika/ThirdPartyComponents/zlib Build 1.2.8 {Release-U-64}:
      Stroika/ThirdPartyComponents/xerces 3.2.2 Build {Release-U-64}:
         Checking ...  Stroika/ThirdPartyComponents/WIX -  [Succeeded]
         sqlite 3270200 - Extracting ../Origs-Cache/sqlite-amalgamation-3270200.zip to IntermediateFiles/Release-U-64/ThirdPartyComponents/sqlite ... 
         lzma 1604 - Extracting ../Origs-Cache/lzma1604.7z to IntermediateFiles/Release-U-64/ThirdPartyComponents/lzma ... 
         zlib 1.2.8 - Extracting ../Origs-Cache/zlib-1.2.8.tar.gz to IntermediateFiles/Release-U-64/ThirdPartyComponents/zlib ... 
         sqlite 3270200 - Build ...
         Xerces 3.2.2 - Extracting ../Origs-Cache/xerces-c-3.2.2.tar.gz to IntermediateFiles/Release-U-64/ThirdPartyComponents/Xerces ... 
         zlib 1.2.8 - Patching IntermediateFiles/Release-U-64/ThirdPartyComponents/zlib ... 
         zlib 1.2.8 - Build (see IntermediateFiles/Release-U-64/ThirdPartyComponents/zlib//BUILD.OUT) ...
         lzma 1604 - Build: see IntermediateFiles/Release-U-64/ThirdPartyComponents/lzma/BUILD.OUT ...
         Checking ...  Stroika/ThirdPartyComponents/zlib -    [Succeeded]
      Stroika/ThirdPartyComponents/boost Build 1_69_0 {Release-U-64}:
      Stroika/ThirdPartyComponents/OpenSSL Build 1.1.1a {Release-U-64}:
         openssl 1.1.1a - Extracting ../Origs-Cache/openssl-1.1.1a.tar.gz to IntermediateFiles/Release-U-64/ThirdPartyComponents/openssl ... 
         boost 1_69_0 - Extracting ../Origs-Cache/boost_1_69_0.tar.gz to IntermediateFiles/Release-U-64/ThirdPartyComponents/boost ... 
         Checking ...  Stroika/ThirdPartyComponents/sqlite -  [Succeeded]
         Checking ...  Stroika/ThirdPartyComponents/lzma -    [Succeeded]
         Xerces 3.2.2 - Patching ... 
         Xerces 3.2.2 - Configuring (See IntermediateFiles/Release-U-64/ThirdPartyComponents/Xerces/CONFIGURE.OUT) ... 
         openssl 1.1.1a - Configure (see IntermediateFiles/Release-U-64/ThirdPartyComponents/openssl/CONFIG.OUT) ...  
         openssl 1.1.1a - Build (see IntermediateFiles/Release-U-64/ThirdPartyComponents/openssl/BUILD.OUT)  ... 
         Xerces 3.2.2 - Compiling (See IntermediateFiles/Release-U-64/ThirdPartyComponents/Xerces/BUILD.OUT) ... 
         Xerces 3.2.2 - Copying builds (See IntermediateFiles/Release-U-64/ThirdPartyComponents/Xerces/INSTALL.OUT) ... 
         Checking ...  Stroika/ThirdPartyComponents/Xerces -  [Succeeded]
         openssl 1.1.1a - Installing (see IntermediateFiles/Release-U-64/ThirdPartyComponents/openssl/INSTALL.OUT) ... 
         boost 1_69_0 - Bootstrapping - see IntermediateFiles/Release-U-64/ThirdPartyComponents/boost/BOOTSTRAP.OUT ... 
         openssl 1.1.1a - Running tests (see IntermediateFiles/Release-U-64/ThirdPartyComponents/openssl/TEST-OUT.txt) ...
         boost 1_69_0 - Config+Build; see IntermediateFiles/Release-U-64/ThirdPartyComponents/boost/ConfigureAndBuild.OUT ...
         Checking ...  Stroika/ThirdPartyComponents/OpenSSL - [Succeeded]
         Patching Builds/Release-U-64/ThirdPartyComponents/include/boost/config/user.hpp
         Checking ...  Stroika/ThirdPartyComponents/boost -   [Succeeded]
   Building Stroika Library {Release-U-64}:
      Building Stroika-Foundation:
C:\Sandbox\Stroika\DevRoot\Library\Sources\Stroika\Foundation\DataExchange\InternetMediaTypeRegistry.cpp(242): warning C4100: 'includeMoreGeneralTypes': unreferenced formal parameter [C:\Sandbox\Stroika\DevRoot\Library\Projects\VisualStudio.Net-2019\Stroika-Foundation.vcxproj]
C:\Sandbox\Stroika\DevRoot\Library\Sources\Stroika\Foundation\DataExchange\Variant\CharacterDelimitedLines\Writer.cpp(40): warning C4100: 'v': unreferenced formal parameter [C:\Sandbox\Stroika\DevRoot\Library\Projects\VisualStudio.Net-2019\Stroika-Foundation.vcxproj]
C:\Sandbox\Stroika\DevRoot\Library\Sources\Stroika\Foundation\DataExchange\Variant\CharacterDelimitedLines\Writer.cpp(46): warning C4100: 'out': unreferenced formal parameter [C:\Sandbox\Stroika\DevRoot\Library\Projects\VisualStudio.Net-2019\Stroika-Foundation.vcxproj]
C:\Sandbox\Stroika\DevRoot\Library\Sources\Stroika\Foundation\DataExchange\Variant\CharacterDelimitedLines\Writer.cpp(46): warning C4100: 'v': unreferenced formal parameter [C:\Sandbox\Stroika\DevRoot\Library\Projects\VisualStudio.Net-2019\Stroika-Foundation.vcxproj]
C:\Sandbox\Stroika\DevRoot\Library\Sources\Stroika\Foundation\DataExchange\Variant\INI\Writer.cpp(34): warning C4100: 'out': unreferenced formal parameter [C:\Sandbox\Stroika\DevRoot\Library\Projects\VisualStudio.Net-2019\Stroika-Foundation.vcxproj]
C:\Sandbox\Stroika\DevRoot\Library\Sources\Stroika\Foundation\DataExchange\Variant\INI\Writer.cpp(34): warning C4100: 'v': unreferenced formal parameter [C:\Sandbox\Stroika\DevRoot\Library\Projects\VisualStudio.Net-2019\Stroika-Foundation.vcxproj]
C:\Sandbox\Stroika\DevRoot\Library\Sources\Stroika\Foundation\DataExchange\Variant\INI\Writer.cpp(38): warning C4100: 'out': unreferenced formal parameter [C:\Sandbox\Stroika\DevRoot\Library\Projects\VisualStudio.Net-2019\Stroika-Foundation.vcxproj]
C:\Sandbox\Stroika\DevRoot\Library\Sources\Stroika\Foundation\DataExchange\Variant\INI\Writer.cpp(38): warning C4100: 'v': unreferenced formal parameter [C:\Sandbox\Stroika\DevRoot\Library\Projects\VisualStudio.Net-2019\Stroika-Foundation.vcxproj]
      Building Stroika-Frameworks:
   Building Stroika Tools {Release-U-64}:
               Building Stroika Tools-Frameworks-WebServer-HTMLViewCompiler...done
   Building Stroika Tests {Release-U-64}:
      Test 01: Foundation::Caching:
      Test 02: Foundation::Characters::Strings:
      Test 03: Foundation::Configuration:
      Test 04: Foundation::Containers::DataStructures::Array:
      Test 05: Foundation::Containers::DataStructures::LinkedList:
      Test 06: Foundation::Containers::DataStructures::DoublyLinkedList:
      Test 07: Foundation::Containers::DataStructures::STLContainerWrapper:
      Test 08: Foundation::Containers::DataStructures::SkipList:
      Test 09: Foundation::Containers::Association:
      Test 10: Foundation::Containers::Bag:
      Test 11: Foundation::Containers::Bijection:
      Test 12: Foundation::Containers::Collection:
      Test 13: Foundation::Containers::DataHyperRectangle:
      Test 14: Foundation::Containers::Deque:
      Test 15: Foundation::Containers::KeyedCollection:
      Test 16: Foundation::Containers::Mapping:
      Test 17: Foundation::Containers::MultiSet:
      Test 18: Foundation::Containers::PriorityQueue:
      Test 19: Foundation::Containers::Queue:
      Test 20: Foundation::Containers::Sequence:
      Test 21: Foundation::Containers::Set:
      Test 22: Foundation::Containers::SortedAssociation:
      Test 23: Foundation::Containers::SortedCollection:
      Test 24: Foundation::Containers::SortedMapping:
      Test 25: Foundation::Containers::SortedMultiSet:
      Test 26: Foundation::Containers::SortedSet:
      Test 27: Foundation::Containers::Stack:
      Test 28: Foundation::Containers::STL:
      Test 29: Foundation::Cryptography:
      Test 30: Foundation::DataExchange::Reader/Writers(7z/CharacterDelimitedLines/INI/JSON/XML/Zip):
      Test 31: Foundation::DataExchange::ObjectVariantMapper:
      Test 32: Foundation::DataExchange::XML::SaxParser:
      Test 33: Foundation::DataExchange::Other:
      Test 34: Foundation::Database:
      Test 35: Foundation::Execution::Exceptions:
      Test 36: Foundation::Execution::ProcessRunner:
      Test 37: Foundation::Execution::Signals:
      Test 38: Foundation::Execution::Threads:
      Test 39: Foundation::Execution::ThreadSafetyBuiltinObject:
      Test 40: Foundation::Execution::Other:
      Test 41: Foundation::IO::Network:
      Test 42: Foundation::IO::Network::HTTP:
      Test 43: Foundation::IO::Network::Transfer:
      Test 44: Foundation::IO::Other:
      Test 45: Foundation::Math:
      Test 46: Foundation::Memory:
      Test 47: Foundation::Streams:
      Test 48: Foundation::Time:
      Test 49: Foundation::Traversal:
      Test 50: Foundation::PERFORMANCE:
   Building Stroika Samples {Release-U-64}:
      Building Samples/ActiveLedIt:
         SKIPPED for unsupported configuration
      Building Samples/ArchiveUtility:
      Building Samples/Containers:
      Building Samples/LedIt:
         SKIPPED for unsupported configuration
      Building Samples/LedLineIt:
         SKIPPED for unsupported configuration
      Building Samples/Serialization:
      Building Samples/SimpleLedTest:
         SKIPPED for unsupported configuration
      Building Samples/Service:
         Building Installers:
            Building WIX installer: 
               temp files: IntermediateFiles/Release-U-64/Samples-Service/WIX_TMP/; log: IntermediateFiles/Release-U-64/Samples-Service/WIX-Installer-Build.Out...
               Built: Builds/Release-U-64/Samples-Service/Stroika-SampleService-Windows-x86_64-Release-U-64.msi
      Building Samples/SSDPClient:
      Building Samples/SSDPServer:
      Building Samples/SystemPerformanceClient:
      Building Samples/Traceroute:
      Building Samples/WebServer:
      Building Samples/WebService:
which: no doxygen in (/usr/local/bin:/usr/bin:/cygdrive/c/WINDOWS/system32:/cygdrive/c/WINDOWS:/cygdrive/c/WINDOWS/System32/Wbem:/cygdrive/c/WINDOWS/System32/WindowsPowerShell/v1.0:/cygdrive/c/Program Files/dotnet:/cygdrive/c/Program Files/Microsoft SQL Server/130/Tools/Binn:/cygdrive/c/Program Files/nodejs:/cygdrive/c/WINDOWS/System32/OpenSSH:/cygdrive/c/bin:/cygdrive/c/Users/lewis/AppData/Local/Microsoft/WindowsApps:/usr/bin:/cygdrive/c/Program Files (x86)/Sophist Solutions, Inc/LedLineIt 3.1 (PRE-RELEASE):/cygdrive/c/Users/lewis/AppData/Roaming/npm:/cygdrive/c/Program Files (x86)/WinMerge)
   Skipping build of documentation since Doxygen not installed
   Checking Stroika {Release-U-64}:
      Stroika ThirdPartyComponents Check {Release-U-64}:
         Checking ...  Stroika/ThirdPartyComponents/boost -   [Succeeded]
         Checking ...  Stroika/ThirdPartyComponents/lzma -    [Succeeded]
         Checking ...  Stroika/ThirdPartyComponents/OpenSSL - [Succeeded]
         Checking ...  Stroika/ThirdPartyComponents/sqlite -  [Succeeded]
         Checking ...  Stroika/ThirdPartyComponents/Xerces -  [Succeeded]
         Checking ...  Stroika/ThirdPartyComponents/WIX -  [Succeeded]
         Checking ...  Stroika/ThirdPartyComponents/zlib -    [Succeeded]
      Checking Stroika Library {Release-U-64}:      [SUCCEEDED]
      Checking Stroika Tools {Release-U-64}:
                  Checking Tools/WebServer/HTMLViewCompiler...               [SUCCEEDED]
      Checking Stroika Tests {Release-U-64}:
         Test 01: Foundation::Caching :  [SUCCEEDED]
         Test 02: Foundation::Characters::Strings :  [SUCCEEDED]
         Test 03: Foundation::Configuration :  [SUCCEEDED]
         Test 04: Foundation::Containers::DataStructures::Array :  [SUCCEEDED]
         Test 05: Foundation::Containers::DataStructures::LinkedList :  [SUCCEEDED]
         Test 06: Foundation::Containers::DataStructures::DoublyLinkedList :  [SUCCEEDED]
         Test 07: Foundation::Containers::DataStructures::STLContainerWrapper :  [SUCCEEDED]
         Test 08: Foundation::Containers::DataStructures::SkipList :  [SUCCEEDED]
         Test 09: Foundation::Containers::Association :  [SUCCEEDED]
         Test 10: Foundation::Containers::Bag :  [SUCCEEDED]
         Test 11: Foundation::Containers::Bijection :  [SUCCEEDED]
         Test 12: Foundation::Containers::Collection :  [SUCCEEDED]
         Test 13: Foundation::Containers::DataHyperRectangle :  [SUCCEEDED]
         Test 14: Foundation::Containers::Deque :  [SUCCEEDED]
         Test 15: Foundation::Containers::KeyedCollection :  [SUCCEEDED]
         Test 16: Foundation::Containers::Mapping :  [SUCCEEDED]
         Test 17: Foundation::Containers::MultiSet :  [SUCCEEDED]
         Test 18: Foundation::Containers::PriorityQueue :  [SUCCEEDED]
         Test 19: Foundation::Containers::Queue :  [SUCCEEDED]
         Test 20: Foundation::Containers::Sequence :  [SUCCEEDED]
         Test 21: Foundation::Containers::Set :  [SUCCEEDED]
         Test 22: Foundation::Containers::SortedAssociation :  [SUCCEEDED]
         Test 23: Foundation::Containers::SortedCollection :  [SUCCEEDED]
         Test 24: Foundation::Containers::SortedMapping :  [SUCCEEDED]
         Test 25: Foundation::Containers::SortedMultiSet :  [SUCCEEDED]
         Test 26: Foundation::Containers::SortedSet :  [SUCCEEDED]
         Test 27: Foundation::Containers::Stack :  [SUCCEEDED]
         Test 28: Foundation::Containers::STL :  [SUCCEEDED]
         Test 29: Foundation::Cryptography :  [SUCCEEDED]
         Test 30: Foundation::DataExchange::Reader/Writers(7z/CharacterDelimitedLines/INI/JSON/XML/Zip) :  [SUCCEEDED]
         Test 31: Foundation::DataExchange::ObjectVariantMapper :  [SUCCEEDED]
         Test 32: Foundation::DataExchange::XML::SaxParser :  [SUCCEEDED]
         Test 33: Foundation::DataExchange::Other :  [SUCCEEDED]
         Test 34: Foundation::Database :  [SUCCEEDED]
         Test 35: Foundation::Execution::Exceptions :  [SUCCEEDED]
         Test 36: Foundation::Execution::ProcessRunner :  [SUCCEEDED]
         Test 37: Foundation::Execution::Signals :  [SUCCEEDED]
         Test 38: Foundation::Execution::Threads :  [SUCCEEDED]
         Test 39: Foundation::Execution::ThreadSafetyBuiltinObject :  [SUCCEEDED]
         Test 40: Foundation::Execution::Other :  [SUCCEEDED]
         Test 41: Foundation::IO::Network :  [SUCCEEDED]
         Test 42: Foundation::IO::Network::HTTP :  [SUCCEEDED]
         Test 43: Foundation::IO::Network::Transfer :  [SUCCEEDED]
         Test 44: Foundation::IO::Other :  [SUCCEEDED]
         Test 45: Foundation::Math :  [SUCCEEDED]
         Test 46: Foundation::Memory :  [SUCCEEDED]
         Test 47: Foundation::Streams :  [SUCCEEDED]
         Test 48: Foundation::Time :  [SUCCEEDED]
         Test 49: Foundation::Traversal :  [SUCCEEDED]
         Test 50: Foundation::PERFORMANCE :  [SUCCEEDED]
      Stroika/Samples Check {Release-U-64}:
         Checking Samples/ActiveLedIt...              [SKIPPED]
         Checking Samples/ArchiveUtility...           [SUCCEEDED]
         Checking Samples/Containers...               [SUCCEEDED]
         Checking Samples/LedIt...                    [SKIPPED]
         Checking Samples/LedLineIt...                [SKIPPED]
         Checking Samples/Serialization...               [SUCCEEDED]
         Checking Samples/SimpleLedTest...            [SKIPPED]
         Checking Samples/Service...            [SUCCEEDED]
         Checking Samples/SSDPClient...               [SUCCEEDED]
         Checking Samples/SSDPServer...               [SUCCEEDED]
         Checking Samples/SystemPerformanceClient...  [SUCCEEDED]
         Checking Samples/Traceroute...               [SUCCEEDED]
         Checking Samples/WebServer...                [SUCCEEDED]
         Checking Samples/WebService...                [SUCCEEDED]
done (in 311 minutes)


)))- Run-Tests ALL-Local...
Stroika/Run-All-Tests {Debug-U-32}:
Stroika ThirdPartyComponents Build {Debug-U-32}:
   Stroika/ThirdPartyComponents/ActivePerl Build 5.26.0 {Debug-U-32}:
   Stroika/ThirdPartyComponents/zlib Build 1.2.8 {Debug-U-32}:
      Checking ...  Stroika/ThirdPartyComponents/zlib -    [Succeeded]
   Stroika/ThirdPartyComponents/boost Build 1_69_0 {Debug-U-32}:
      Checking ...  Stroika/ThirdPartyComponents/boost -   [Succeeded]
   Stroika/ThirdPartyComponents/lzma Build 1604 {Debug-U-32}:
      Checking ...  Stroika/ThirdPartyComponents/lzma -    [Succeeded]
   Stroika/ThirdPartyComponents/OpenSSL Build 1.1.1a {Debug-U-32}:
      Checking ...  Stroika/ThirdPartyComponents/OpenSSL - [Succeeded]
   Stroika/ThirdPartyComponents/sqlite Build 3270200 {Debug-U-32}:
      Checking ...  Stroika/ThirdPartyComponents/sqlite -  [Succeeded]
   Stroika/ThirdPartyComponents/xerces 3.2.2 Build {Debug-U-32}:
      Checking ...  Stroika/ThirdPartyComponents/Xerces -  [Succeeded]
   Stroika/ThirdPartyComponents/WIX Build 311 {Debug-U-32}:
      Checking ...  Stroika/ThirdPartyComponents/WIX -  [Succeeded]
Building Stroika Library {Debug-U-32}:
   Building Stroika-Foundation:
   Building Stroika-Frameworks:
Building Stroika Tests {Debug-U-32}:
   Test 01: Foundation::Caching:
   Test 02: Foundation::Characters::Strings:
   Test 03: Foundation::Configuration:
   Test 04: Foundation::Containers::DataStructures::Array:
   Test 05: Foundation::Containers::DataStructures::LinkedList:
   Test 06: Foundation::Containers::DataStructures::DoublyLinkedList:
   Test 07: Foundation::Containers::DataStructures::STLContainerWrapper:
   Test 08: Foundation::Containers::DataStructures::SkipList:
   Test 09: Foundation::Containers::Association:
   Test 10: Foundation::Containers::Bag:
   Test 11: Foundation::Containers::Bijection:
   Test 12: Foundation::Containers::Collection:
   Test 13: Foundation::Containers::DataHyperRectangle:
   Test 14: Foundation::Containers::Deque:
   Test 15: Foundation::Containers::KeyedCollection:
   Test 16: Foundation::Containers::Mapping:
   Test 17: Foundation::Containers::MultiSet:
   Test 18: Foundation::Containers::PriorityQueue:
   Test 19: Foundation::Containers::Queue:
   Test 20: Foundation::Containers::Sequence:
   Test 21: Foundation::Containers::Set:
   Test 22: Foundation::Containers::SortedAssociation:
   Test 23: Foundation::Containers::SortedCollection:
   Test 24: Foundation::Containers::SortedMapping:
   Test 25: Foundation::Containers::SortedMultiSet:
   Test 26: Foundation::Containers::SortedSet:
   Test 27: Foundation::Containers::Stack:
   Test 28: Foundation::Containers::STL:
   Test 29: Foundation::Cryptography:
   Test 30: Foundation::DataExchange::Reader/Writers(7z/CharacterDelimitedLines/INI/JSON/XML/Zip):
   Test 31: Foundation::DataExchange::ObjectVariantMapper:
   Test 32: Foundation::DataExchange::XML::SaxParser:
   Test 33: Foundation::DataExchange::Other:
   Test 34: Foundation::Database:
   Test 35: Foundation::Execution::Exceptions:
   Test 36: Foundation::Execution::ProcessRunner:
   Test 37: Foundation::Execution::Signals:
   Test 38: Foundation::Execution::Threads:
   Test 39: Foundation::Execution::ThreadSafetyBuiltinObject:
   Test 40: Foundation::Execution::Other:
   Test 41: Foundation::IO::Network:
   Test 42: Foundation::IO::Network::HTTP:
   Test 43: Foundation::IO::Network::Transfer:
   Test 44: Foundation::IO::Other:
   Test 45: Foundation::Math:
   Test 46: Foundation::Memory:
   Test 47: Foundation::Streams:
   Test 48: Foundation::Time:
   Test 49: Foundation::Traversal:
   Test 50: Foundation::PERFORMANCE:
Running Stroika Tests {Debug-U-32}:
   [Succeeded]  (4  seconds)  [01]  Foundation::Caching  (../Builds/Debug-U-32/Tests/Test01.exe)
   [Succeeded]  (6  seconds)  [02]  Foundation::Characters::Strings  (../Builds/Debug-U-32/Tests/Test02.exe)
   [Succeeded]  (3  seconds)  [03]  Foundation::Configuration  (../Builds/Debug-U-32/Tests/Test03.exe)
   [Succeeded]  (4  seconds)  [04]  Foundation::Containers::DataStructures::Array  (../Builds/Debug-U-32/Tests/Test04.exe)
   [Succeeded]  (4  seconds)  [05]  Foundation::Containers::DataStructures::LinkedList  (../Builds/Debug-U-32/Tests/Test05.exe)
   [Succeeded]  (6  seconds)  [06]  Foundation::Containers::DataStructures::DoublyLinkedList  (../Builds/Debug-U-32/Tests/Test06.exe)
   [Succeeded]  (3  seconds)  [07]  Foundation::Containers::DataStructures::STLContainerWrapper  (../Builds/Debug-U-32/Tests/Test07.exe)
   [Succeeded]  (4  seconds)  [08]  Foundation::Containers::DataStructures::SkipList  (../Builds/Debug-U-32/Tests/Test08.exe)
   [Succeeded]  (3  seconds)  [09]  Foundation::Containers::Association  (../Builds/Debug-U-32/Tests/Test09.exe)
   [Succeeded]  (3  seconds)  [10]  Foundation::Containers::Bag  (../Builds/Debug-U-32/Tests/Test10.exe)
   [Succeeded]  (7  seconds)  [11]  Foundation::Containers::Bijection  (../Builds/Debug-U-32/Tests/Test11.exe)
   [Succeeded]  (17 seconds)  [12]  Foundation::Containers::Collection  (../Builds/Debug-U-32/Tests/Test12.exe)
   [Succeeded]  (3  seconds)  [13]  Foundation::Containers::DataHyperRectangle  (../Builds/Debug-U-32/Tests/Test13.exe)
   [Succeeded]  (4  seconds)  [14]  Foundation::Containers::Deque  (../Builds/Debug-U-32/Tests/Test14.exe)
   [Succeeded]  (3  seconds)  [15]  Foundation::Containers::KeyedCollection  (../Builds/Debug-U-32/Tests/Test15.exe)
   [Succeeded]  (9  seconds)  [16]  Foundation::Containers::Mapping  (../Builds/Debug-U-32/Tests/Test16.exe)
   [Succeeded]  (19 seconds)  [17]  Foundation::Containers::MultiSet  (../Builds/Debug-U-32/Tests/Test17.exe)
   [Succeeded]  (3  seconds)  [18]  Foundation::Containers::PriorityQueue  (../Builds/Debug-U-32/Tests/Test18.exe)
   [Succeeded]  (3  seconds)  [19]  Foundation::Containers::Queue  (../Builds/Debug-U-32/Tests/Test19.exe)
   [Succeeded]  (24 seconds)  [20]  Foundation::Containers::Sequence  (../Builds/Debug-U-32/Tests/Test20.exe)
   [Succeeded]  (5  seconds)  [21]  Foundation::Containers::Set  (../Builds/Debug-U-32/Tests/Test21.exe)
   [Succeeded]  (3  seconds)  [22]  Foundation::Containers::SortedAssociation  (../Builds/Debug-U-32/Tests/Test22.exe)
   [Succeeded]  (11 seconds)  [23]  Foundation::Containers::SortedCollection  (../Builds/Debug-U-32/Tests/Test23.exe)
   [Succeeded]  (7  seconds)  [24]  Foundation::Containers::SortedMapping  (../Builds/Debug-U-32/Tests/Test24.exe)
   [Succeeded]  (8  seconds)  [25]  Foundation::Containers::SortedMultiSet  (../Builds/Debug-U-32/Tests/Test25.exe)
   [Succeeded]  (5  seconds)  [26]  Foundation::Containers::SortedSet  (../Builds/Debug-U-32/Tests/Test26.exe)
   [Succeeded]  (3  seconds)  [27]  Foundation::Containers::Stack  (../Builds/Debug-U-32/Tests/Test27.exe)
   [Succeeded]  (3  seconds)  [28]  Foundation::Containers::STL  (../Builds/Debug-U-32/Tests/Test28.exe)
   [Succeeded]  (1  seconds)  [29]  Foundation::Cryptography  (../Builds/Debug-U-32/Tests/Test29.exe)
   [Succeeded]  (13 seconds)  [30]  Foundation::DataExchange::Reader/Writers(7z/CharacterDelimitedLines/INI/JSON/XML/Zip)  (../Builds/Debug-U-32/Tests/Test30.exe)
   [Succeeded]  (8  seconds)  [31]  Foundation::DataExchange::ObjectVariantMapper  (../Builds/Debug-U-32/Tests/Test31.exe)
   [Succeeded]  (7  seconds)  [32]  Foundation::DataExchange::XML::SaxParser  (../Builds/Debug-U-32/Tests/Test32.exe)
   [Succeeded]  (8  seconds)  [33]  Foundation::DataExchange::Other  (../Builds/Debug-U-32/Tests/Test33.exe)
   [Succeeded]  (25 seconds)  [34]  Foundation::Database  (../Builds/Debug-U-32/Tests/Test34.exe)
   [Succeeded]  (4  seconds)  [35]  Foundation::Execution::Exceptions  (../Builds/Debug-U-32/Tests/Test35.exe)
   [Succeeded]  (34 seconds)  [36]  Foundation::Execution::ProcessRunner  (../Builds/Debug-U-32/Tests/Test36.exe)
   [Succeeded]  (5  seconds)  [37]  Foundation::Execution::Signals  (../Builds/Debug-U-32/Tests/Test37.exe)
   [Succeeded]  (94 seconds)  [38]  Foundation::Execution::Threads  (../Builds/Debug-U-32/Tests/Test38.exe)
   [Succeeded]  (25 seconds)  [39]  Foundation::Execution::ThreadSafetyBuiltinObject  (../Builds/Debug-U-32/Tests/Test39.exe)
   [Succeeded]  (7  seconds)  [40]  Foundation::Execution::Other  (../Builds/Debug-U-32/Tests/Test40.exe)
   [Succeeded]  (0  seconds)  [41]  Foundation::IO::Network  (../Builds/Debug-U-32/Tests/Test41.exe)
   [Succeeded]  (4  seconds)  [42]  Foundation::IO::Network::HTTP  (../Builds/Debug-U-32/Tests/Test42.exe)
FAILED: Assert; Not Reached;Stroika::Foundation::Execution::Private_::SystemErrorExceptionPrivate_::TranslateException_;C:\Sandbox\Stroika\DevRoot\Library\Sources\Stroika\Foundation\Execution\Exceptions.cpp: 180
   []  (32 seconds)  [43]  Foundation::IO::Network::Transfer  (../Builds/Debug-U-32/Tests/Test43.exe)
   [Succeeded]  (37 seconds)  [44]  Foundation::IO::Other  (../Builds/Debug-U-32/Tests/Test44.exe)
   [Succeeded]  (7  seconds)  [45]  Foundation::Math  (../Builds/Debug-U-32/Tests/Test45.exe)
   [Succeeded]  (5  seconds)  [46]  Foundation::Memory  (../Builds/Debug-U-32/Tests/Test46.exe)
   [Succeeded]  (5  seconds)  [47]  Foundation::Streams  (../Builds/Debug-U-32/Tests/Test47.exe)
   [Succeeded]  (22 seconds)  [48]  Foundation::Time  (../Builds/Debug-U-32/Tests/Test48.exe)
   [Succeeded]  (13 seconds)  [49]  Foundation::Traversal  (../Builds/Debug-U-32/Tests/Test49.exe)
   [Succeeded]  (107 seconds)  [50]  Foundation::PERFORMANCE  (../Builds/Debug-U-32/Tests/Test50.exe)
Stroika/Run-All-Tests {Debug-U-64}:
Stroika ThirdPartyComponents Build {Debug-U-64}:
   Stroika/ThirdPartyComponents/ActivePerl Build 5.26.0 {Debug-U-64}:
   Stroika/ThirdPartyComponents/zlib Build 1.2.8 {Debug-U-64}:
      Checking ...  Stroika/ThirdPartyComponents/zlib -    [Succeeded]
   Stroika/ThirdPartyComponents/boost Build 1_69_0 {Debug-U-64}:
      Checking ...  Stroika/ThirdPartyComponents/boost -   [Succeeded]
   Stroika/ThirdPartyComponents/lzma Build 1604 {Debug-U-64}:
      Checking ...  Stroika/ThirdPartyComponents/lzma -    [Succeeded]
   Stroika/ThirdPartyComponents/OpenSSL Build 1.1.1a {Debug-U-64}:
      Checking ...  Stroika/ThirdPartyComponents/OpenSSL - [Succeeded]
   Stroika/ThirdPartyComponents/sqlite Build 3270200 {Debug-U-64}:
      Checking ...  Stroika/ThirdPartyComponents/sqlite -  [Succeeded]
   Stroika/ThirdPartyComponents/xerces 3.2.2 Build {Debug-U-64}:
      Checking ...  Stroika/ThirdPartyComponents/Xerces -  [Succeeded]
   Stroika/ThirdPartyComponents/WIX Build 311 {Debug-U-64}:
      Checking ...  Stroika/ThirdPartyComponents/WIX -  [Succeeded]
Building Stroika Library {Debug-U-64}:
   Building Stroika-Foundation:
   Building Stroika-Frameworks:
Building Stroika Tests {Debug-U-64}:
   Test 01: Foundation::Caching:
   Test 02: Foundation::Characters::Strings:
   Test 03: Foundation::Configuration:
   Test 04: Foundation::Containers::DataStructures::Array:
   Test 05: Foundation::Containers::DataStructures::LinkedList:
   Test 06: Foundation::Containers::DataStructures::DoublyLinkedList:
   Test 07: Foundation::Containers::DataStructures::STLContainerWrapper:
   Test 08: Foundation::Containers::DataStructures::SkipList:
   Test 09: Foundation::Containers::Association:
   Test 10: Foundation::Containers::Bag:
   Test 11: Foundation::Containers::Bijection:
   Test 12: Foundation::Containers::Collection:
   Test 13: Foundation::Containers::DataHyperRectangle:
   Test 14: Foundation::Containers::Deque:
   Test 15: Foundation::Containers::KeyedCollection:
   Test 16: Foundation::Containers::Mapping:
   Test 17: Foundation::Containers::MultiSet:
   Test 18: Foundation::Containers::PriorityQueue:
   Test 19: Foundation::Containers::Queue:
   Test 20: Foundation::Containers::Sequence:
   Test 21: Foundation::Containers::Set:
   Test 22: Foundation::Containers::SortedAssociation:
   Test 23: Foundation::Containers::SortedCollection:
   Test 24: Foundation::Containers::SortedMapping:
   Test 25: Foundation::Containers::SortedMultiSet:
   Test 26: Foundation::Containers::SortedSet:
   Test 27: Foundation::Containers::Stack:
   Test 28: Foundation::Containers::STL:
   Test 29: Foundation::Cryptography:
   Test 30: Foundation::DataExchange::Reader/Writers(7z/CharacterDelimitedLines/INI/JSON/XML/Zip):
   Test 31: Foundation::DataExchange::ObjectVariantMapper:
   Test 32: Foundation::DataExchange::XML::SaxParser:
   Test 33: Foundation::DataExchange::Other:
   Test 34: Foundation::Database:
   Test 35: Foundation::Execution::Exceptions:
   Test 36: Foundation::Execution::ProcessRunner:
   Test 37: Foundation::Execution::Signals:
   Test 38: Foundation::Execution::Threads:
   Test 39: Foundation::Execution::ThreadSafetyBuiltinObject:
   Test 40: Foundation::Execution::Other:
   Test 41: Foundation::IO::Network:
   Test 42: Foundation::IO::Network::HTTP:
   Test 43: Foundation::IO::Network::Transfer:
   Test 44: Foundation::IO::Other:
   Test 45: Foundation::Math:
   Test 46: Foundation::Memory:
   Test 47: Foundation::Streams:
   Test 48: Foundation::Time:
   Test 49: Foundation::Traversal:
   Test 50: Foundation::PERFORMANCE:
Running Stroika Tests {Debug-U-64}:
   [Succeeded]  (1  seconds)  [01]  Foundation::Caching  (../Builds/Debug-U-64/Tests/Test01.exe)
   [Succeeded]  (2  seconds)  [02]  Foundation::Characters::Strings  (../Builds/Debug-U-64/Tests/Test02.exe)
   [Succeeded]  (1  seconds)  [03]  Foundation::Configuration  (../Builds/Debug-U-64/Tests/Test03.exe)
   [Succeeded]  (1  seconds)  [04]  Foundation::Containers::DataStructures::Array  (../Builds/Debug-U-64/Tests/Test04.exe)
   [Succeeded]  (1  seconds)  [05]  Foundation::Containers::DataStructures::LinkedList  (../Builds/Debug-U-64/Tests/Test05.exe)
   [Succeeded]  (1  seconds)  [06]  Foundation::Containers::DataStructures::DoublyLinkedList  (../Builds/Debug-U-64/Tests/Test06.exe)
   [Succeeded]  (1  seconds)  [07]  Foundation::Containers::DataStructures::STLContainerWrapper  (../Builds/Debug-U-64/Tests/Test07.exe)
   [Succeeded]  (1  seconds)  [08]  Foundation::Containers::DataStructures::SkipList  (../Builds/Debug-U-64/Tests/Test08.exe)
   [Succeeded]  (1  seconds)  [09]  Foundation::Containers::Association  (../Builds/Debug-U-64/Tests/Test09.exe)
   [Succeeded]  (1  seconds)  [10]  Foundation::Containers::Bag  (../Builds/Debug-U-64/Tests/Test10.exe)
   [Succeeded]  (1  seconds)  [11]  Foundation::Containers::Bijection  (../Builds/Debug-U-64/Tests/Test11.exe)
   [Succeeded]  (5  seconds)  [12]  Foundation::Containers::Collection  (../Builds/Debug-U-64/Tests/Test12.exe)
   [Succeeded]  (0  seconds)  [13]  Foundation::Containers::DataHyperRectangle  (../Builds/Debug-U-64/Tests/Test13.exe)
   [Succeeded]  (0  seconds)  [14]  Foundation::Containers::Deque  (../Builds/Debug-U-64/Tests/Test14.exe)
   [Succeeded]  (0  seconds)  [15]  Foundation::Containers::KeyedCollection  (../Builds/Debug-U-64/Tests/Test15.exe)
   [Succeeded]  (1  seconds)  [16]  Foundation::Containers::Mapping  (../Builds/Debug-U-64/Tests/Test16.exe)
   [Succeeded]  (13 seconds)  [17]  Foundation::Containers::MultiSet  (../Builds/Debug-U-64/Tests/Test17.exe)
   [Succeeded]  (1  seconds)  [18]  Foundation::Containers::PriorityQueue  (../Builds/Debug-U-64/Tests/Test18.exe)
   [Succeeded]  (1  seconds)  [19]  Foundation::Containers::Queue  (../Builds/Debug-U-64/Tests/Test19.exe)
   [Succeeded]  (14 seconds)  [20]  Foundation::Containers::Sequence  (../Builds/Debug-U-64/Tests/Test20.exe)
   [Succeeded]  (1  seconds)  [21]  Foundation::Containers::Set  (../Builds/Debug-U-64/Tests/Test21.exe)
   [Succeeded]  (1  seconds)  [22]  Foundation::Containers::SortedAssociation  (../Builds/Debug-U-64/Tests/Test22.exe)
   [Succeeded]  (2  seconds)  [23]  Foundation::Containers::SortedCollection  (../Builds/Debug-U-64/Tests/Test23.exe)
   [Succeeded]  (0  seconds)  [24]  Foundation::Containers::SortedMapping  (../Builds/Debug-U-64/Tests/Test24.exe)
   [Succeeded]  (3  seconds)  [25]  Foundation::Containers::SortedMultiSet  (../Builds/Debug-U-64/Tests/Test25.exe)
   [Succeeded]  (0  seconds)  [26]  Foundation::Containers::SortedSet  (../Builds/Debug-U-64/Tests/Test26.exe)
   [Succeeded]  (0  seconds)  [27]  Foundation::Containers::Stack  (../Builds/Debug-U-64/Tests/Test27.exe)
   [Succeeded]  (0  seconds)  [28]  Foundation::Containers::STL  (../Builds/Debug-U-64/Tests/Test28.exe)
   [Succeeded]  (1  seconds)  [29]  Foundation::Cryptography  (../Builds/Debug-U-64/Tests/Test29.exe)
   [Succeeded]  (2  seconds)  [30]  Foundation::DataExchange::Reader/Writers(7z/CharacterDelimitedLines/INI/JSON/XML/Zip)  (../Builds/Debug-U-64/Tests/Test30.exe)
   [Succeeded]  (2  seconds)  [31]  Foundation::DataExchange::ObjectVariantMapper  (../Builds/Debug-U-64/Tests/Test31.exe)
   [Succeeded]  (1  seconds)  [32]  Foundation::DataExchange::XML::SaxParser  (../Builds/Debug-U-64/Tests/Test32.exe)
   [Succeeded]  (0  seconds)  [33]  Foundation::DataExchange::Other  (../Builds/Debug-U-64/Tests/Test33.exe)
   [Succeeded]  (21 seconds)  [34]  Foundation::Database  (../Builds/Debug-U-64/Tests/Test34.exe)
   [Succeeded]  (1  seconds)  [35]  Foundation::Execution::Exceptions  (../Builds/Debug-U-64/Tests/Test35.exe)
   [Succeeded]  (24 seconds)  [36]  Foundation::Execution::ProcessRunner  (../Builds/Debug-U-64/Tests/Test36.exe)
   [Succeeded]  (1  seconds)  [37]  Foundation::Execution::Signals  (../Builds/Debug-U-64/Tests/Test37.exe)
   [Succeeded]  (89 seconds)  [38]  Foundation::Execution::Threads  (../Builds/Debug-U-64/Tests/Test38.exe)
   [Succeeded]  (26 seconds)  [39]  Foundation::Execution::ThreadSafetyBuiltinObject  (../Builds/Debug-U-64/Tests/Test39.exe)
   [Succeeded]  (0  seconds)  [40]  Foundation::Execution::Other  (../Builds/Debug-U-64/Tests/Test40.exe)
   [Succeeded]  (0  seconds)  [41]  Foundation::IO::Network  (../Builds/Debug-U-64/Tests/Test41.exe)
   [Succeeded]  (0  seconds)  [42]  Foundation::IO::Network::HTTP  (../Builds/Debug-U-64/Tests/Test42.exe)
FAILED: Assert; Not Reached;Stroika::Foundation::Execution::Private_::SystemErrorExceptionPrivate_::TranslateException_;C:\Sandbox\Stroika\DevRoot\Library\Sources\Stroika\Foundation\Execution\Exceptions.cpp: 180
   []  (27 seconds)  [43]  Foundation::IO::Network::Transfer  (../Builds/Debug-U-64/Tests/Test43.exe)
   [Succeeded]  (19 seconds)  [44]  Foundation::IO::Other  (../Builds/Debug-U-64/Tests/Test44.exe)
   [Succeeded]  (1  seconds)  [45]  Foundation::Math  (../Builds/Debug-U-64/Tests/Test45.exe)
   [Succeeded]  (1  seconds)  [46]  Foundation::Memory  (../Builds/Debug-U-64/Tests/Test46.exe)
   [Succeeded]  (0  seconds)  [47]  Foundation::Streams  (../Builds/Debug-U-64/Tests/Test47.exe)
   [Succeeded]  (17 seconds)  [48]  Foundation::Time  (../Builds/Debug-U-64/Tests/Test48.exe)
   [Succeeded]  (6  seconds)  [49]  Foundation::Traversal  (../Builds/Debug-U-64/Tests/Test49.exe)
   [Succeeded]  (78 seconds)  [50]  Foundation::PERFORMANCE  (../Builds/Debug-U-64/Tests/Test50.exe)
Stroika/Run-All-Tests {Release-DbgMemLeaks-U-32}:
Stroika ThirdPartyComponents Build {Release-DbgMemLeaks-U-32}:
   Stroika/ThirdPartyComponents/ActivePerl Build 5.26.0 {Release-DbgMemLeaks-U-32}:
   Stroika/ThirdPartyComponents/zlib Build 1.2.8 {Release-DbgMemLeaks-U-32}:
      Checking ...  Stroika/ThirdPartyComponents/zlib -    [Succeeded]
   Stroika/ThirdPartyComponents/boost Build 1_69_0 {Release-DbgMemLeaks-U-32}:
      Checking ...  Stroika/ThirdPartyComponents/boost -   [Succeeded]
   Stroika/ThirdPartyComponents/lzma Build 1604 {Release-DbgMemLeaks-U-32}:
      Checking ...  Stroika/ThirdPartyComponents/lzma -    [Succeeded]
   Stroika/ThirdPartyComponents/OpenSSL Build 1.1.1a {Release-DbgMemLeaks-U-32}:
      Checking ...  Stroika/ThirdPartyComponents/OpenSSL - [Succeeded]
   Stroika/ThirdPartyComponents/sqlite Build 3270200 {Release-DbgMemLeaks-U-32}:
      Checking ...  Stroika/ThirdPartyComponents/sqlite -  [Succeeded]
   Stroika/ThirdPartyComponents/xerces 3.2.2 Build {Release-DbgMemLeaks-U-32}:
      Checking ...  Stroika/ThirdPartyComponents/Xerces -  [Succeeded]
   Stroika/ThirdPartyComponents/WIX Build 311 {Release-DbgMemLeaks-U-32}:
      Checking ...  Stroika/ThirdPartyComponents/WIX -  [Succeeded]
Building Stroika Library {Release-DbgMemLeaks-U-32}:
   Building Stroika-Foundation:
   Building Stroika-Frameworks:
Building Stroika Tests {Release-DbgMemLeaks-U-32}:
   Test 01: Foundation::Caching:
   Test 02: Foundation::Characters::Strings:
   Test 03: Foundation::Configuration:
   Test 04: Foundation::Containers::DataStructures::Array:
   Test 05: Foundation::Containers::DataStructures::LinkedList:
   Test 06: Foundation::Containers::DataStructures::DoublyLinkedList:
   Test 07: Foundation::Containers::DataStructures::STLContainerWrapper:
   Test 08: Foundation::Containers::DataStructures::SkipList:
   Test 09: Foundation::Containers::Association:
   Test 10: Foundation::Containers::Bag:
   Test 11: Foundation::Containers::Bijection:
   Test 12: Foundation::Containers::Collection:
   Test 13: Foundation::Containers::DataHyperRectangle:
   Test 14: Foundation::Containers::Deque:
   Test 15: Foundation::Containers::KeyedCollection:
   Test 16: Foundation::Containers::Mapping:
   Test 17: Foundation::Containers::MultiSet:
   Test 18: Foundation::Containers::PriorityQueue:
   Test 19: Foundation::Containers::Queue:
   Test 20: Foundation::Containers::Sequence:
   Test 21: Foundation::Containers::Set:
   Test 22: Foundation::Containers::SortedAssociation:
   Test 23: Foundation::Containers::SortedCollection:
   Test 24: Foundation::Containers::SortedMapping:
   Test 25: Foundation::Containers::SortedMultiSet:
   Test 26: Foundation::Containers::SortedSet:
   Test 27: Foundation::Containers::Stack:
   Test 28: Foundation::Containers::STL:
   Test 29: Foundation::Cryptography:
   Test 30: Foundation::DataExchange::Reader/Writers(7z/CharacterDelimitedLines/INI/JSON/XML/Zip):
   Test 31: Foundation::DataExchange::ObjectVariantMapper:
   Test 32: Foundation::DataExchange::XML::SaxParser:
   Test 33: Foundation::DataExchange::Other:
   Test 34: Foundation::Database:
   Test 35: Foundation::Execution::Exceptions:
   Test 36: Foundation::Execution::ProcessRunner:
   Test 37: Foundation::Execution::Signals:
   Test 38: Foundation::Execution::Threads:
   Test 39: Foundation::Execution::ThreadSafetyBuiltinObject:
   Test 40: Foundation::Execution::Other:
   Test 41: Foundation::IO::Network:
   Test 42: Foundation::IO::Network::HTTP:
   Test 43: Foundation::IO::Network::Transfer:
   Test 44: Foundation::IO::Other:
   Test 45: Foundation::Math:
   Test 46: Foundation::Memory:
   Test 47: Foundation::Streams:
   Test 48: Foundation::Time:
   Test 49: Foundation::Traversal:
   Test 50: Foundation::PERFORMANCE:
Running Stroika Tests {Release-DbgMemLeaks-U-32}:
   [Succeeded]  (0  seconds)  [01]  Foundation::Caching  (../Builds/Release-DbgMemLeaks-U-32/Tests/Test01.exe)
   [Succeeded]  (1  seconds)  [02]  Foundation::Characters::Strings  (../Builds/Release-DbgMemLeaks-U-32/Tests/Test02.exe)
   [Succeeded]  (1  seconds)  [03]  Foundation::Configuration  (../Builds/Release-DbgMemLeaks-U-32/Tests/Test03.exe)
   [Succeeded]  (0  seconds)  [04]  Foundation::Containers::DataStructures::Array  (../Builds/Release-DbgMemLeaks-U-32/Tests/Test04.exe)
   [Succeeded]  (1  seconds)  [05]  Foundation::Containers::DataStructures::LinkedList  (../Builds/Release-DbgMemLeaks-U-32/Tests/Test05.exe)
   [Succeeded]  (1  seconds)  [06]  Foundation::Containers::DataStructures::DoublyLinkedList  (../Builds/Release-DbgMemLeaks-U-32/Tests/Test06.exe)
   [Succeeded]  (1  seconds)  [07]  Foundation::Containers::DataStructures::STLContainerWrapper  (../Builds/Release-DbgMemLeaks-U-32/Tests/Test07.exe)
   [Succeeded]  (0  seconds)  [08]  Foundation::Containers::DataStructures::SkipList  (../Builds/Release-DbgMemLeaks-U-32/Tests/Test08.exe)
   [Succeeded]  (0  seconds)  [09]  Foundation::Containers::Association  (../Builds/Release-DbgMemLeaks-U-32/Tests/Test09.exe)
   [Succeeded]  (1  seconds)  [10]  Foundation::Containers::Bag  (../Builds/Release-DbgMemLeaks-U-32/Tests/Test10.exe)
   [Succeeded]  (1  seconds)  [11]  Foundation::Containers::Bijection  (../Builds/Release-DbgMemLeaks-U-32/Tests/Test11.exe)
   [Succeeded]  (1  seconds)  [12]  Foundation::Containers::Collection  (../Builds/Release-DbgMemLeaks-U-32/Tests/Test12.exe)
   [Succeeded]  (0  seconds)  [13]  Foundation::Containers::DataHyperRectangle  (../Builds/Release-DbgMemLeaks-U-32/Tests/Test13.exe)
   [Succeeded]  (1  seconds)  [14]  Foundation::Containers::Deque  (../Builds/Release-DbgMemLeaks-U-32/Tests/Test14.exe)
   [Succeeded]  (0  seconds)  [15]  Foundation::Containers::KeyedCollection  (../Builds/Release-DbgMemLeaks-U-32/Tests/Test15.exe)
   [Succeeded]  (1  seconds)  [16]  Foundation::Containers::Mapping  (../Builds/Release-DbgMemLeaks-U-32/Tests/Test16.exe)
   [Succeeded]  (1  seconds)  [17]  Foundation::Containers::MultiSet  (../Builds/Release-DbgMemLeaks-U-32/Tests/Test17.exe)
   [Succeeded]  (0  seconds)  [18]  Foundation::Containers::PriorityQueue  (../Builds/Release-DbgMemLeaks-U-32/Tests/Test18.exe)
   [Succeeded]  (1  seconds)  [19]  Foundation::Containers::Queue  (../Builds/Release-DbgMemLeaks-U-32/Tests/Test19.exe)
   [Succeeded]  (5  seconds)  [20]  Foundation::Containers::Sequence  (../Builds/Release-DbgMemLeaks-U-32/Tests/Test20.exe)
   [Succeeded]  (0  seconds)  [21]  Foundation::Containers::Set  (../Builds/Release-DbgMemLeaks-U-32/Tests/Test21.exe)
   [Succeeded]  (1  seconds)  [22]  Foundation::Containers::SortedAssociation  (../Builds/Release-DbgMemLeaks-U-32/Tests/Test22.exe)
   [Succeeded]  (1  seconds)  [23]  Foundation::Containers::SortedCollection  (../Builds/Release-DbgMemLeaks-U-32/Tests/Test23.exe)
   [Succeeded]  (0  seconds)  [24]  Foundation::Containers::SortedMapping  (../Builds/Release-DbgMemLeaks-U-32/Tests/Test24.exe)
   [Succeeded]  (1  seconds)  [25]  Foundation::Containers::SortedMultiSet  (../Builds/Release-DbgMemLeaks-U-32/Tests/Test25.exe)
   [Succeeded]  (1  seconds)  [26]  Foundation::Containers::SortedSet  (../Builds/Release-DbgMemLeaks-U-32/Tests/Test26.exe)
   [Succeeded]  (1  seconds)  [27]  Foundation::Containers::Stack  (../Builds/Release-DbgMemLeaks-U-32/Tests/Test27.exe)
   [Succeeded]  (0  seconds)  [28]  Foundation::Containers::STL  (../Builds/Release-DbgMemLeaks-U-32/Tests/Test28.exe)
   [Succeeded]  (0  seconds)  [29]  Foundation::Cryptography  (../Builds/Release-DbgMemLeaks-U-32/Tests/Test29.exe)
   [Succeeded]  (1  seconds)  [30]  Foundation::DataExchange::Reader/Writers(7z/CharacterDelimitedLines/INI/JSON/XML/Zip)  (../Builds/Release-DbgMemLeaks-U-32/Tests/Test30.exe)
   [Succeeded]  (1  seconds)  [31]  Foundation::DataExchange::ObjectVariantMapper  (../Builds/Release-DbgMemLeaks-U-32/Tests/Test31.exe)
   [Succeeded]  (2  seconds)  [32]  Foundation::DataExchange::XML::SaxParser  (../Builds/Release-DbgMemLeaks-U-32/Tests/Test32.exe)
   [Succeeded]  (1  seconds)  [33]  Foundation::DataExchange::Other  (../Builds/Release-DbgMemLeaks-U-32/Tests/Test33.exe)
   [Succeeded]  (17 seconds)  [34]  Foundation::Database  (../Builds/Release-DbgMemLeaks-U-32/Tests/Test34.exe)
   [Succeeded]  (1  seconds)  [35]  Foundation::Execution::Exceptions  (../Builds/Release-DbgMemLeaks-U-32/Tests/Test35.exe)
   [Succeeded]  (15 seconds)  [36]  Foundation::Execution::ProcessRunner  (../Builds/Release-DbgMemLeaks-U-32/Tests/Test36.exe)
   [Succeeded]  (2  seconds)  [37]  Foundation::Execution::Signals  (../Builds/Release-DbgMemLeaks-U-32/Tests/Test37.exe)
   [Succeeded]  (85 seconds)  [38]  Foundation::Execution::Threads  (../Builds/Release-DbgMemLeaks-U-32/Tests/Test38.exe)
   [Succeeded]  (2  seconds)  [39]  Foundation::Execution::ThreadSafetyBuiltinObject  (../Builds/Release-DbgMemLeaks-U-32/Tests/Test39.exe)
   [Succeeded]  (1  seconds)  [40]  Foundation::Execution::Other  (../Builds/Release-DbgMemLeaks-U-32/Tests/Test40.exe)
   [Succeeded]  (1  seconds)  [41]  Foundation::IO::Network  (../Builds/Release-DbgMemLeaks-U-32/Tests/Test41.exe)
   [Succeeded]  (0  seconds)  [42]  Foundation::IO::Network::HTTP  (../Builds/Release-DbgMemLeaks-U-32/Tests/Test42.exe)
FAILED: RegressionTestFailure; false;;C:\Sandbox\Stroika\DevRoot\Tests\43\Test.cpp: 479
   []  (43 seconds)  [43]  Foundation::IO::Network::Transfer  (../Builds/Release-DbgMemLeaks-U-32/Tests/Test43.exe)
   [Succeeded]  (1  seconds)  [44]  Foundation::IO::Other  (../Builds/Release-DbgMemLeaks-U-32/Tests/Test44.exe)
   [Succeeded]  (0  seconds)  [45]  Foundation::Math  (../Builds/Release-DbgMemLeaks-U-32/Tests/Test45.exe)
   [Succeeded]  (1  seconds)  [46]  Foundation::Memory  (../Builds/Release-DbgMemLeaks-U-32/Tests/Test46.exe)
   [Succeeded]  (1  seconds)  [47]  Foundation::Streams  (../Builds/Release-DbgMemLeaks-U-32/Tests/Test47.exe)
   [Succeeded]  (1  seconds)  [48]  Foundation::Time  (../Builds/Release-DbgMemLeaks-U-32/Tests/Test48.exe)
   [Succeeded]  (3  seconds)  [49]  Foundation::Traversal  (../Builds/Release-DbgMemLeaks-U-32/Tests/Test49.exe)
   [Succeeded]  (281 seconds)  [50]  Foundation::PERFORMANCE  (../Builds/Release-DbgMemLeaks-U-32/Tests/Test50.exe)
Stroika/Run-All-Tests {Release-Logging-U-32}:
Stroika ThirdPartyComponents Build {Release-Logging-U-32}:
   Stroika/ThirdPartyComponents/ActivePerl Build 5.26.0 {Release-Logging-U-32}:
   Stroika/ThirdPartyComponents/zlib Build 1.2.8 {Release-Logging-U-32}:
      Checking ...  Stroika/ThirdPartyComponents/zlib -    [Succeeded]
   Stroika/ThirdPartyComponents/boost Build 1_69_0 {Release-Logging-U-32}:
      Checking ...  Stroika/ThirdPartyComponents/boost -   [Succeeded]
   Stroika/ThirdPartyComponents/lzma Build 1604 {Release-Logging-U-32}:
      Checking ...  Stroika/ThirdPartyComponents/lzma -    [Succeeded]
   Stroika/ThirdPartyComponents/OpenSSL Build 1.1.1a {Release-Logging-U-32}:
      Checking ...  Stroika/ThirdPartyComponents/OpenSSL - [Succeeded]
   Stroika/ThirdPartyComponents/sqlite Build 3270200 {Release-Logging-U-32}:
      Checking ...  Stroika/ThirdPartyComponents/sqlite -  [Succeeded]
   Stroika/ThirdPartyComponents/xerces 3.2.2 Build {Release-Logging-U-32}:
      Checking ...  Stroika/ThirdPartyComponents/Xerces -  [Succeeded]
   Stroika/ThirdPartyComponents/WIX Build 311 {Release-Logging-U-32}:
      Checking ...  Stroika/ThirdPartyComponents/WIX -  [Succeeded]
Building Stroika Library {Release-Logging-U-32}:
   Building Stroika-Foundation:
   Building Stroika-Frameworks:
Building Stroika Tests {Release-Logging-U-32}:
   Test 01: Foundation::Caching:
   Test 02: Foundation::Characters::Strings:
   Test 03: Foundation::Configuration:
   Test 04: Foundation::Containers::DataStructures::Array:
   Test 05: Foundation::Containers::DataStructures::LinkedList:
   Test 06: Foundation::Containers::DataStructures::DoublyLinkedList:
   Test 07: Foundation::Containers::DataStructures::STLContainerWrapper:
   Test 08: Foundation::Containers::DataStructures::SkipList:
   Test 09: Foundation::Containers::Association:
   Test 10: Foundation::Containers::Bag:
   Test 11: Foundation::Containers::Bijection:
   Test 12: Foundation::Containers::Collection:
   Test 13: Foundation::Containers::DataHyperRectangle:
   Test 14: Foundation::Containers::Deque:
   Test 15: Foundation::Containers::KeyedCollection:
   Test 16: Foundation::Containers::Mapping:
   Test 17: Foundation::Containers::MultiSet:
   Test 18: Foundation::Containers::PriorityQueue:
   Test 19: Foundation::Containers::Queue:
   Test 20: Foundation::Containers::Sequence:
   Test 21: Foundation::Containers::Set:
   Test 22: Foundation::Containers::SortedAssociation:
   Test 23: Foundation::Containers::SortedCollection:
   Test 24: Foundation::Containers::SortedMapping:
   Test 25: Foundation::Containers::SortedMultiSet:
   Test 26: Foundation::Containers::SortedSet:
   Test 27: Foundation::Containers::Stack:
   Test 28: Foundation::Containers::STL:
   Test 29: Foundation::Cryptography:
   Test 30: Foundation::DataExchange::Reader/Writers(7z/CharacterDelimitedLines/INI/JSON/XML/Zip):
   Test 31: Foundation::DataExchange::ObjectVariantMapper:
   Test 32: Foundation::DataExchange::XML::SaxParser:
   Test 33: Foundation::DataExchange::Other:
   Test 34: Foundation::Database:
   Test 35: Foundation::Execution::Exceptions:
   Test 36: Foundation::Execution::ProcessRunner:
   Test 37: Foundation::Execution::Signals:
   Test 38: Foundation::Execution::Threads:
   Test 39: Foundation::Execution::ThreadSafetyBuiltinObject:
   Test 40: Foundation::Execution::Other:
   Test 41: Foundation::IO::Network:
   Test 42: Foundation::IO::Network::HTTP:
   Test 43: Foundation::IO::Network::Transfer:
   Test 44: Foundation::IO::Other:
   Test 45: Foundation::Math:
   Test 46: Foundation::Memory:
   Test 47: Foundation::Streams:
   Test 48: Foundation::Time:
   Test 49: Foundation::Traversal:
   Test 50: Foundation::PERFORMANCE:
Running Stroika Tests {Release-Logging-U-32}:
   [Succeeded]  (0  seconds)  [01]  Foundation::Caching  (../Builds/Release-Logging-U-32/Tests/Test01.exe)
   [Succeeded]  (1  seconds)  [02]  Foundation::Characters::Strings  (../Builds/Release-Logging-U-32/Tests/Test02.exe)
   [Succeeded]  (0  seconds)  [03]  Foundation::Configuration  (../Builds/Release-Logging-U-32/Tests/Test03.exe)
   [Succeeded]  (1  seconds)  [04]  Foundation::Containers::DataStructures::Array  (../Builds/Release-Logging-U-32/Tests/Test04.exe)
   [Succeeded]  (1  seconds)  [05]  Foundation::Containers::DataStructures::LinkedList  (../Builds/Release-Logging-U-32/Tests/Test05.exe)
   [Succeeded]  (1  seconds)  [06]  Foundation::Containers::DataStructures::DoublyLinkedList  (../Builds/Release-Logging-U-32/Tests/Test06.exe)
   [Succeeded]  (0  seconds)  [07]  Foundation::Containers::DataStructures::STLContainerWrapper  (../Builds/Release-Logging-U-32/Tests/Test07.exe)
   [Succeeded]  (0  seconds)  [08]  Foundation::Containers::DataStructures::SkipList  (../Builds/Release-Logging-U-32/Tests/Test08.exe)
   [Succeeded]  (1  seconds)  [09]  Foundation::Containers::Association  (../Builds/Release-Logging-U-32/Tests/Test09.exe)
   [Succeeded]  (1  seconds)  [10]  Foundation::Containers::Bag  (../Builds/Release-Logging-U-32/Tests/Test10.exe)
   [Succeeded]  (1  seconds)  [11]  Foundation::Containers::Bijection  (../Builds/Release-Logging-U-32/Tests/Test11.exe)
   [Succeeded]  (2  seconds)  [12]  Foundation::Containers::Collection  (../Builds/Release-Logging-U-32/Tests/Test12.exe)
   [Succeeded]  (0  seconds)  [13]  Foundation::Containers::DataHyperRectangle  (../Builds/Release-Logging-U-32/Tests/Test13.exe)
   [Succeeded]  (0  seconds)  [14]  Foundation::Containers::Deque  (../Builds/Release-Logging-U-32/Tests/Test14.exe)
   [Succeeded]  (0  seconds)  [15]  Foundation::Containers::KeyedCollection  (../Builds/Release-Logging-U-32/Tests/Test15.exe)
   [Succeeded]  (0  seconds)  [16]  Foundation::Containers::Mapping  (../Builds/Release-Logging-U-32/Tests/Test16.exe)
   [Succeeded]  (1  seconds)  [17]  Foundation::Containers::MultiSet  (../Builds/Release-Logging-U-32/Tests/Test17.exe)
   [Succeeded]  (0  seconds)  [18]  Foundation::Containers::PriorityQueue  (../Builds/Release-Logging-U-32/Tests/Test18.exe)
   [Succeeded]  (0  seconds)  [19]  Foundation::Containers::Queue  (../Builds/Release-Logging-U-32/Tests/Test19.exe)
   [Succeeded]  (2  seconds)  [20]  Foundation::Containers::Sequence  (../Builds/Release-Logging-U-32/Tests/Test20.exe)
   [Succeeded]  (1  seconds)  [21]  Foundation::Containers::Set  (../Builds/Release-Logging-U-32/Tests/Test21.exe)
   [Succeeded]  (1  seconds)  [22]  Foundation::Containers::SortedAssociation  (../Builds/Release-Logging-U-32/Tests/Test22.exe)
   [Succeeded]  (2  seconds)  [23]  Foundation::Containers::SortedCollection  (../Builds/Release-Logging-U-32/Tests/Test23.exe)
   [Succeeded]  (1  seconds)  [24]  Foundation::Containers::SortedMapping  (../Builds/Release-Logging-U-32/Tests/Test24.exe)
   [Succeeded]  (2  seconds)  [25]  Foundation::Containers::SortedMultiSet  (../Builds/Release-Logging-U-32/Tests/Test25.exe)
   [Succeeded]  (0  seconds)  [26]  Foundation::Containers::SortedSet  (../Builds/Release-Logging-U-32/Tests/Test26.exe)
   [Succeeded]  (0  seconds)  [27]  Foundation::Containers::Stack  (../Builds/Release-Logging-U-32/Tests/Test27.exe)
   [Succeeded]  (0  seconds)  [28]  Foundation::Containers::STL  (../Builds/Release-Logging-U-32/Tests/Test28.exe)
   [Succeeded]  (1  seconds)  [29]  Foundation::Cryptography  (../Builds/Release-Logging-U-32/Tests/Test29.exe)
   [Succeeded]  (1  seconds)  [30]  Foundation::DataExchange::Reader/Writers(7z/CharacterDelimitedLines/INI/JSON/XML/Zip)  (../Builds/Release-Logging-U-32/Tests/Test30.exe)
   [Succeeded]  (1  seconds)  [31]  Foundation::DataExchange::ObjectVariantMapper  (../Builds/Release-Logging-U-32/Tests/Test31.exe)
   [Succeeded]  (2  seconds)  [32]  Foundation::DataExchange::XML::SaxParser  (../Builds/Release-Logging-U-32/Tests/Test32.exe)
   [Succeeded]  (1  seconds)  [33]  Foundation::DataExchange::Other  (../Builds/Release-Logging-U-32/Tests/Test33.exe)
   [Succeeded]  (18 seconds)  [34]  Foundation::Database  (../Builds/Release-Logging-U-32/Tests/Test34.exe)
   [Succeeded]  (1  seconds)  [35]  Foundation::Execution::Exceptions  (../Builds/Release-Logging-U-32/Tests/Test35.exe)
   [Succeeded]  (14 seconds)  [36]  Foundation::Execution::ProcessRunner  (../Builds/Release-Logging-U-32/Tests/Test36.exe)
   [Succeeded]  (2  seconds)  [37]  Foundation::Execution::Signals  (../Builds/Release-Logging-U-32/Tests/Test37.exe)
   [Succeeded]  (85 seconds)  [38]  Foundation::Execution::Threads  (../Builds/Release-Logging-U-32/Tests/Test38.exe)
   [Succeeded]  (4  seconds)  [39]  Foundation::Execution::ThreadSafetyBuiltinObject  (../Builds/Release-Logging-U-32/Tests/Test39.exe)
   [Succeeded]  (0  seconds)  [40]  Foundation::Execution::Other  (../Builds/Release-Logging-U-32/Tests/Test40.exe)
   [Succeeded]  (0  seconds)  [41]  Foundation::IO::Network  (../Builds/Release-Logging-U-32/Tests/Test41.exe)
   [Succeeded]  (1  seconds)  [42]  Foundation::IO::Network::HTTP  (../Builds/Release-Logging-U-32/Tests/Test42.exe)
FAILED: RegressionTestFailure; false;;C:\Sandbox\Stroika\DevRoot\Tests\43\Test.cpp: 479
   []  (44 seconds)  [43]  Foundation::IO::Network::Transfer  (../Builds/Release-Logging-U-32/Tests/Test43.exe)
   [Succeeded]  (7  seconds)  [44]  Foundation::IO::Other  (../Builds/Release-Logging-U-32/Tests/Test44.exe)
   [Succeeded]  (1  seconds)  [45]  Foundation::Math  (../Builds/Release-Logging-U-32/Tests/Test45.exe)
   [Succeeded]  (1  seconds)  [46]  Foundation::Memory  (../Builds/Release-Logging-U-32/Tests/Test46.exe)
   [Succeeded]  (1  seconds)  [47]  Foundation::Streams  (../Builds/Release-Logging-U-32/Tests/Test47.exe)
   [Succeeded]  (2  seconds)  [48]  Foundation::Time  (../Builds/Release-Logging-U-32/Tests/Test48.exe)
   [Succeeded]  (2  seconds)  [49]  Foundation::Traversal  (../Builds/Release-Logging-U-32/Tests/Test49.exe)
   [Succeeded]  (237 seconds)  [50]  Foundation::PERFORMANCE  (../Builds/Release-Logging-U-32/Tests/Test50.exe)
Stroika/Run-All-Tests {Release-Logging-U-64}:
Stroika ThirdPartyComponents Build {Release-Logging-U-64}:
   Stroika/ThirdPartyComponents/ActivePerl Build 5.26.0 {Release-Logging-U-64}:
   Stroika/ThirdPartyComponents/zlib Build 1.2.8 {Release-Logging-U-64}:
      Checking ...  Stroika/ThirdPartyComponents/zlib -    [Succeeded]
   Stroika/ThirdPartyComponents/boost Build 1_69_0 {Release-Logging-U-64}:
      Checking ...  Stroika/ThirdPartyComponents/boost -   [Succeeded]
   Stroika/ThirdPartyComponents/lzma Build 1604 {Release-Logging-U-64}:
      Checking ...  Stroika/ThirdPartyComponents/lzma -    [Succeeded]
   Stroika/ThirdPartyComponents/OpenSSL Build 1.1.1a {Release-Logging-U-64}:
      Checking ...  Stroika/ThirdPartyComponents/OpenSSL - [Succeeded]
   Stroika/ThirdPartyComponents/sqlite Build 3270200 {Release-Logging-U-64}:
      Checking ...  Stroika/ThirdPartyComponents/sqlite -  [Succeeded]
   Stroika/ThirdPartyComponents/xerces 3.2.2 Build {Release-Logging-U-64}:
      Checking ...  Stroika/ThirdPartyComponents/Xerces -  [Succeeded]
   Stroika/ThirdPartyComponents/WIX Build 311 {Release-Logging-U-64}:
      Checking ...  Stroika/ThirdPartyComponents/WIX -  [Succeeded]
Building Stroika Library {Release-Logging-U-64}:
   Building Stroika-Foundation:
   Building Stroika-Frameworks:
Building Stroika Tests {Release-Logging-U-64}:
   Test 01: Foundation::Caching:
   Test 02: Foundation::Characters::Strings:
   Test 03: Foundation::Configuration:
   Test 04: Foundation::Containers::DataStructures::Array:
   Test 05: Foundation::Containers::DataStructures::LinkedList:
   Test 06: Foundation::Containers::DataStructures::DoublyLinkedList:
   Test 07: Foundation::Containers::DataStructures::STLContainerWrapper:
   Test 08: Foundation::Containers::DataStructures::SkipList:
   Test 09: Foundation::Containers::Association:
   Test 10: Foundation::Containers::Bag:
   Test 11: Foundation::Containers::Bijection:
   Test 12: Foundation::Containers::Collection:
   Test 13: Foundation::Containers::DataHyperRectangle:
   Test 14: Foundation::Containers::Deque:
   Test 15: Foundation::Containers::KeyedCollection:
   Test 16: Foundation::Containers::Mapping:
   Test 17: Foundation::Containers::MultiSet:
   Test 18: Foundation::Containers::PriorityQueue:
   Test 19: Foundation::Containers::Queue:
   Test 20: Foundation::Containers::Sequence:
   Test 21: Foundation::Containers::Set:
   Test 22: Foundation::Containers::SortedAssociation:
   Test 23: Foundation::Containers::SortedCollection:
   Test 24: Foundation::Containers::SortedMapping:
   Test 25: Foundation::Containers::SortedMultiSet:
   Test 26: Foundation::Containers::SortedSet:
   Test 27: Foundation::Containers::Stack:
   Test 28: Foundation::Containers::STL:
   Test 29: Foundation::Cryptography:
   Test 30: Foundation::DataExchange::Reader/Writers(7z/CharacterDelimitedLines/INI/JSON/XML/Zip):
   Test 31: Foundation::DataExchange::ObjectVariantMapper:
   Test 32: Foundation::DataExchange::XML::SaxParser:
   Test 33: Foundation::DataExchange::Other:
   Test 34: Foundation::Database:
   Test 35: Foundation::Execution::Exceptions:
   Test 36: Foundation::Execution::ProcessRunner:
   Test 37: Foundation::Execution::Signals:
   Test 38: Foundation::Execution::Threads:
   Test 39: Foundation::Execution::ThreadSafetyBuiltinObject:
   Test 40: Foundation::Execution::Other:
   Test 41: Foundation::IO::Network:
   Test 42: Foundation::IO::Network::HTTP:
   Test 43: Foundation::IO::Network::Transfer:
   Test 44: Foundation::IO::Other:
   Test 45: Foundation::Math:
   Test 46: Foundation::Memory:
   Test 47: Foundation::Streams:
   Test 48: Foundation::Time:
   Test 49: Foundation::Traversal:
   Test 50: Foundation::PERFORMANCE:
Running Stroika Tests {Release-Logging-U-64}:
   [Succeeded]  (0  seconds)  [01]  Foundation::Caching  (../Builds/Release-Logging-U-64/Tests/Test01.exe)
   [Succeeded]  (0  seconds)  [02]  Foundation::Characters::Strings  (../Builds/Release-Logging-U-64/Tests/Test02.exe)
   [Succeeded]  (1  seconds)  [03]  Foundation::Configuration  (../Builds/Release-Logging-U-64/Tests/Test03.exe)
   [Succeeded]  (0  seconds)  [04]  Foundation::Containers::DataStructures::Array  (../Builds/Release-Logging-U-64/Tests/Test04.exe)
   [Succeeded]  (0  seconds)  [05]  Foundation::Containers::DataStructures::LinkedList  (../Builds/Release-Logging-U-64/Tests/Test05.exe)
   [Succeeded]  (0  seconds)  [06]  Foundation::Containers::DataStructures::DoublyLinkedList  (../Builds/Release-Logging-U-64/Tests/Test06.exe)
   [Succeeded]  (0  seconds)  [07]  Foundation::Containers::DataStructures::STLContainerWrapper  (../Builds/Release-Logging-U-64/Tests/Test07.exe)
   [Succeeded]  (1  seconds)  [08]  Foundation::Containers::DataStructures::SkipList  (../Builds/Release-Logging-U-64/Tests/Test08.exe)
   [Succeeded]  (0  seconds)  [09]  Foundation::Containers::Association  (../Builds/Release-Logging-U-64/Tests/Test09.exe)
   [Succeeded]  (0  seconds)  [10]  Foundation::Containers::Bag  (../Builds/Release-Logging-U-64/Tests/Test10.exe)
   [Succeeded]  (1  seconds)  [11]  Foundation::Containers::Bijection  (../Builds/Release-Logging-U-64/Tests/Test11.exe)
   [Succeeded]  (0  seconds)  [12]  Foundation::Containers::Collection  (../Builds/Release-Logging-U-64/Tests/Test12.exe)
   [Succeeded]  (0  seconds)  [13]  Foundation::Containers::DataHyperRectangle  (../Builds/Release-Logging-U-64/Tests/Test13.exe)
   [Succeeded]  (1  seconds)  [14]  Foundation::Containers::Deque  (../Builds/Release-Logging-U-64/Tests/Test14.exe)
   [Succeeded]  (0  seconds)  [15]  Foundation::Containers::KeyedCollection  (../Builds/Release-Logging-U-64/Tests/Test15.exe)
   [Succeeded]  (0  seconds)  [16]  Foundation::Containers::Mapping  (../Builds/Release-Logging-U-64/Tests/Test16.exe)
   [Succeeded]  (1  seconds)  [17]  Foundation::Containers::MultiSet  (../Builds/Release-Logging-U-64/Tests/Test17.exe)
   [Succeeded]  (0  seconds)  [18]  Foundation::Containers::PriorityQueue  (../Builds/Release-Logging-U-64/Tests/Test18.exe)
   [Succeeded]  (0  seconds)  [19]  Foundation::Containers::Queue  (../Builds/Release-Logging-U-64/Tests/Test19.exe)
   [Succeeded]  (1  seconds)  [20]  Foundation::Containers::Sequence  (../Builds/Release-Logging-U-64/Tests/Test20.exe)
   [Succeeded]  (1  seconds)  [21]  Foundation::Containers::Set  (../Builds/Release-Logging-U-64/Tests/Test21.exe)
   [Succeeded]  (0  seconds)  [22]  Foundation::Containers::SortedAssociation  (../Builds/Release-Logging-U-64/Tests/Test22.exe)
   [Succeeded]  (0  seconds)  [23]  Foundation::Containers::SortedCollection  (../Builds/Release-Logging-U-64/Tests/Test23.exe)
   [Succeeded]  (1  seconds)  [24]  Foundation::Containers::SortedMapping  (../Builds/Release-Logging-U-64/Tests/Test24.exe)
   [Succeeded]  (0  seconds)  [25]  Foundation::Containers::SortedMultiSet  (../Builds/Release-Logging-U-64/Tests/Test25.exe)
   [Succeeded]  (0  seconds)  [26]  Foundation::Containers::SortedSet  (../Builds/Release-Logging-U-64/Tests/Test26.exe)
   [Succeeded]  (1  seconds)  [27]  Foundation::Containers::Stack  (../Builds/Release-Logging-U-64/Tests/Test27.exe)
   [Succeeded]  (0  seconds)  [28]  Foundation::Containers::STL  (../Builds/Release-Logging-U-64/Tests/Test28.exe)
   [Succeeded]  (0  seconds)  [29]  Foundation::Cryptography  (../Builds/Release-Logging-U-64/Tests/Test29.exe)
   [Succeeded]  (1  seconds)  [30]  Foundation::DataExchange::Reader/Writers(7z/CharacterDelimitedLines/INI/JSON/XML/Zip)  (../Builds/Release-Logging-U-64/Tests/Test30.exe)
   [Succeeded]  (0  seconds)  [31]  Foundation::DataExchange::ObjectVariantMapper  (../Builds/Release-Logging-U-64/Tests/Test31.exe)
   [Succeeded]  (0  seconds)  [32]  Foundation::DataExchange::XML::SaxParser  (../Builds/Release-Logging-U-64/Tests/Test32.exe)
   [Succeeded]  (1  seconds)  [33]  Foundation::DataExchange::Other  (../Builds/Release-Logging-U-64/Tests/Test33.exe)
   [Succeeded]  (17 seconds)  [34]  Foundation::Database  (../Builds/Release-Logging-U-64/Tests/Test34.exe)
   [Succeeded]  (1  seconds)  [35]  Foundation::Execution::Exceptions  (../Builds/Release-Logging-U-64/Tests/Test35.exe)
   [Succeeded]  (10 seconds)  [36]  Foundation::Execution::ProcessRunner  (../Builds/Release-Logging-U-64/Tests/Test36.exe)
   [Succeeded]  (1  seconds)  [37]  Foundation::Execution::Signals  (../Builds/Release-Logging-U-64/Tests/Test37.exe)
   [Succeeded]  (85 seconds)  [38]  Foundation::Execution::Threads  (../Builds/Release-Logging-U-64/Tests/Test38.exe)
   [Succeeded]  (3  seconds)  [39]  Foundation::Execution::ThreadSafetyBuiltinObject  (../Builds/Release-Logging-U-64/Tests/Test39.exe)
   [Succeeded]  (0  seconds)  [40]  Foundation::Execution::Other  (../Builds/Release-Logging-U-64/Tests/Test40.exe)
   [Succeeded]  (0  seconds)  [41]  Foundation::IO::Network  (../Builds/Release-Logging-U-64/Tests/Test41.exe)
   [Succeeded]  (0  seconds)  [42]  Foundation::IO::Network::HTTP  (../Builds/Release-Logging-U-64/Tests/Test42.exe)
FAILED: RegressionTestFailure; false;;C:\Sandbox\Stroika\DevRoot\Tests\43\Test.cpp: 479
   []  (43 seconds)  [43]  Foundation::IO::Network::Transfer  (../Builds/Release-Logging-U-64/Tests/Test43.exe)
   [Succeeded]  (3  seconds)  [44]  Foundation::IO::Other  (../Builds/Release-Logging-U-64/Tests/Test44.exe)
   [Succeeded]  (0  seconds)  [45]  Foundation::Math  (../Builds/Release-Logging-U-64/Tests/Test45.exe)
   [Succeeded]  (1  seconds)  [46]  Foundation::Memory  (../Builds/Release-Logging-U-64/Tests/Test46.exe)
   [Succeeded]  (0  seconds)  [47]  Foundation::Streams  (../Builds/Release-Logging-U-64/Tests/Test47.exe)
   [Succeeded]  (1  seconds)  [48]  Foundation::Time  (../Builds/Release-Logging-U-64/Tests/Test48.exe)
   [Succeeded]  (1  seconds)  [49]  Foundation::Traversal  (../Builds/Release-Logging-U-64/Tests/Test49.exe)
   [Succeeded]  (40 seconds)  [50]  Foundation::PERFORMANCE  (../Builds/Release-Logging-U-64/Tests/Test50.exe)
Stroika/Run-All-Tests {Release-U-32}:
Stroika ThirdPartyComponents Build {Release-U-32}:
   Stroika/ThirdPartyComponents/ActivePerl Build 5.26.0 {Release-U-32}:
   Stroika/ThirdPartyComponents/zlib Build 1.2.8 {Release-U-32}:
      Checking ...  Stroika/ThirdPartyComponents/zlib -    [Succeeded]
   Stroika/ThirdPartyComponents/boost Build 1_69_0 {Release-U-32}:
      Checking ...  Stroika/ThirdPartyComponents/boost -   [Succeeded]
   Stroika/ThirdPartyComponents/lzma Build 1604 {Release-U-32}:
      Checking ...  Stroika/ThirdPartyComponents/lzma -    [Succeeded]
   Stroika/ThirdPartyComponents/OpenSSL Build 1.1.1a {Release-U-32}:
      Checking ...  Stroika/ThirdPartyComponents/OpenSSL - [Succeeded]
   Stroika/ThirdPartyComponents/sqlite Build 3270200 {Release-U-32}:
      Checking ...  Stroika/ThirdPartyComponents/sqlite -  [Succeeded]
   Stroika/ThirdPartyComponents/xerces 3.2.2 Build {Release-U-32}:
      Checking ...  Stroika/ThirdPartyComponents/Xerces -  [Succeeded]
   Stroika/ThirdPartyComponents/WIX Build 311 {Release-U-32}:
      Checking ...  Stroika/ThirdPartyComponents/WIX -  [Succeeded]
Building Stroika Library {Release-U-32}:
   Building Stroika-Foundation:
   Building Stroika-Frameworks:
Building Stroika Tests {Release-U-32}:
   Test 01: Foundation::Caching:
   Test 02: Foundation::Characters::Strings:
   Test 03: Foundation::Configuration:
   Test 04: Foundation::Containers::DataStructures::Array:
   Test 05: Foundation::Containers::DataStructures::LinkedList:
   Test 06: Foundation::Containers::DataStructures::DoublyLinkedList:
   Test 07: Foundation::Containers::DataStructures::STLContainerWrapper:
   Test 08: Foundation::Containers::DataStructures::SkipList:
   Test 09: Foundation::Containers::Association:
   Test 10: Foundation::Containers::Bag:
   Test 11: Foundation::Containers::Bijection:
   Test 12: Foundation::Containers::Collection:
   Test 13: Foundation::Containers::DataHyperRectangle:
   Test 14: Foundation::Containers::Deque:
   Test 15: Foundation::Containers::KeyedCollection:
   Test 16: Foundation::Containers::Mapping:
   Test 17: Foundation::Containers::MultiSet:
   Test 18: Foundation::Containers::PriorityQueue:
   Test 19: Foundation::Containers::Queue:
   Test 20: Foundation::Containers::Sequence:
   Test 21: Foundation::Containers::Set:
   Test 22: Foundation::Containers::SortedAssociation:
   Test 23: Foundation::Containers::SortedCollection:
   Test 24: Foundation::Containers::SortedMapping:
   Test 25: Foundation::Containers::SortedMultiSet:
   Test 26: Foundation::Containers::SortedSet:
   Test 27: Foundation::Containers::Stack:
   Test 28: Foundation::Containers::STL:
   Test 29: Foundation::Cryptography:
   Test 30: Foundation::DataExchange::Reader/Writers(7z/CharacterDelimitedLines/INI/JSON/XML/Zip):
   Test 31: Foundation::DataExchange::ObjectVariantMapper:
   Test 32: Foundation::DataExchange::XML::SaxParser:
   Test 33: Foundation::DataExchange::Other:
   Test 34: Foundation::Database:
   Test 35: Foundation::Execution::Exceptions:
   Test 36: Foundation::Execution::ProcessRunner:
   Test 37: Foundation::Execution::Signals:
   Test 38: Foundation::Execution::Threads:
   Test 39: Foundation::Execution::ThreadSafetyBuiltinObject:
   Test 40: Foundation::Execution::Other:
   Test 41: Foundation::IO::Network:
   Test 42: Foundation::IO::Network::HTTP:
   Test 43: Foundation::IO::Network::Transfer:
   Test 44: Foundation::IO::Other:
   Test 45: Foundation::Math:
   Test 46: Foundation::Memory:
   Test 47: Foundation::Streams:
   Test 48: Foundation::Time:
   Test 49: Foundation::Traversal:
   Test 50: Foundation::PERFORMANCE:
Running Stroika Tests {Release-U-32}:
   [Succeeded]  (0  seconds)  [01]  Foundation::Caching  (../Builds/Release-U-32/Tests/Test01.exe)
   [Succeeded]  (1  seconds)  [02]  Foundation::Characters::Strings  (../Builds/Release-U-32/Tests/Test02.exe)
   [Succeeded]  (1  seconds)  [03]  Foundation::Configuration  (../Builds/Release-U-32/Tests/Test03.exe)
   [Succeeded]  (0  seconds)  [04]  Foundation::Containers::DataStructures::Array  (../Builds/Release-U-32/Tests/Test04.exe)
   [Succeeded]  (0  seconds)  [05]  Foundation::Containers::DataStructures::LinkedList  (../Builds/Release-U-32/Tests/Test05.exe)
   [Succeeded]  (1  seconds)  [06]  Foundation::Containers::DataStructures::DoublyLinkedList  (../Builds/Release-U-32/Tests/Test06.exe)
   [Succeeded]  (1  seconds)  [07]  Foundation::Containers::DataStructures::STLContainerWrapper  (../Builds/Release-U-32/Tests/Test07.exe)
   [Succeeded]  (0  seconds)  [08]  Foundation::Containers::DataStructures::SkipList  (../Builds/Release-U-32/Tests/Test08.exe)
   [Succeeded]  (0  seconds)  [09]  Foundation::Containers::Association  (../Builds/Release-U-32/Tests/Test09.exe)
   [Succeeded]  (1  seconds)  [10]  Foundation::Containers::Bag  (../Builds/Release-U-32/Tests/Test10.exe)
   [Succeeded]  (1  seconds)  [11]  Foundation::Containers::Bijection  (../Builds/Release-U-32/Tests/Test11.exe)
   [Succeeded]  (3  seconds)  [12]  Foundation::Containers::Collection  (../Builds/Release-U-32/Tests/Test12.exe)
   [Succeeded]  (0  seconds)  [13]  Foundation::Containers::DataHyperRectangle  (../Builds/Release-U-32/Tests/Test13.exe)
   [Succeeded]  (0  seconds)  [14]  Foundation::Containers::Deque  (../Builds/Release-U-32/Tests/Test14.exe)
   [Succeeded]  (0  seconds)  [15]  Foundation::Containers::KeyedCollection  (../Builds/Release-U-32/Tests/Test15.exe)
   [Succeeded]  (1  seconds)  [16]  Foundation::Containers::Mapping  (../Builds/Release-U-32/Tests/Test16.exe)
   [Succeeded]  (1  seconds)  [17]  Foundation::Containers::MultiSet  (../Builds/Release-U-32/Tests/Test17.exe)
   [Succeeded]  (0  seconds)  [18]  Foundation::Containers::PriorityQueue  (../Builds/Release-U-32/Tests/Test18.exe)
   [Succeeded]  (0  seconds)  [19]  Foundation::Containers::Queue  (../Builds/Release-U-32/Tests/Test19.exe)
   [Succeeded]  (5  seconds)  [20]  Foundation::Containers::Sequence  (../Builds/Release-U-32/Tests/Test20.exe)
   [Succeeded]  (0  seconds)  [21]  Foundation::Containers::Set  (../Builds/Release-U-32/Tests/Test21.exe)
   [Succeeded]  (0  seconds)  [22]  Foundation::Containers::SortedAssociation  (../Builds/Release-U-32/Tests/Test22.exe)
   [Succeeded]  (2  seconds)  [23]  Foundation::Containers::SortedCollection  (../Builds/Release-U-32/Tests/Test23.exe)
   [Succeeded]  (0  seconds)  [24]  Foundation::Containers::SortedMapping  (../Builds/Release-U-32/Tests/Test24.exe)
   [Succeeded]  (1  seconds)  [25]  Foundation::Containers::SortedMultiSet  (../Builds/Release-U-32/Tests/Test25.exe)
   [Succeeded]  (0  seconds)  [26]  Foundation::Containers::SortedSet  (../Builds/Release-U-32/Tests/Test26.exe)
   [Succeeded]  (1  seconds)  [27]  Foundation::Containers::Stack  (../Builds/Release-U-32/Tests/Test27.exe)
   [Succeeded]  (0  seconds)  [28]  Foundation::Containers::STL  (../Builds/Release-U-32/Tests/Test28.exe)
   [Succeeded]  (0  seconds)  [29]  Foundation::Cryptography  (../Builds/Release-U-32/Tests/Test29.exe)
   [Succeeded]  (1  seconds)  [30]  Foundation::DataExchange::Reader/Writers(7z/CharacterDelimitedLines/INI/JSON/XML/Zip)  (../Builds/Release-U-32/Tests/Test30.exe)
   [Succeeded]  (0  seconds)  [31]  Foundation::DataExchange::ObjectVariantMapper  (../Builds/Release-U-32/Tests/Test31.exe)
   [Succeeded]  (1  seconds)  [32]  Foundation::DataExchange::XML::SaxParser  (../Builds/Release-U-32/Tests/Test32.exe)
   [Succeeded]  (0  seconds)  [33]  Foundation::DataExchange::Other  (../Builds/Release-U-32/Tests/Test33.exe)
   [Succeeded]  (17 seconds)  [34]  Foundation::Database  (../Builds/Release-U-32/Tests/Test34.exe)
   [Succeeded]  (1  seconds)  [35]  Foundation::Execution::Exceptions  (../Builds/Release-U-32/Tests/Test35.exe)
   [Succeeded]  (14 seconds)  [36]  Foundation::Execution::ProcessRunner  (../Builds/Release-U-32/Tests/Test36.exe)
   [Succeeded]  (1  seconds)  [37]  Foundation::Execution::Signals  (../Builds/Release-U-32/Tests/Test37.exe)
   [Succeeded]  (82 seconds)  [38]  Foundation::Execution::Threads  (../Builds/Release-U-32/Tests/Test38.exe)
   [Succeeded]  (4  seconds)  [39]  Foundation::Execution::ThreadSafetyBuiltinObject  (../Builds/Release-U-32/Tests/Test39.exe)
   [Succeeded]  (0  seconds)  [40]  Foundation::Execution::Other  (../Builds/Release-U-32/Tests/Test40.exe)
   [Succeeded]  (0  seconds)  [41]  Foundation::IO::Network  (../Builds/Release-U-32/Tests/Test41.exe)
   [Succeeded]  (1  seconds)  [42]  Foundation::IO::Network::HTTP  (../Builds/Release-U-32/Tests/Test42.exe)
FAILED: RegressionTestFailure; false;;C:\Sandbox\Stroika\DevRoot\Tests\43\Test.cpp: 479
   []  (43 seconds)  [43]  Foundation::IO::Network::Transfer  (../Builds/Release-U-32/Tests/Test43.exe)
   [Succeeded]  (0  seconds)  [44]  Foundation::IO::Other  (../Builds/Release-U-32/Tests/Test44.exe)
   [Succeeded]  (0  seconds)  [45]  Foundation::Math  (../Builds/Release-U-32/Tests/Test45.exe)
   [Succeeded]  (0  seconds)  [46]  Foundation::Memory  (../Builds/Release-U-32/Tests/Test46.exe)
   [Succeeded]  (1  seconds)  [47]  Foundation::Streams  (../Builds/Release-U-32/Tests/Test47.exe)
   [Succeeded]  (2  seconds)  [48]  Foundation::Time  (../Builds/Release-U-32/Tests/Test48.exe)
   [Succeeded]  (2  seconds)  [49]  Foundation::Traversal  (../Builds/Release-U-32/Tests/Test49.exe)
   [Succeeded]  (235 seconds)  [50]  Foundation::PERFORMANCE  (../Builds/Release-U-32/Tests/Test50.exe)
Stroika/Run-All-Tests {Release-U-64}:
Stroika ThirdPartyComponents Build {Release-U-64}:
   Stroika/ThirdPartyComponents/ActivePerl Build 5.26.0 {Release-U-64}:
   Stroika/ThirdPartyComponents/zlib Build 1.2.8 {Release-U-64}:
      Checking ...  Stroika/ThirdPartyComponents/zlib -    [Succeeded]
   Stroika/ThirdPartyComponents/boost Build 1_69_0 {Release-U-64}:
      Checking ...  Stroika/ThirdPartyComponents/boost -   [Succeeded]
   Stroika/ThirdPartyComponents/lzma Build 1604 {Release-U-64}:
      Checking ...  Stroika/ThirdPartyComponents/lzma -    [Succeeded]
   Stroika/ThirdPartyComponents/OpenSSL Build 1.1.1a {Release-U-64}:
      Checking ...  Stroika/ThirdPartyComponents/OpenSSL - [Succeeded]
   Stroika/ThirdPartyComponents/sqlite Build 3270200 {Release-U-64}:
      Checking ...  Stroika/ThirdPartyComponents/sqlite -  [Succeeded]
   Stroika/ThirdPartyComponents/xerces 3.2.2 Build {Release-U-64}:
      Checking ...  Stroika/ThirdPartyComponents/Xerces -  [Succeeded]
   Stroika/ThirdPartyComponents/WIX Build 311 {Release-U-64}:
      Checking ...  Stroika/ThirdPartyComponents/WIX -  [Succeeded]
Building Stroika Library {Release-U-64}:
   Building Stroika-Foundation:
   Building Stroika-Frameworks:
Building Stroika Tests {Release-U-64}:
   Test 01: Foundation::Caching:
   Test 02: Foundation::Characters::Strings:
   Test 03: Foundation::Configuration:
   Test 04: Foundation::Containers::DataStructures::Array:
   Test 05: Foundation::Containers::DataStructures::LinkedList:
   Test 06: Foundation::Containers::DataStructures::DoublyLinkedList:
   Test 07: Foundation::Containers::DataStructures::STLContainerWrapper:
   Test 08: Foundation::Containers::DataStructures::SkipList:
   Test 09: Foundation::Containers::Association:
   Test 10: Foundation::Containers::Bag:
   Test 11: Foundation::Containers::Bijection:
   Test 12: Foundation::Containers::Collection:
   Test 13: Foundation::Containers::DataHyperRectangle:
   Test 14: Foundation::Containers::Deque:
   Test 15: Foundation::Containers::KeyedCollection:
   Test 16: Foundation::Containers::Mapping:
   Test 17: Foundation::Containers::MultiSet:
   Test 18: Foundation::Containers::PriorityQueue:
   Test 19: Foundation::Containers::Queue:
   Test 20: Foundation::Containers::Sequence:
   Test 21: Foundation::Containers::Set:
   Test 22: Foundation::Containers::SortedAssociation:
   Test 23: Foundation::Containers::SortedCollection:
   Test 24: Foundation::Containers::SortedMapping:
   Test 25: Foundation::Containers::SortedMultiSet:
   Test 26: Foundation::Containers::SortedSet:
   Test 27: Foundation::Containers::Stack:
   Test 28: Foundation::Containers::STL:
   Test 29: Foundation::Cryptography:
   Test 30: Foundation::DataExchange::Reader/Writers(7z/CharacterDelimitedLines/INI/JSON/XML/Zip):
   Test 31: Foundation::DataExchange::ObjectVariantMapper:
   Test 32: Foundation::DataExchange::XML::SaxParser:
   Test 33: Foundation::DataExchange::Other:
   Test 34: Foundation::Database:
   Test 35: Foundation::Execution::Exceptions:
   Test 36: Foundation::Execution::ProcessRunner:
   Test 37: Foundation::Execution::Signals:
   Test 38: Foundation::Execution::Threads:
   Test 39: Foundation::Execution::ThreadSafetyBuiltinObject:
   Test 40: Foundation::Execution::Other:
   Test 41: Foundation::IO::Network:
   Test 42: Foundation::IO::Network::HTTP:
   Test 43: Foundation::IO::Network::Transfer:
   Test 44: Foundation::IO::Other:
   Test 45: Foundation::Math:
   Test 46: Foundation::Memory:
   Test 47: Foundation::Streams:
   Test 48: Foundation::Time:
   Test 49: Foundation::Traversal:
   Test 50: Foundation::PERFORMANCE:
Running Stroika Tests {Release-U-64}:
   [Succeeded]  (0  seconds)  [01]  Foundation::Caching  (../Builds/Release-U-64/Tests/Test01.exe)
   [Succeeded]  (1  seconds)  [02]  Foundation::Characters::Strings  (../Builds/Release-U-64/Tests/Test02.exe)
   [Succeeded]  (1  seconds)  [03]  Foundation::Configuration  (../Builds/Release-U-64/Tests/Test03.exe)
   [Succeeded]  (0  seconds)  [04]  Foundation::Containers::DataStructures::Array  (../Builds/Release-U-64/Tests/Test04.exe)
   [Succeeded]  (0  seconds)  [05]  Foundation::Containers::DataStructures::LinkedList  (../Builds/Release-U-64/Tests/Test05.exe)
   [Succeeded]  (1  seconds)  [06]  Foundation::Containers::DataStructures::DoublyLinkedList  (../Builds/Release-U-64/Tests/Test06.exe)
   [Succeeded]  (1  seconds)  [07]  Foundation::Containers::DataStructures::STLContainerWrapper  (../Builds/Release-U-64/Tests/Test07.exe)
   [Succeeded]  (0  seconds)  [08]  Foundation::Containers::DataStructures::SkipList  (../Builds/Release-U-64/Tests/Test08.exe)
   [Succeeded]  (0  seconds)  [09]  Foundation::Containers::Association  (../Builds/Release-U-64/Tests/Test09.exe)
   [Succeeded]  (1  seconds)  [10]  Foundation::Containers::Bag  (../Builds/Release-U-64/Tests/Test10.exe)
   [Succeeded]  (0  seconds)  [11]  Foundation::Containers::Bijection  (../Builds/Release-U-64/Tests/Test11.exe)
   [Succeeded]  (0  seconds)  [12]  Foundation::Containers::Collection  (../Builds/Release-U-64/Tests/Test12.exe)
   [Succeeded]  (0  seconds)  [13]  Foundation::Containers::DataHyperRectangle  (../Builds/Release-U-64/Tests/Test13.exe)
   [Succeeded]  (1  seconds)  [14]  Foundation::Containers::Deque  (../Builds/Release-U-64/Tests/Test14.exe)
   [Succeeded]  (0  seconds)  [15]  Foundation::Containers::KeyedCollection  (../Builds/Release-U-64/Tests/Test15.exe)
   [Succeeded]  (0  seconds)  [16]  Foundation::Containers::Mapping  (../Builds/Release-U-64/Tests/Test16.exe)
   [Succeeded]  (0  seconds)  [17]  Foundation::Containers::MultiSet  (../Builds/Release-U-64/Tests/Test17.exe)
   [Succeeded]  (0  seconds)  [18]  Foundation::Containers::PriorityQueue  (../Builds/Release-U-64/Tests/Test18.exe)
   [Succeeded]  (1  seconds)  [19]  Foundation::Containers::Queue  (../Builds/Release-U-64/Tests/Test19.exe)
   [Succeeded]  (1  seconds)  [20]  Foundation::Containers::Sequence  (../Builds/Release-U-64/Tests/Test20.exe)
   [Succeeded]  (1  seconds)  [21]  Foundation::Containers::Set  (../Builds/Release-U-64/Tests/Test21.exe)
   [Succeeded]  (1  seconds)  [22]  Foundation::Containers::SortedAssociation  (../Builds/Release-U-64/Tests/Test22.exe)
   [Succeeded]  (0  seconds)  [23]  Foundation::Containers::SortedCollection  (../Builds/Release-U-64/Tests/Test23.exe)
   [Succeeded]  (0  seconds)  [24]  Foundation::Containers::SortedMapping  (../Builds/Release-U-64/Tests/Test24.exe)
   [Succeeded]  (0  seconds)  [25]  Foundation::Containers::SortedMultiSet  (../Builds/Release-U-64/Tests/Test25.exe)
   [Succeeded]  (0  seconds)  [26]  Foundation::Containers::SortedSet  (../Builds/Release-U-64/Tests/Test26.exe)
   [Succeeded]  (1  seconds)  [27]  Foundation::Containers::Stack  (../Builds/Release-U-64/Tests/Test27.exe)
   [Succeeded]  (0  seconds)  [28]  Foundation::Containers::STL  (../Builds/Release-U-64/Tests/Test28.exe)
   [Succeeded]  (0  seconds)  [29]  Foundation::Cryptography  (../Builds/Release-U-64/Tests/Test29.exe)
   [Succeeded]  (1  seconds)  [30]  Foundation::DataExchange::Reader/Writers(7z/CharacterDelimitedLines/INI/JSON/XML/Zip)  (../Builds/Release-U-64/Tests/Test30.exe)
   [Succeeded]  (1  seconds)  [31]  Foundation::DataExchange::ObjectVariantMapper  (../Builds/Release-U-64/Tests/Test31.exe)
   [Succeeded]  (1  seconds)  [32]  Foundation::DataExchange::XML::SaxParser  (../Builds/Release-U-64/Tests/Test32.exe)
   [Succeeded]  (1  seconds)  [33]  Foundation::DataExchange::Other  (../Builds/Release-U-64/Tests/Test33.exe)
   [Succeeded]  (17 seconds)  [34]  Foundation::Database  (../Builds/Release-U-64/Tests/Test34.exe)
   [Succeeded]  (1  seconds)  [35]  Foundation::Execution::Exceptions  (../Builds/Release-U-64/Tests/Test35.exe)
   [Succeeded]  (10 seconds)  [36]  Foundation::Execution::ProcessRunner  (../Builds/Release-U-64/Tests/Test36.exe)
   [Succeeded]  (2  seconds)  [37]  Foundation::Execution::Signals  (../Builds/Release-U-64/Tests/Test37.exe)
   [Succeeded]  (86 seconds)  [38]  Foundation::Execution::Threads  (../Builds/Release-U-64/Tests/Test38.exe)
   [Succeeded]  (3  seconds)  [39]  Foundation::Execution::ThreadSafetyBuiltinObject  (../Builds/Release-U-64/Tests/Test39.exe)
   [Succeeded]  (0  seconds)  [40]  Foundation::Execution::Other  (../Builds/Release-U-64/Tests/Test40.exe)
   [Succeeded]  (0  seconds)  [41]  Foundation::IO::Network  (../Builds/Release-U-64/Tests/Test41.exe)
   [Succeeded]  (1  seconds)  [42]  Foundation::IO::Network::HTTP  (../Builds/Release-U-64/Tests/Test42.exe)
FAILED: RegressionTestFailure; false;;C:\Sandbox\Stroika\DevRoot\Tests\43\Test.cpp: 479
   []  (43 seconds)  [43]  Foundation::IO::Network::Transfer  (../Builds/Release-U-64/Tests/Test43.exe)
   [Succeeded]  (1  seconds)  [44]  Foundation::IO::Other  (../Builds/Release-U-64/Tests/Test44.exe)
   [Succeeded]  (0  seconds)  [45]  Foundation::Math  (../Builds/Release-U-64/Tests/Test45.exe)
   [Succeeded]  (0  seconds)  [46]  Foundation::Memory  (../Builds/Release-U-64/Tests/Test46.exe)
   [Succeeded]  (1  seconds)  [47]  Foundation::Streams  (../Builds/Release-U-64/Tests/Test47.exe)
   [Succeeded]  (1  seconds)  [48]  Foundation::Time  (../Builds/Release-U-64/Tests/Test48.exe)
   [Succeeded]  (1  seconds)  [49]  Foundation::Traversal  (../Builds/Release-U-64/Tests/Test49.exe)
   [Succeeded]  (41 seconds)  [50]  Foundation::PERFORMANCE  (../Builds/Release-U-64/Tests/Test50.exe)
done (in 85 minutes)


)))- Run-Tests raspberrypi remote...SKIPPED


)))- Skipping valgrind memcheck test because INCLUDE_VALGRIND_MEMCHECK_TESTS=0
)))- Skipping helgrind test because INCLUDE_VALGRIND_HELGRIND_TESTS=0
)))- Skipping helgrind SAMPLE_APPS_2_VALGRIND because INCLUDE_VALGRIND_HELGRIND_TESTS=0


)))- ScriptsLib/RunPerformanceRegressionTests ...done (in 11 minutes)


)))- Regression Tests Summary:
   ***   WARNING: 343 tests succeeded and expected 350
   343 items succeeded (expected 7 * 50)
   7 items failed (expected 0)
   2 items error (expected 0)
   56 items warned (expected 0)
   0 core dumps (expected 0)
)))- Finished at Sat, Mar  9, 2019  4:21:40 AM  (418 minutes)
